n_trainable_params: 226924, n_nontrainable_params: 1057200
training arguments:
>>> model_name: gcn
>>> dataset: laptop
>>> optimizer: <class 'torch.optim.adam.Adam'>
>>> initializer: <function xavier_uniform_ at 0x7f968190e430>
>>> learning_rate: 0.002
>>> l2reg: 0.0001
>>> num_epoch: 50
>>> batch_size: 16
>>> log_step: 5
>>> embed_dim: 300
>>> post_dim: 30
>>> pos_dim: 30
>>> hidden_dim: 50
>>> num_layers: 1
>>> polarities_dim: 3
>>> input_dropout: 0.7
>>> gcn_dropout: 0.1
>>> lower: True
>>> direct: False
>>> loop: True
>>> bidirect: True
>>> rnn_hidden: 50
>>> rnn_layers: 1
>>> rnn_dropout: 0.1
>>> attention_heads: 1
>>> max_length: 85
>>> multi_hop: False
>>> max_hop: 4
>>> device: cuda
>>> seed: 1000
>>> weight_decay: 0.0
>>> vocab_dir: ./dataset/Laptops_corenlp
>>> pad_id: 0
>>> parseadj: False
>>> parsehead: False
>>> cuda: 0
>>> fusion: True
>>> alpha: 0.3
>>> beta: 0.4
>>> gama: 1.6
>>> distance_matrix_debug: False
>>> parallel: False
>>> pretrained_bert_name: bert-base-uncased
>>> adam_epsilon: 1e-08
>>> bert_dim: 768
>>> bert_dropout: 0.3
>>> diff_lr: False
>>> bert_lr: 2e-05
>>> model_class: <class 'model.GCNClassifier'>
>>> dataset_file: {'train': './dataset/Laptops_corenlp/train.json', 'test': './dataset/Laptops_corenlp/test.json'}
>>> inputs_cols: ['text', 'aspect', 'pos', 'head', 'deprel', 'post', 'mask', 'length', 'adj_reshape']
>>> post_size: 168
>>> pos_size: 46
>>>>>>>>>>>>>>>>>>>>>>>>>>>>>>>>>>>>>>>>>>>>>>>>>>>>>>>>>>>>
epoch: 1
>> saved: ./log/state_dict/gcn_laptop_acc_0.2737_f1_0.1534
loss: 1.1865, acc: 0.3125, test_acc: 0.2737, f1: 0.1534
>> saved: ./log/state_dict/gcn_laptop_acc_0.3956_f1_0.2850
loss: 1.1439, acc: 0.2500, test_acc: 0.3956, f1: 0.2850
>> saved: ./log/state_dict/gcn_laptop_acc_0.5332_f1_0.2480
loss: 1.0808, acc: 0.2708, test_acc: 0.5332, f1: 0.2480
loss: 1.0634, acc: 0.3281, test_acc: 0.5332, f1: 0.2319
loss: 1.1708, acc: 0.3250, test_acc: 0.5332, f1: 0.2319
>> saved: ./log/state_dict/gcn_laptop_acc_0.5665_f1_0.3803
loss: 1.1773, acc: 0.3438, test_acc: 0.5665, f1: 0.3803
>> saved: ./log/state_dict/gcn_laptop_acc_0.5775_f1_0.4126
loss: 0.9749, acc: 0.3661, test_acc: 0.5775, f1: 0.4126
loss: 0.9451, acc: 0.3672, test_acc: 0.5759, f1: 0.4133
loss: 0.9650, acc: 0.3889, test_acc: 0.5237, f1: 0.4453
loss: 1.1353, acc: 0.4062, test_acc: 0.5649, f1: 0.4088
loss: 0.8328, acc: 0.4318, test_acc: 0.4589, f1: 0.3577
loss: 0.8007, acc: 0.4479, test_acc: 0.5158, f1: 0.3974
>> saved: ./log/state_dict/gcn_laptop_acc_0.5965_f1_0.4571
loss: 1.0315, acc: 0.4615, test_acc: 0.5965, f1: 0.4571
>> saved: ./log/state_dict/gcn_laptop_acc_0.5981_f1_0.4447
loss: 0.9213, acc: 0.4688, test_acc: 0.5981, f1: 0.4447
loss: 0.6968, acc: 0.4833, test_acc: 0.5934, f1: 0.4331
loss: 0.8919, acc: 0.4922, test_acc: 0.5854, f1: 0.4757
loss: 0.9599, acc: 0.4963, test_acc: 0.4889, f1: 0.3811
>> saved: ./log/state_dict/gcn_laptop_acc_0.6203_f1_0.4863
loss: 0.9096, acc: 0.5035, test_acc: 0.6203, f1: 0.4863
loss: 0.7594, acc: 0.5099, test_acc: 0.6013, f1: 0.4345
>> saved: ./log/state_dict/gcn_laptop_acc_0.6282_f1_0.4972
loss: 0.8433, acc: 0.5188, test_acc: 0.6282, f1: 0.4972
>> saved: ./log/state_dict/gcn_laptop_acc_0.6377_f1_0.5128
loss: 0.8257, acc: 0.5298, test_acc: 0.6377, f1: 0.5128
loss: 0.8664, acc: 0.5341, test_acc: 0.6345, f1: 0.4960
loss: 0.7838, acc: 0.5380, test_acc: 0.6203, f1: 0.5106
loss: 0.6757, acc: 0.5417, test_acc: 0.6139, f1: 0.5405
loss: 1.0599, acc: 0.5400, test_acc: 0.6377, f1: 0.5022
>> saved: ./log/state_dict/gcn_laptop_acc_0.6440_f1_0.5127
loss: 0.9962, acc: 0.5409, test_acc: 0.6440, f1: 0.5127
loss: 1.0099, acc: 0.5463, test_acc: 0.6092, f1: 0.5775
loss: 0.7330, acc: 0.5536, test_acc: 0.6187, f1: 0.5741
>>>>>>>>>>>>>>>>>>>>>>>>>>>>>>>>>>>>>>>>>>>>>>>>>>>>>>>>>>>>
epoch: 2
>> saved: ./log/state_dict/gcn_laptop_acc_0.6551_f1_0.5577
loss: 0.8434, acc: 0.6250, test_acc: 0.6551, f1: 0.5577
loss: 0.7815, acc: 0.6562, test_acc: 0.6408, f1: 0.5227
>> saved: ./log/state_dict/gcn_laptop_acc_0.6566_f1_0.5515
loss: 0.7639, acc: 0.7083, test_acc: 0.6566, f1: 0.5515
loss: 0.6566, acc: 0.7031, test_acc: 0.6361, f1: 0.5539
>> saved: ./log/state_dict/gcn_laptop_acc_0.6772_f1_0.6080
loss: 0.8501, acc: 0.6750, test_acc: 0.6772, f1: 0.6080
>> saved: ./log/state_dict/gcn_laptop_acc_0.6915_f1_0.6285
loss: 0.6801, acc: 0.6875, test_acc: 0.6915, f1: 0.6285
loss: 0.4475, acc: 0.7143, test_acc: 0.6646, f1: 0.6143
loss: 0.5284, acc: 0.7344, test_acc: 0.6661, f1: 0.6232
>> saved: ./log/state_dict/gcn_laptop_acc_0.6930_f1_0.6269
loss: 0.6962, acc: 0.7361, test_acc: 0.6930, f1: 0.6269
loss: 0.5120, acc: 0.7438, test_acc: 0.6915, f1: 0.6321
loss: 1.1991, acc: 0.7102, test_acc: 0.6535, f1: 0.6142
loss: 0.5124, acc: 0.7240, test_acc: 0.6820, f1: 0.6185
loss: 0.5372, acc: 0.7260, test_acc: 0.6598, f1: 0.5605
loss: 0.7297, acc: 0.7277, test_acc: 0.6661, f1: 0.5656
loss: 0.5200, acc: 0.7375, test_acc: 0.6867, f1: 0.6061
>> saved: ./log/state_dict/gcn_laptop_acc_0.6994_f1_0.6421
loss: 0.5732, acc: 0.7383, test_acc: 0.6994, f1: 0.6421
loss: 0.9411, acc: 0.7279, test_acc: 0.6883, f1: 0.6236
loss: 0.6051, acc: 0.7222, test_acc: 0.6994, f1: 0.6412
loss: 0.5220, acc: 0.7303, test_acc: 0.6788, f1: 0.5947
loss: 1.0829, acc: 0.7219, test_acc: 0.6804, f1: 0.5921
loss: 0.8760, acc: 0.7173, test_acc: 0.6788, f1: 0.5894
loss: 0.3763, acc: 0.7244, test_acc: 0.6820, f1: 0.5860
loss: 0.6797, acc: 0.7255, test_acc: 0.6835, f1: 0.5932
loss: 0.3713, acc: 0.7318, test_acc: 0.6946, f1: 0.6254
loss: 0.5477, acc: 0.7375, test_acc: 0.6978, f1: 0.6369
loss: 0.7532, acc: 0.7404, test_acc: 0.6946, f1: 0.6314
loss: 0.8799, acc: 0.7384, test_acc: 0.6994, f1: 0.6239
loss: 0.9765, acc: 0.7344, test_acc: 0.6598, f1: 0.5739
loss: 0.9853, acc: 0.7241, test_acc: 0.6772, f1: 0.5882
>>>>>>>>>>>>>>>>>>>>>>>>>>>>>>>>>>>>>>>>>>>>>>>>>>>>>>>>>>>>
epoch: 3
loss: 0.9345, acc: 0.5000, test_acc: 0.6899, f1: 0.6366
>> saved: ./log/state_dict/gcn_laptop_acc_0.7025_f1_0.6478
loss: 0.6481, acc: 0.6250, test_acc: 0.7025, f1: 0.6478
loss: 0.4803, acc: 0.7083, test_acc: 0.6962, f1: 0.6381
loss: 0.9587, acc: 0.6562, test_acc: 0.6994, f1: 0.6414
loss: 0.6938, acc: 0.6625, test_acc: 0.6851, f1: 0.6356
loss: 1.4817, acc: 0.6146, test_acc: 0.6994, f1: 0.6361
loss: 0.6914, acc: 0.6161, test_acc: 0.6867, f1: 0.6116
loss: 0.4690, acc: 0.6328, test_acc: 0.6883, f1: 0.6181
loss: 0.6434, acc: 0.6389, test_acc: 0.6978, f1: 0.6270
loss: 0.5140, acc: 0.6562, test_acc: 0.6930, f1: 0.6187
loss: 0.5739, acc: 0.6591, test_acc: 0.6978, f1: 0.6307
loss: 1.1419, acc: 0.6458, test_acc: 0.7025, f1: 0.6394
>> saved: ./log/state_dict/gcn_laptop_acc_0.7041_f1_0.6385
loss: 0.8496, acc: 0.6442, test_acc: 0.7041, f1: 0.6385
loss: 0.5750, acc: 0.6562, test_acc: 0.7009, f1: 0.6275
loss: 0.6842, acc: 0.6542, test_acc: 0.7025, f1: 0.6313
loss: 0.5561, acc: 0.6641, test_acc: 0.6994, f1: 0.6303
loss: 0.5596, acc: 0.6691, test_acc: 0.6266, f1: 0.5725
loss: 0.5574, acc: 0.6736, test_acc: 0.6946, f1: 0.6206
loss: 0.3864, acc: 0.6842, test_acc: 0.6804, f1: 0.5899
loss: 0.5622, acc: 0.6844, test_acc: 0.6994, f1: 0.6314
loss: 0.5814, acc: 0.6905, test_acc: 0.6978, f1: 0.6445
>> saved: ./log/state_dict/gcn_laptop_acc_0.7104_f1_0.6662
loss: 0.8897, acc: 0.6847, test_acc: 0.7104, f1: 0.6662
>> saved: ./log/state_dict/gcn_laptop_acc_0.7184_f1_0.6767
loss: 0.4084, acc: 0.6902, test_acc: 0.7184, f1: 0.6767
loss: 0.7731, acc: 0.6927, test_acc: 0.6994, f1: 0.6330
loss: 0.6244, acc: 0.6950, test_acc: 0.6915, f1: 0.6130
loss: 1.2335, acc: 0.6851, test_acc: 0.6946, f1: 0.6302
loss: 0.8613, acc: 0.6829, test_acc: 0.6835, f1: 0.6222
loss: 0.7807, acc: 0.6808, test_acc: 0.6978, f1: 0.6369
>>>>>>>>>>>>>>>>>>>>>>>>>>>>>>>>>>>>>>>>>>>>>>>>>>>>>>>>>>>>
epoch: 4
loss: 0.8686, acc: 0.5000, test_acc: 0.7009, f1: 0.6329
loss: 0.9307, acc: 0.5000, test_acc: 0.6946, f1: 0.6171
loss: 0.4667, acc: 0.6042, test_acc: 0.7073, f1: 0.6465
loss: 0.7416, acc: 0.6094, test_acc: 0.7168, f1: 0.6612
loss: 0.8768, acc: 0.6000, test_acc: 0.7009, f1: 0.6310
loss: 0.5118, acc: 0.6458, test_acc: 0.6994, f1: 0.6378
loss: 0.5874, acc: 0.6607, test_acc: 0.7120, f1: 0.6626
loss: 0.5772, acc: 0.6797, test_acc: 0.7120, f1: 0.6609
loss: 0.5780, acc: 0.6875, test_acc: 0.7184, f1: 0.6725
loss: 0.4203, acc: 0.7063, test_acc: 0.7120, f1: 0.6481
loss: 0.6278, acc: 0.7045, test_acc: 0.6962, f1: 0.6081
loss: 0.9351, acc: 0.6875, test_acc: 0.6962, f1: 0.6090
loss: 0.5090, acc: 0.7019, test_acc: 0.7041, f1: 0.6390
loss: 0.6987, acc: 0.7009, test_acc: 0.7089, f1: 0.6520
loss: 0.3118, acc: 0.7208, test_acc: 0.7104, f1: 0.6398
loss: 0.5342, acc: 0.7227, test_acc: 0.7057, f1: 0.6328
loss: 0.5058, acc: 0.7279, test_acc: 0.7041, f1: 0.6382
loss: 0.7697, acc: 0.7222, test_acc: 0.7009, f1: 0.6384
loss: 0.7609, acc: 0.7204, test_acc: 0.7089, f1: 0.6384
loss: 0.7540, acc: 0.7219, test_acc: 0.6899, f1: 0.6031
loss: 0.5867, acc: 0.7202, test_acc: 0.6804, f1: 0.6030
loss: 1.0490, acc: 0.7102, test_acc: 0.6820, f1: 0.6259
loss: 0.7511, acc: 0.7065, test_acc: 0.6883, f1: 0.6327
loss: 0.6216, acc: 0.7057, test_acc: 0.6962, f1: 0.6441
loss: 0.3578, acc: 0.7125, test_acc: 0.6978, f1: 0.6450
loss: 0.7952, acc: 0.7067, test_acc: 0.7025, f1: 0.6373
>> saved: ./log/state_dict/gcn_laptop_acc_0.7247_f1_0.6732
loss: 0.7759, acc: 0.7014, test_acc: 0.7247, f1: 0.6732
loss: 0.6764, acc: 0.7031, test_acc: 0.7089, f1: 0.6399
loss: 0.5317, acc: 0.7069, test_acc: 0.6978, f1: 0.6384
>>>>>>>>>>>>>>>>>>>>>>>>>>>>>>>>>>>>>>>>>>>>>>>>>>>>>>>>>>>>
epoch: 5
loss: 0.6122, acc: 0.6875, test_acc: 0.6772, f1: 0.6050
loss: 0.4689, acc: 0.7500, test_acc: 0.6883, f1: 0.6117
loss: 0.5524, acc: 0.7708, test_acc: 0.6867, f1: 0.6058
loss: 0.6779, acc: 0.7344, test_acc: 0.7041, f1: 0.6089
loss: 1.1355, acc: 0.6875, test_acc: 0.7009, f1: 0.6082
loss: 0.6992, acc: 0.6875, test_acc: 0.7104, f1: 0.6610
>> saved: ./log/state_dict/gcn_laptop_acc_0.7294_f1_0.6877
loss: 1.2291, acc: 0.6518, test_acc: 0.7294, f1: 0.6877
loss: 0.4879, acc: 0.6797, test_acc: 0.7089, f1: 0.6414
loss: 0.5219, acc: 0.6944, test_acc: 0.7025, f1: 0.6174
loss: 0.5471, acc: 0.7000, test_acc: 0.7263, f1: 0.6798
loss: 0.5406, acc: 0.7102, test_acc: 0.7231, f1: 0.6896
loss: 0.4508, acc: 0.7240, test_acc: 0.7152, f1: 0.6784
loss: 0.9230, acc: 0.7163, test_acc: 0.7089, f1: 0.6556
loss: 0.5222, acc: 0.7232, test_acc: 0.7278, f1: 0.6708
loss: 0.7526, acc: 0.7208, test_acc: 0.7294, f1: 0.6689
loss: 0.9577, acc: 0.7148, test_acc: 0.7089, f1: 0.6519
loss: 0.8949, acc: 0.7059, test_acc: 0.7184, f1: 0.6739
loss: 0.6070, acc: 0.7083, test_acc: 0.7294, f1: 0.6879
loss: 0.6316, acc: 0.7105, test_acc: 0.7184, f1: 0.6667
loss: 0.3803, acc: 0.7219, test_acc: 0.7104, f1: 0.6513
loss: 0.6325, acc: 0.7202, test_acc: 0.7120, f1: 0.6485
>> saved: ./log/state_dict/gcn_laptop_acc_0.7310_f1_0.6842
loss: 0.5496, acc: 0.7244, test_acc: 0.7310, f1: 0.6842
loss: 0.4216, acc: 0.7283, test_acc: 0.7215, f1: 0.6724
loss: 0.8777, acc: 0.7240, test_acc: 0.7215, f1: 0.6631
loss: 0.5011, acc: 0.7275, test_acc: 0.7184, f1: 0.6497
loss: 0.3819, acc: 0.7284, test_acc: 0.7247, f1: 0.6697
loss: 0.4761, acc: 0.7315, test_acc: 0.7263, f1: 0.6906
loss: 0.4276, acc: 0.7366, test_acc: 0.7073, f1: 0.6583
loss: 0.3601, acc: 0.7380, test_acc: 0.7104, f1: 0.6457
>>>>>>>>>>>>>>>>>>>>>>>>>>>>>>>>>>>>>>>>>>>>>>>>>>>>>>>>>>>>
epoch: 6
loss: 0.7591, acc: 0.5000, test_acc: 0.7136, f1: 0.6440
loss: 0.4177, acc: 0.6562, test_acc: 0.7168, f1: 0.6432
loss: 0.5389, acc: 0.7292, test_acc: 0.7025, f1: 0.6120
loss: 0.6030, acc: 0.7344, test_acc: 0.7152, f1: 0.6488
>> saved: ./log/state_dict/gcn_laptop_acc_0.7326_f1_0.6872
loss: 0.4789, acc: 0.7500, test_acc: 0.7326, f1: 0.6872
loss: 0.5892, acc: 0.7396, test_acc: 0.7294, f1: 0.6833
loss: 0.7422, acc: 0.7143, test_acc: 0.7168, f1: 0.6477
loss: 0.5162, acc: 0.7266, test_acc: 0.7247, f1: 0.6614
loss: 0.7514, acc: 0.7222, test_acc: 0.7215, f1: 0.6702
loss: 0.5515, acc: 0.7312, test_acc: 0.7278, f1: 0.6881
loss: 0.8498, acc: 0.7216, test_acc: 0.7247, f1: 0.6717
loss: 0.4854, acc: 0.7188, test_acc: 0.7294, f1: 0.6783
loss: 0.6752, acc: 0.7115, test_acc: 0.7326, f1: 0.6816
loss: 0.7137, acc: 0.7098, test_acc: 0.7215, f1: 0.6547
loss: 0.3917, acc: 0.7167, test_acc: 0.7136, f1: 0.6372
loss: 0.4896, acc: 0.7227, test_acc: 0.7136, f1: 0.6363
loss: 0.9230, acc: 0.7169, test_acc: 0.7215, f1: 0.6643
loss: 0.6624, acc: 0.7222, test_acc: 0.7152, f1: 0.6716
loss: 0.4776, acc: 0.7303, test_acc: 0.7184, f1: 0.6785
>> saved: ./log/state_dict/gcn_laptop_acc_0.7358_f1_0.6858
loss: 0.7200, acc: 0.7250, test_acc: 0.7358, f1: 0.6858
loss: 0.6826, acc: 0.7232, test_acc: 0.7152, f1: 0.6362
loss: 0.7716, acc: 0.7216, test_acc: 0.6978, f1: 0.6015
loss: 0.9052, acc: 0.7174, test_acc: 0.7057, f1: 0.6220
loss: 0.5054, acc: 0.7214, test_acc: 0.7152, f1: 0.6529
loss: 0.6531, acc: 0.7225, test_acc: 0.7215, f1: 0.6644
loss: 0.6946, acc: 0.7212, test_acc: 0.7263, f1: 0.6738
>> saved: ./log/state_dict/gcn_laptop_acc_0.7389_f1_0.6904
loss: 0.6715, acc: 0.7176, test_acc: 0.7389, f1: 0.6904
loss: 0.6070, acc: 0.7210, test_acc: 0.7342, f1: 0.6814
>>>>>>>>>>>>>>>>>>>>>>>>>>>>>>>>>>>>>>>>>>>>>>>>>>>>>>>>>>>>
epoch: 7
loss: 0.6325, acc: 0.8125, test_acc: 0.7215, f1: 0.6583
loss: 0.4538, acc: 0.8125, test_acc: 0.7263, f1: 0.6747
loss: 0.6132, acc: 0.7917, test_acc: 0.7231, f1: 0.6599
loss: 0.7171, acc: 0.7656, test_acc: 0.7215, f1: 0.6587
loss: 0.8601, acc: 0.7125, test_acc: 0.7373, f1: 0.6863
>> saved: ./log/state_dict/gcn_laptop_acc_0.7500_f1_0.7018
loss: 0.5522, acc: 0.7292, test_acc: 0.7500, f1: 0.7018
loss: 0.5439, acc: 0.7411, test_acc: 0.7278, f1: 0.6685
loss: 0.4173, acc: 0.7656, test_acc: 0.7247, f1: 0.6605
loss: 0.7065, acc: 0.7569, test_acc: 0.7342, f1: 0.6803
loss: 0.6815, acc: 0.7500, test_acc: 0.7389, f1: 0.6908
loss: 0.3813, acc: 0.7614, test_acc: 0.7484, f1: 0.7000
loss: 0.5832, acc: 0.7604, test_acc: 0.7468, f1: 0.7003
loss: 0.6404, acc: 0.7644, test_acc: 0.7373, f1: 0.6909
loss: 0.5326, acc: 0.7634, test_acc: 0.7231, f1: 0.6721
loss: 0.6997, acc: 0.7542, test_acc: 0.7199, f1: 0.6555
loss: 0.6377, acc: 0.7539, test_acc: 0.7215, f1: 0.6527
loss: 1.1818, acc: 0.7390, test_acc: 0.7231, f1: 0.6574
loss: 0.3777, acc: 0.7431, test_acc: 0.7294, f1: 0.6853
loss: 0.9032, acc: 0.7368, test_acc: 0.7389, f1: 0.7028
>> saved: ./log/state_dict/gcn_laptop_acc_0.7516_f1_0.7126
loss: 0.5484, acc: 0.7375, test_acc: 0.7516, f1: 0.7126
loss: 0.3326, acc: 0.7440, test_acc: 0.7468, f1: 0.7057
loss: 0.5815, acc: 0.7472, test_acc: 0.7310, f1: 0.6903
loss: 0.5652, acc: 0.7500, test_acc: 0.7342, f1: 0.6955
loss: 0.6456, acc: 0.7526, test_acc: 0.7342, f1: 0.6882
loss: 0.7091, acc: 0.7500, test_acc: 0.7373, f1: 0.6885
loss: 0.4584, acc: 0.7524, test_acc: 0.7500, f1: 0.7073
loss: 0.4369, acc: 0.7569, test_acc: 0.7484, f1: 0.7114
loss: 0.9490, acc: 0.7522, test_acc: 0.7373, f1: 0.7055
loss: 0.7132, acc: 0.7478, test_acc: 0.7294, f1: 0.6746
>>>>>>>>>>>>>>>>>>>>>>>>>>>>>>>>>>>>>>>>>>>>>>>>>>>>>>>>>>>>
epoch: 8
loss: 0.6241, acc: 0.7500, test_acc: 0.7231, f1: 0.6477
loss: 0.2848, acc: 0.8125, test_acc: 0.7184, f1: 0.6468
loss: 0.5498, acc: 0.7708, test_acc: 0.7484, f1: 0.7073
loss: 0.4102, acc: 0.7969, test_acc: 0.7358, f1: 0.7022
loss: 0.4885, acc: 0.8125, test_acc: 0.7278, f1: 0.6894
loss: 0.6283, acc: 0.8021, test_acc: 0.7199, f1: 0.6549
loss: 0.3942, acc: 0.8125, test_acc: 0.7231, f1: 0.6409
loss: 0.4824, acc: 0.8047, test_acc: 0.7215, f1: 0.6462
loss: 0.8164, acc: 0.7778, test_acc: 0.7215, f1: 0.6567
loss: 0.5613, acc: 0.7688, test_acc: 0.7389, f1: 0.6917
loss: 0.5123, acc: 0.7727, test_acc: 0.7421, f1: 0.6988
loss: 0.5888, acc: 0.7760, test_acc: 0.7453, f1: 0.6981
loss: 0.3178, acc: 0.7788, test_acc: 0.7310, f1: 0.6692
loss: 0.4171, acc: 0.7812, test_acc: 0.7231, f1: 0.6477
loss: 0.5688, acc: 0.7792, test_acc: 0.7326, f1: 0.6654
loss: 0.2836, acc: 0.7852, test_acc: 0.7231, f1: 0.6785
loss: 0.5854, acc: 0.7868, test_acc: 0.7421, f1: 0.7064
loss: 0.5643, acc: 0.7847, test_acc: 0.7453, f1: 0.7061
loss: 0.5091, acc: 0.7895, test_acc: 0.7389, f1: 0.6916
loss: 0.4639, acc: 0.7906, test_acc: 0.7421, f1: 0.6940
loss: 0.4522, acc: 0.7917, test_acc: 0.7326, f1: 0.6839
loss: 0.6407, acc: 0.7898, test_acc: 0.7310, f1: 0.6772
loss: 0.5919, acc: 0.7880, test_acc: 0.7405, f1: 0.6864
loss: 0.6558, acc: 0.7812, test_acc: 0.7453, f1: 0.6937
loss: 0.4429, acc: 0.7825, test_acc: 0.7421, f1: 0.6941
loss: 0.4621, acc: 0.7837, test_acc: 0.7326, f1: 0.6929
loss: 0.6341, acc: 0.7824, test_acc: 0.7468, f1: 0.7047
loss: 0.4756, acc: 0.7879, test_acc: 0.7405, f1: 0.6880
>>>>>>>>>>>>>>>>>>>>>>>>>>>>>>>>>>>>>>>>>>>>>>>>>>>>>>>>>>>>
epoch: 9
loss: 0.5492, acc: 0.6875, test_acc: 0.7453, f1: 0.6881
loss: 0.5284, acc: 0.7188, test_acc: 0.7358, f1: 0.6765
loss: 0.8043, acc: 0.7083, test_acc: 0.7326, f1: 0.6715
loss: 0.5458, acc: 0.7031, test_acc: 0.7453, f1: 0.6967
loss: 0.6867, acc: 0.6875, test_acc: 0.7516, f1: 0.7074
loss: 0.4889, acc: 0.7083, test_acc: 0.7484, f1: 0.7014
loss: 0.4499, acc: 0.7143, test_acc: 0.7373, f1: 0.6806
loss: 0.3153, acc: 0.7344, test_acc: 0.7437, f1: 0.6933
loss: 0.7206, acc: 0.7292, test_acc: 0.7405, f1: 0.6899
loss: 0.2559, acc: 0.7500, test_acc: 0.7453, f1: 0.7013
loss: 0.8637, acc: 0.7330, test_acc: 0.7310, f1: 0.6819
loss: 0.3446, acc: 0.7396, test_acc: 0.7263, f1: 0.6668
loss: 0.7571, acc: 0.7356, test_acc: 0.7215, f1: 0.6548
loss: 0.4593, acc: 0.7321, test_acc: 0.7278, f1: 0.6638
loss: 0.4987, acc: 0.7333, test_acc: 0.7278, f1: 0.6733
loss: 0.4391, acc: 0.7422, test_acc: 0.7358, f1: 0.6888
loss: 0.3062, acc: 0.7500, test_acc: 0.7468, f1: 0.7029
loss: 0.3830, acc: 0.7569, test_acc: 0.7468, f1: 0.6981
loss: 0.4444, acc: 0.7632, test_acc: 0.7484, f1: 0.7026
loss: 0.6634, acc: 0.7594, test_acc: 0.7389, f1: 0.6861
loss: 0.3529, acc: 0.7649, test_acc: 0.7294, f1: 0.6680
loss: 0.3282, acc: 0.7727, test_acc: 0.7342, f1: 0.6817
loss: 0.6576, acc: 0.7663, test_acc: 0.7437, f1: 0.6988
loss: 0.4886, acc: 0.7682, test_acc: 0.7373, f1: 0.6926
loss: 0.7825, acc: 0.7600, test_acc: 0.7453, f1: 0.7015
loss: 0.5970, acc: 0.7572, test_acc: 0.7453, f1: 0.6973
loss: 0.6844, acc: 0.7523, test_acc: 0.7500, f1: 0.7047
>> saved: ./log/state_dict/gcn_laptop_acc_0.7532_f1_0.7140
loss: 0.4697, acc: 0.7545, test_acc: 0.7532, f1: 0.7140
loss: 0.5202, acc: 0.7543, test_acc: 0.7453, f1: 0.7021
>>>>>>>>>>>>>>>>>>>>>>>>>>>>>>>>>>>>>>>>>>>>>>>>>>>>>>>>>>>>
epoch: 10
loss: 0.7213, acc: 0.7500, test_acc: 0.7453, f1: 0.7023
loss: 0.3872, acc: 0.8125, test_acc: 0.7500, f1: 0.7010
loss: 0.4808, acc: 0.8333, test_acc: 0.7484, f1: 0.6990
loss: 0.6204, acc: 0.8125, test_acc: 0.7405, f1: 0.7001
loss: 0.4282, acc: 0.8125, test_acc: 0.7358, f1: 0.6883
loss: 0.8276, acc: 0.7812, test_acc: 0.7500, f1: 0.7012
loss: 0.3686, acc: 0.7857, test_acc: 0.7263, f1: 0.6615
loss: 0.7357, acc: 0.7656, test_acc: 0.7199, f1: 0.6541
loss: 0.4198, acc: 0.7708, test_acc: 0.7405, f1: 0.6889
loss: 0.7747, acc: 0.7562, test_acc: 0.7310, f1: 0.6752
loss: 0.6871, acc: 0.7614, test_acc: 0.7500, f1: 0.7029
loss: 0.5495, acc: 0.7656, test_acc: 0.7421, f1: 0.6976
loss: 0.4700, acc: 0.7692, test_acc: 0.7373, f1: 0.6920
loss: 0.5584, acc: 0.7723, test_acc: 0.7294, f1: 0.6774
loss: 0.4002, acc: 0.7708, test_acc: 0.7389, f1: 0.6881
loss: 0.4424, acc: 0.7734, test_acc: 0.7310, f1: 0.6756
loss: 0.6437, acc: 0.7684, test_acc: 0.7437, f1: 0.6950
loss: 0.4094, acc: 0.7708, test_acc: 0.7389, f1: 0.6927
loss: 0.4705, acc: 0.7763, test_acc: 0.7373, f1: 0.6877
loss: 0.4864, acc: 0.7781, test_acc: 0.7342, f1: 0.6737
loss: 0.4778, acc: 0.7827, test_acc: 0.7326, f1: 0.6742
loss: 0.5461, acc: 0.7784, test_acc: 0.7373, f1: 0.6831
loss: 0.7079, acc: 0.7717, test_acc: 0.7516, f1: 0.7078
loss: 0.3979, acc: 0.7760, test_acc: 0.7500, f1: 0.7065
loss: 0.3038, acc: 0.7825, test_acc: 0.7389, f1: 0.6842
loss: 0.6694, acc: 0.7764, test_acc: 0.7453, f1: 0.6895
loss: 0.5488, acc: 0.7755, test_acc: 0.7373, f1: 0.6881
loss: 0.6063, acc: 0.7723, test_acc: 0.7389, f1: 0.6816
loss: 1.1245, acc: 0.7707, test_acc: 0.7468, f1: 0.6900
>>>>>>>>>>>>>>>>>>>>>>>>>>>>>>>>>>>>>>>>>>>>>>>>>>>>>>>>>>>>
epoch: 11
loss: 0.1850, acc: 1.0000, test_acc: 0.7453, f1: 0.7052
>> saved: ./log/state_dict/gcn_laptop_acc_0.7595_f1_0.7240
loss: 0.2628, acc: 1.0000, test_acc: 0.7595, f1: 0.7240
loss: 0.3723, acc: 0.9375, test_acc: 0.7484, f1: 0.7010
loss: 0.5395, acc: 0.9062, test_acc: 0.7310, f1: 0.6696
loss: 0.6823, acc: 0.8625, test_acc: 0.7326, f1: 0.6725
loss: 0.3490, acc: 0.8646, test_acc: 0.7453, f1: 0.6977
loss: 0.3262, acc: 0.8661, test_acc: 0.7373, f1: 0.6973
loss: 0.6348, acc: 0.8516, test_acc: 0.7500, f1: 0.7130
loss: 1.1640, acc: 0.8194, test_acc: 0.7563, f1: 0.7190
loss: 0.4045, acc: 0.8187, test_acc: 0.7532, f1: 0.7130
loss: 0.4399, acc: 0.8239, test_acc: 0.7484, f1: 0.7085
loss: 0.2810, acc: 0.8333, test_acc: 0.7437, f1: 0.6976
loss: 0.3748, acc: 0.8365, test_acc: 0.7358, f1: 0.6834
loss: 0.3974, acc: 0.8304, test_acc: 0.7437, f1: 0.6977
loss: 0.5540, acc: 0.8250, test_acc: 0.7484, f1: 0.7055
>> saved: ./log/state_dict/gcn_laptop_acc_0.7706_f1_0.7343
loss: 0.5590, acc: 0.8164, test_acc: 0.7706, f1: 0.7343
loss: 0.3959, acc: 0.8162, test_acc: 0.7690, f1: 0.7301
loss: 0.8142, acc: 0.8090, test_acc: 0.7563, f1: 0.7141
loss: 0.5605, acc: 0.7993, test_acc: 0.7595, f1: 0.7202
loss: 0.6858, acc: 0.7937, test_acc: 0.7611, f1: 0.7227
loss: 0.4699, acc: 0.7946, test_acc: 0.7437, f1: 0.6954
loss: 0.3983, acc: 0.7983, test_acc: 0.7373, f1: 0.6814
loss: 0.7315, acc: 0.7962, test_acc: 0.7405, f1: 0.6912
loss: 0.3854, acc: 0.7969, test_acc: 0.7484, f1: 0.7033
loss: 0.6346, acc: 0.7950, test_acc: 0.7500, f1: 0.7039
loss: 0.3040, acc: 0.8005, test_acc: 0.7516, f1: 0.7025
loss: 0.3977, acc: 0.8009, test_acc: 0.7215, f1: 0.6611
loss: 0.6749, acc: 0.7946, test_acc: 0.7373, f1: 0.6890
>>>>>>>>>>>>>>>>>>>>>>>>>>>>>>>>>>>>>>>>>>>>>>>>>>>>>>>>>>>>
epoch: 12
loss: 0.3531, acc: 0.8750, test_acc: 0.7373, f1: 0.6871
loss: 0.4729, acc: 0.8438, test_acc: 0.7453, f1: 0.6929
loss: 0.6893, acc: 0.7500, test_acc: 0.7294, f1: 0.6668
loss: 0.2752, acc: 0.7969, test_acc: 0.7247, f1: 0.6663
loss: 0.4901, acc: 0.8125, test_acc: 0.7342, f1: 0.6835
loss: 0.5214, acc: 0.8021, test_acc: 0.7231, f1: 0.6693
loss: 0.5531, acc: 0.7946, test_acc: 0.7278, f1: 0.6728
loss: 0.7308, acc: 0.7891, test_acc: 0.7405, f1: 0.6919
loss: 0.5088, acc: 0.7847, test_acc: 0.7373, f1: 0.6964
loss: 0.4918, acc: 0.7937, test_acc: 0.7215, f1: 0.6817
loss: 0.4869, acc: 0.7955, test_acc: 0.7421, f1: 0.6976
loss: 0.4398, acc: 0.7917, test_acc: 0.7373, f1: 0.6863
loss: 0.4507, acc: 0.7981, test_acc: 0.7263, f1: 0.6632
loss: 0.5778, acc: 0.7991, test_acc: 0.7231, f1: 0.6551
loss: 0.3281, acc: 0.8083, test_acc: 0.7405, f1: 0.6853
loss: 0.3628, acc: 0.8164, test_acc: 0.7405, f1: 0.6947
loss: 0.3977, acc: 0.8162, test_acc: 0.7405, f1: 0.6956
loss: 0.5789, acc: 0.8160, test_acc: 0.7516, f1: 0.7094
loss: 0.5750, acc: 0.8092, test_acc: 0.7563, f1: 0.7124
loss: 0.5354, acc: 0.8063, test_acc: 0.7547, f1: 0.7149
loss: 0.6921, acc: 0.8006, test_acc: 0.7500, f1: 0.7084
loss: 0.4139, acc: 0.8040, test_acc: 0.7516, f1: 0.7088
loss: 0.6332, acc: 0.8043, test_acc: 0.7658, f1: 0.7279
loss: 0.1769, acc: 0.8099, test_acc: 0.7547, f1: 0.7092
loss: 0.5442, acc: 0.8075, test_acc: 0.7421, f1: 0.6958
loss: 0.7889, acc: 0.7981, test_acc: 0.7453, f1: 0.7062
loss: 0.4906, acc: 0.7986, test_acc: 0.7294, f1: 0.6919
loss: 0.7065, acc: 0.7902, test_acc: 0.7468, f1: 0.7099
loss: 0.4184, acc: 0.7931, test_acc: 0.7500, f1: 0.7076
>>>>>>>>>>>>>>>>>>>>>>>>>>>>>>>>>>>>>>>>>>>>>>>>>>>>>>>>>>>>
epoch: 13
loss: 0.6175, acc: 0.6875, test_acc: 0.7373, f1: 0.6855
loss: 0.4714, acc: 0.7500, test_acc: 0.7437, f1: 0.6961
loss: 0.5007, acc: 0.7708, test_acc: 0.7500, f1: 0.7081
loss: 0.6457, acc: 0.7344, test_acc: 0.7453, f1: 0.7000
loss: 0.3313, acc: 0.7500, test_acc: 0.7437, f1: 0.6903
loss: 0.5034, acc: 0.7500, test_acc: 0.7453, f1: 0.6914
loss: 0.6629, acc: 0.7500, test_acc: 0.7547, f1: 0.7150
loss: 0.6469, acc: 0.7344, test_acc: 0.7516, f1: 0.7162
loss: 0.5042, acc: 0.7292, test_acc: 0.7595, f1: 0.7266
loss: 0.4425, acc: 0.7375, test_acc: 0.7563, f1: 0.7150
loss: 0.3502, acc: 0.7557, test_acc: 0.7373, f1: 0.6891
loss: 0.2037, acc: 0.7708, test_acc: 0.7453, f1: 0.7021
loss: 0.8489, acc: 0.7596, test_acc: 0.7468, f1: 0.7048
loss: 0.3381, acc: 0.7634, test_acc: 0.7358, f1: 0.6855
loss: 0.4116, acc: 0.7625, test_acc: 0.7294, f1: 0.6749
loss: 0.4072, acc: 0.7695, test_acc: 0.7421, f1: 0.6979
loss: 0.5126, acc: 0.7721, test_acc: 0.7453, f1: 0.7036
loss: 0.4443, acc: 0.7743, test_acc: 0.7484, f1: 0.7053
loss: 0.2005, acc: 0.7796, test_acc: 0.7358, f1: 0.6849
loss: 0.5822, acc: 0.7781, test_acc: 0.7278, f1: 0.6683
loss: 0.4970, acc: 0.7798, test_acc: 0.7405, f1: 0.6918
loss: 0.4867, acc: 0.7784, test_acc: 0.7500, f1: 0.6971
loss: 0.4267, acc: 0.7799, test_acc: 0.7405, f1: 0.6946
loss: 0.2765, acc: 0.7839, test_acc: 0.7516, f1: 0.7185
loss: 0.6116, acc: 0.7825, test_acc: 0.7516, f1: 0.7185
loss: 0.3056, acc: 0.7861, test_acc: 0.7627, f1: 0.7246
loss: 0.4174, acc: 0.7870, test_acc: 0.7358, f1: 0.6966
loss: 0.3875, acc: 0.7902, test_acc: 0.7389, f1: 0.6946
>>>>>>>>>>>>>>>>>>>>>>>>>>>>>>>>>>>>>>>>>>>>>>>>>>>>>>>>>>>>
epoch: 14
loss: 0.5955, acc: 0.6875, test_acc: 0.7421, f1: 0.6976
loss: 0.3552, acc: 0.6875, test_acc: 0.7468, f1: 0.7035
loss: 0.5926, acc: 0.7083, test_acc: 0.7547, f1: 0.7203
loss: 0.3984, acc: 0.7656, test_acc: 0.7373, f1: 0.7044
loss: 0.3586, acc: 0.7875, test_acc: 0.7326, f1: 0.6968
loss: 0.6277, acc: 0.8021, test_acc: 0.7389, f1: 0.6875
loss: 0.2920, acc: 0.8214, test_acc: 0.7215, f1: 0.6544
loss: 0.4336, acc: 0.8203, test_acc: 0.7421, f1: 0.6956
loss: 0.2492, acc: 0.8333, test_acc: 0.7326, f1: 0.6989
loss: 0.1671, acc: 0.8500, test_acc: 0.7120, f1: 0.6848
loss: 0.5911, acc: 0.8523, test_acc: 0.7373, f1: 0.6888
loss: 0.5185, acc: 0.8542, test_acc: 0.7326, f1: 0.6773
loss: 0.5183, acc: 0.8558, test_acc: 0.7294, f1: 0.6841
loss: 0.3098, acc: 0.8571, test_acc: 0.7389, f1: 0.6951
loss: 0.7852, acc: 0.8542, test_acc: 0.7389, f1: 0.6939
loss: 0.7081, acc: 0.8477, test_acc: 0.7358, f1: 0.6801
loss: 0.3215, acc: 0.8493, test_acc: 0.7263, f1: 0.6560
loss: 0.4473, acc: 0.8403, test_acc: 0.7278, f1: 0.6751
loss: 0.8424, acc: 0.8289, test_acc: 0.7326, f1: 0.6953
loss: 0.3246, acc: 0.8313, test_acc: 0.7437, f1: 0.7028
loss: 0.4660, acc: 0.8304, test_acc: 0.7358, f1: 0.6853
loss: 0.7703, acc: 0.8239, test_acc: 0.7278, f1: 0.6606
loss: 0.4811, acc: 0.8207, test_acc: 0.7342, f1: 0.6776
loss: 0.4047, acc: 0.8203, test_acc: 0.7453, f1: 0.7016
loss: 0.3821, acc: 0.8225, test_acc: 0.7532, f1: 0.7131
loss: 0.3154, acc: 0.8245, test_acc: 0.7579, f1: 0.7159
loss: 0.4670, acc: 0.8287, test_acc: 0.7579, f1: 0.7150
loss: 0.5304, acc: 0.8237, test_acc: 0.7579, f1: 0.7132
loss: 0.8300, acc: 0.8190, test_acc: 0.7437, f1: 0.6842
>>>>>>>>>>>>>>>>>>>>>>>>>>>>>>>>>>>>>>>>>>>>>>>>>>>>>>>>>>>>
epoch: 15
loss: 0.5592, acc: 0.7500, test_acc: 0.7484, f1: 0.6968
loss: 0.4995, acc: 0.7500, test_acc: 0.7468, f1: 0.7005
loss: 0.6864, acc: 0.7500, test_acc: 0.7547, f1: 0.7109
loss: 0.2655, acc: 0.7656, test_acc: 0.7595, f1: 0.7164
loss: 0.4553, acc: 0.7875, test_acc: 0.7627, f1: 0.7216
loss: 0.6797, acc: 0.7812, test_acc: 0.7500, f1: 0.7081
loss: 0.4278, acc: 0.7768, test_acc: 0.7468, f1: 0.7040
loss: 0.3355, acc: 0.7969, test_acc: 0.7547, f1: 0.7121
loss: 0.2080, acc: 0.8125, test_acc: 0.7516, f1: 0.7095
loss: 0.6407, acc: 0.8000, test_acc: 0.7500, f1: 0.6980
loss: 0.7512, acc: 0.7898, test_acc: 0.7389, f1: 0.6798
loss: 0.5505, acc: 0.7917, test_acc: 0.7579, f1: 0.7136
loss: 0.6029, acc: 0.7933, test_acc: 0.7642, f1: 0.7290
loss: 0.3337, acc: 0.7991, test_acc: 0.7658, f1: 0.7285
loss: 0.6271, acc: 0.8000, test_acc: 0.7595, f1: 0.7210
loss: 0.4232, acc: 0.8047, test_acc: 0.7421, f1: 0.6947
loss: 0.6500, acc: 0.8051, test_acc: 0.7405, f1: 0.6840
loss: 0.2294, acc: 0.8090, test_acc: 0.7373, f1: 0.6844
loss: 0.2253, acc: 0.8158, test_acc: 0.7437, f1: 0.6999
loss: 0.1625, acc: 0.8250, test_acc: 0.7278, f1: 0.6878
loss: 0.2418, acc: 0.8244, test_acc: 0.7231, f1: 0.6936
loss: 0.4927, acc: 0.8210, test_acc: 0.7611, f1: 0.7223
loss: 0.4115, acc: 0.8207, test_acc: 0.7532, f1: 0.7072
loss: 0.6525, acc: 0.8151, test_acc: 0.7500, f1: 0.6984
loss: 0.5819, acc: 0.8125, test_acc: 0.7516, f1: 0.7063
loss: 0.4133, acc: 0.8149, test_acc: 0.7563, f1: 0.7146
loss: 0.4902, acc: 0.8148, test_acc: 0.7516, f1: 0.7030
loss: 0.4133, acc: 0.8147, test_acc: 0.7437, f1: 0.6909
loss: 0.7379, acc: 0.8079, test_acc: 0.7468, f1: 0.7011
>>>>>>>>>>>>>>>>>>>>>>>>>>>>>>>>>>>>>>>>>>>>>>>>>>>>>>>>>>>>
epoch: 16
loss: 0.4941, acc: 0.7500, test_acc: 0.7421, f1: 0.6965
loss: 0.4325, acc: 0.8125, test_acc: 0.7389, f1: 0.6889
loss: 0.5036, acc: 0.7917, test_acc: 0.7405, f1: 0.6908
loss: 0.5796, acc: 0.7500, test_acc: 0.7468, f1: 0.7036
loss: 0.7335, acc: 0.7125, test_acc: 0.7547, f1: 0.7165
loss: 0.4095, acc: 0.7396, test_acc: 0.7579, f1: 0.7153
loss: 0.8219, acc: 0.7321, test_acc: 0.7389, f1: 0.6785
loss: 0.8693, acc: 0.7266, test_acc: 0.7310, f1: 0.6604
loss: 0.5812, acc: 0.7222, test_acc: 0.7389, f1: 0.6762
loss: 0.7983, acc: 0.7125, test_acc: 0.7453, f1: 0.6958
loss: 0.4574, acc: 0.7273, test_acc: 0.7484, f1: 0.7169
loss: 0.9408, acc: 0.7188, test_acc: 0.7294, f1: 0.7055
loss: 0.3167, acc: 0.7308, test_acc: 0.7468, f1: 0.7121
loss: 0.4555, acc: 0.7321, test_acc: 0.7437, f1: 0.6963
loss: 0.4937, acc: 0.7375, test_acc: 0.7468, f1: 0.6954
loss: 0.3164, acc: 0.7461, test_acc: 0.7453, f1: 0.6960
loss: 0.3227, acc: 0.7537, test_acc: 0.7516, f1: 0.7051
loss: 0.4506, acc: 0.7535, test_acc: 0.7453, f1: 0.6986
loss: 0.3483, acc: 0.7599, test_acc: 0.7437, f1: 0.6948
loss: 0.3915, acc: 0.7656, test_acc: 0.7405, f1: 0.6896
loss: 0.6096, acc: 0.7619, test_acc: 0.7579, f1: 0.7220
loss: 0.4588, acc: 0.7670, test_acc: 0.7579, f1: 0.7273
loss: 0.4283, acc: 0.7690, test_acc: 0.7516, f1: 0.7122
loss: 0.2948, acc: 0.7760, test_acc: 0.7421, f1: 0.6925
loss: 0.4273, acc: 0.7750, test_acc: 0.7405, f1: 0.6875
loss: 0.5125, acc: 0.7764, test_acc: 0.7310, f1: 0.6743
loss: 0.5755, acc: 0.7755, test_acc: 0.7358, f1: 0.6838
loss: 0.4388, acc: 0.7746, test_acc: 0.7500, f1: 0.7119
>>>>>>>>>>>>>>>>>>>>>>>>>>>>>>>>>>>>>>>>>>>>>>>>>>>>>>>>>>>>
epoch: 17
loss: 0.4102, acc: 0.8125, test_acc: 0.7484, f1: 0.7158
loss: 0.3881, acc: 0.7812, test_acc: 0.7484, f1: 0.7147
loss: 0.2286, acc: 0.8542, test_acc: 0.7358, f1: 0.6878
loss: 0.4418, acc: 0.8281, test_acc: 0.7263, f1: 0.6607
loss: 1.2277, acc: 0.7625, test_acc: 0.7373, f1: 0.6714
loss: 0.5301, acc: 0.7604, test_acc: 0.7278, f1: 0.6595
loss: 0.3701, acc: 0.7768, test_acc: 0.7373, f1: 0.6823
loss: 0.5533, acc: 0.7891, test_acc: 0.7389, f1: 0.6979
loss: 0.3635, acc: 0.7917, test_acc: 0.7516, f1: 0.7191
loss: 0.8681, acc: 0.7750, test_acc: 0.7373, f1: 0.6996
loss: 0.4751, acc: 0.7784, test_acc: 0.7342, f1: 0.6899
loss: 0.4547, acc: 0.7708, test_acc: 0.7468, f1: 0.6955
loss: 0.4043, acc: 0.7837, test_acc: 0.7421, f1: 0.6888
loss: 0.2161, acc: 0.7902, test_acc: 0.7358, f1: 0.6864
loss: 0.4191, acc: 0.7958, test_acc: 0.7184, f1: 0.6668
loss: 0.3464, acc: 0.7969, test_acc: 0.7168, f1: 0.6641
loss: 0.6475, acc: 0.7978, test_acc: 0.7326, f1: 0.6782
loss: 0.5111, acc: 0.8021, test_acc: 0.7358, f1: 0.6882
loss: 0.3664, acc: 0.8026, test_acc: 0.7437, f1: 0.7022
loss: 0.7262, acc: 0.7937, test_acc: 0.7247, f1: 0.6705
loss: 0.5157, acc: 0.7917, test_acc: 0.7310, f1: 0.6801
loss: 0.7318, acc: 0.7869, test_acc: 0.7104, f1: 0.6733
loss: 0.3467, acc: 0.7908, test_acc: 0.7263, f1: 0.6921
loss: 0.7224, acc: 0.7865, test_acc: 0.7310, f1: 0.6979
loss: 0.4276, acc: 0.7900, test_acc: 0.7706, f1: 0.7375
loss: 0.2966, acc: 0.7933, test_acc: 0.7674, f1: 0.7317
loss: 0.3606, acc: 0.7963, test_acc: 0.7642, f1: 0.7258
loss: 0.5433, acc: 0.7946, test_acc: 0.7342, f1: 0.6800
loss: 0.4358, acc: 0.7953, test_acc: 0.7358, f1: 0.6836
>>>>>>>>>>>>>>>>>>>>>>>>>>>>>>>>>>>>>>>>>>>>>>>>>>>>>>>>>>>>
epoch: 18
loss: 0.1416, acc: 1.0000, test_acc: 0.7563, f1: 0.7170
loss: 0.2683, acc: 0.9375, test_acc: 0.7563, f1: 0.7222
loss: 0.2102, acc: 0.9167, test_acc: 0.7690, f1: 0.7358
loss: 0.3020, acc: 0.9219, test_acc: 0.7690, f1: 0.7384
loss: 0.5263, acc: 0.9000, test_acc: 0.7500, f1: 0.7083
loss: 0.8080, acc: 0.8438, test_acc: 0.7389, f1: 0.6954
loss: 0.3125, acc: 0.8482, test_acc: 0.7484, f1: 0.7078
loss: 0.4057, acc: 0.8516, test_acc: 0.7642, f1: 0.7242
loss: 0.3314, acc: 0.8542, test_acc: 0.7595, f1: 0.7146
loss: 0.5969, acc: 0.8375, test_acc: 0.7484, f1: 0.6972
loss: 0.3547, acc: 0.8409, test_acc: 0.7595, f1: 0.7179
loss: 0.9175, acc: 0.8281, test_acc: 0.7658, f1: 0.7308
loss: 0.3145, acc: 0.8269, test_acc: 0.7437, f1: 0.7082
loss: 0.4828, acc: 0.8214, test_acc: 0.7389, f1: 0.6971
loss: 0.4588, acc: 0.8167, test_acc: 0.7627, f1: 0.7298
loss: 0.5934, acc: 0.8203, test_acc: 0.7532, f1: 0.7209
loss: 0.5501, acc: 0.8162, test_acc: 0.7547, f1: 0.7130
loss: 0.6834, acc: 0.8090, test_acc: 0.7310, f1: 0.6705
loss: 0.5714, acc: 0.8026, test_acc: 0.7326, f1: 0.6666
loss: 0.3444, acc: 0.8031, test_acc: 0.7532, f1: 0.7011
loss: 0.6874, acc: 0.8006, test_acc: 0.7595, f1: 0.7185
loss: 0.2689, acc: 0.8040, test_acc: 0.7595, f1: 0.7264
loss: 0.1664, acc: 0.8098, test_acc: 0.7611, f1: 0.7280
loss: 0.7879, acc: 0.8021, test_acc: 0.7405, f1: 0.6978
loss: 0.3990, acc: 0.8050, test_acc: 0.7358, f1: 0.6829
loss: 0.1695, acc: 0.8101, test_acc: 0.7405, f1: 0.6842
loss: 0.7100, acc: 0.8079, test_acc: 0.7373, f1: 0.6901
loss: 0.5389, acc: 0.8080, test_acc: 0.7500, f1: 0.7131
>>>>>>>>>>>>>>>>>>>>>>>>>>>>>>>>>>>>>>>>>>>>>>>>>>>>>>>>>>>>
epoch: 19
loss: 0.8461, acc: 0.6875, test_acc: 0.7437, f1: 0.7118
loss: 0.1495, acc: 0.8125, test_acc: 0.7326, f1: 0.7067
loss: 0.5696, acc: 0.7708, test_acc: 0.7532, f1: 0.7180
loss: 0.3717, acc: 0.7812, test_acc: 0.7595, f1: 0.7193
loss: 0.3260, acc: 0.8125, test_acc: 0.7611, f1: 0.7225
loss: 0.4526, acc: 0.8021, test_acc: 0.7547, f1: 0.7151
loss: 0.4525, acc: 0.7946, test_acc: 0.7532, f1: 0.7153
loss: 0.2216, acc: 0.8125, test_acc: 0.7532, f1: 0.7194
loss: 0.6432, acc: 0.7986, test_acc: 0.7642, f1: 0.7252
loss: 0.4950, acc: 0.7937, test_acc: 0.7563, f1: 0.7121
loss: 0.5127, acc: 0.7898, test_acc: 0.7405, f1: 0.6837
loss: 0.4328, acc: 0.7969, test_acc: 0.7468, f1: 0.6976
loss: 0.7139, acc: 0.7981, test_acc: 0.7563, f1: 0.7144
loss: 0.2722, acc: 0.8080, test_acc: 0.7547, f1: 0.7123
loss: 0.5248, acc: 0.8083, test_acc: 0.7389, f1: 0.6950
loss: 0.2315, acc: 0.8125, test_acc: 0.7453, f1: 0.7019
loss: 0.3468, acc: 0.8125, test_acc: 0.7405, f1: 0.6895
loss: 0.2021, acc: 0.8194, test_acc: 0.7358, f1: 0.6778
loss: 0.4195, acc: 0.8191, test_acc: 0.7389, f1: 0.6839
loss: 0.4653, acc: 0.8187, test_acc: 0.7294, f1: 0.6823
loss: 0.6251, acc: 0.8125, test_acc: 0.7294, f1: 0.6912
loss: 0.2211, acc: 0.8153, test_acc: 0.7358, f1: 0.6901
loss: 0.1953, acc: 0.8207, test_acc: 0.7326, f1: 0.6798
loss: 0.2772, acc: 0.8229, test_acc: 0.7405, f1: 0.6891
loss: 0.4219, acc: 0.8225, test_acc: 0.7500, f1: 0.7060
loss: 0.3879, acc: 0.8221, test_acc: 0.7453, f1: 0.7039
loss: 0.6932, acc: 0.8194, test_acc: 0.7579, f1: 0.7176
loss: 0.3780, acc: 0.8192, test_acc: 0.7674, f1: 0.7340
loss: 0.4331, acc: 0.8190, test_acc: 0.7690, f1: 0.7367
>>>>>>>>>>>>>>>>>>>>>>>>>>>>>>>>>>>>>>>>>>>>>>>>>>>>>>>>>>>>
epoch: 20
loss: 0.6168, acc: 0.6250, test_acc: 0.7373, f1: 0.6976
loss: 0.8957, acc: 0.6250, test_acc: 0.7104, f1: 0.6577
loss: 0.3768, acc: 0.7083, test_acc: 0.7278, f1: 0.6800
loss: 0.8677, acc: 0.7031, test_acc: 0.7405, f1: 0.7015
loss: 0.6359, acc: 0.6875, test_acc: 0.7437, f1: 0.7034
loss: 0.2910, acc: 0.7083, test_acc: 0.7342, f1: 0.6932
loss: 0.6462, acc: 0.7232, test_acc: 0.7263, f1: 0.6781
loss: 0.3744, acc: 0.7344, test_acc: 0.7231, f1: 0.6639
loss: 0.8972, acc: 0.7361, test_acc: 0.7247, f1: 0.6633
loss: 0.4496, acc: 0.7562, test_acc: 0.7389, f1: 0.6901
loss: 0.2551, acc: 0.7727, test_acc: 0.7421, f1: 0.6985
loss: 0.5293, acc: 0.7708, test_acc: 0.7342, f1: 0.6976
loss: 0.4792, acc: 0.7692, test_acc: 0.7373, f1: 0.6943
loss: 0.3851, acc: 0.7723, test_acc: 0.7389, f1: 0.6893
loss: 0.4278, acc: 0.7667, test_acc: 0.7263, f1: 0.6705
loss: 0.5893, acc: 0.7656, test_acc: 0.7358, f1: 0.6862
loss: 0.0802, acc: 0.7794, test_acc: 0.7532, f1: 0.7165
loss: 0.3040, acc: 0.7882, test_acc: 0.7706, f1: 0.7380
loss: 0.3752, acc: 0.7895, test_acc: 0.7579, f1: 0.7207
loss: 0.5679, acc: 0.7875, test_acc: 0.7405, f1: 0.6976
loss: 0.6023, acc: 0.7827, test_acc: 0.7484, f1: 0.7085
loss: 0.1638, acc: 0.7898, test_acc: 0.7500, f1: 0.7094
loss: 0.3983, acc: 0.7908, test_acc: 0.7532, f1: 0.7108
loss: 0.3967, acc: 0.7917, test_acc: 0.7437, f1: 0.6990
loss: 0.1034, acc: 0.8000, test_acc: 0.7421, f1: 0.6993
loss: 0.2931, acc: 0.8053, test_acc: 0.7484, f1: 0.7059
loss: 0.1925, acc: 0.8079, test_acc: 0.7532, f1: 0.7114
loss: 0.2402, acc: 0.8080, test_acc: 0.7547, f1: 0.7125
loss: 0.3679, acc: 0.8100, test_acc: 0.7532, f1: 0.7148
>>>>>>>>>>>>>>>>>>>>>>>>>>>>>>>>>>>>>>>>>>>>>>>>>>>>>>>>>>>>
epoch: 21
loss: 0.2747, acc: 0.9375, test_acc: 0.7437, f1: 0.7083
loss: 0.4254, acc: 0.8438, test_acc: 0.7342, f1: 0.6980
loss: 0.1791, acc: 0.8750, test_acc: 0.7563, f1: 0.7166
loss: 0.2938, acc: 0.8594, test_acc: 0.7532, f1: 0.7151
loss: 0.6550, acc: 0.8500, test_acc: 0.7516, f1: 0.7159
loss: 0.1883, acc: 0.8750, test_acc: 0.7468, f1: 0.7155
loss: 0.4893, acc: 0.8839, test_acc: 0.7468, f1: 0.7145
loss: 0.1508, acc: 0.8906, test_acc: 0.7532, f1: 0.7192
loss: 0.5382, acc: 0.8819, test_acc: 0.7468, f1: 0.7127
loss: 0.4355, acc: 0.8812, test_acc: 0.7453, f1: 0.7068
loss: 0.3989, acc: 0.8750, test_acc: 0.7468, f1: 0.7099
loss: 0.4286, acc: 0.8750, test_acc: 0.7468, f1: 0.7117
loss: 0.1777, acc: 0.8798, test_acc: 0.7405, f1: 0.7020
loss: 0.0783, acc: 0.8884, test_acc: 0.7326, f1: 0.6821
loss: 0.7267, acc: 0.8750, test_acc: 0.7326, f1: 0.6877
loss: 0.5234, acc: 0.8633, test_acc: 0.7326, f1: 0.6904
loss: 0.5604, acc: 0.8566, test_acc: 0.7294, f1: 0.6908
loss: 0.2655, acc: 0.8611, test_acc: 0.7326, f1: 0.6945
loss: 0.4034, acc: 0.8586, test_acc: 0.7358, f1: 0.6959
loss: 0.8335, acc: 0.8531, test_acc: 0.7389, f1: 0.6988
loss: 0.2986, acc: 0.8512, test_acc: 0.7389, f1: 0.6979
loss: 0.2099, acc: 0.8551, test_acc: 0.7278, f1: 0.6784
loss: 0.6668, acc: 0.8478, test_acc: 0.7326, f1: 0.6836
loss: 0.4510, acc: 0.8464, test_acc: 0.7342, f1: 0.6776
loss: 0.4602, acc: 0.8450, test_acc: 0.7453, f1: 0.7006
loss: 0.2021, acc: 0.8486, test_acc: 0.7532, f1: 0.7181
loss: 0.7454, acc: 0.8449, test_acc: 0.7421, f1: 0.7003
loss: 0.1216, acc: 0.8504, test_acc: 0.7421, f1: 0.6942
>>>>>>>>>>>>>>>>>>>>>>>>>>>>>>>>>>>>>>>>>>>>>>>>>>>>>>>>>>>>
epoch: 22
loss: 0.1907, acc: 0.9375, test_acc: 0.7373, f1: 0.6951
loss: 0.0536, acc: 0.9688, test_acc: 0.7358, f1: 0.6928
loss: 0.3927, acc: 0.9375, test_acc: 0.7231, f1: 0.6789
loss: 0.5380, acc: 0.8906, test_acc: 0.7278, f1: 0.6819
loss: 0.3217, acc: 0.8750, test_acc: 0.7405, f1: 0.6988
loss: 0.3271, acc: 0.8646, test_acc: 0.7468, f1: 0.7034
loss: 0.4290, acc: 0.8571, test_acc: 0.7484, f1: 0.7089
loss: 0.2732, acc: 0.8594, test_acc: 0.7611, f1: 0.7259
loss: 0.1498, acc: 0.8681, test_acc: 0.7563, f1: 0.7150
loss: 0.5510, acc: 0.8562, test_acc: 0.7405, f1: 0.7042
loss: 0.8723, acc: 0.8466, test_acc: 0.7658, f1: 0.7327
loss: 0.5305, acc: 0.8438, test_acc: 0.7563, f1: 0.7145
loss: 0.1677, acc: 0.8462, test_acc: 0.7437, f1: 0.6892
loss: 0.2278, acc: 0.8527, test_acc: 0.7421, f1: 0.6818
loss: 0.5563, acc: 0.8458, test_acc: 0.7468, f1: 0.6969
loss: 0.2546, acc: 0.8477, test_acc: 0.7706, f1: 0.7358
loss: 0.1860, acc: 0.8529, test_acc: 0.7706, f1: 0.7406
loss: 0.2500, acc: 0.8576, test_acc: 0.7706, f1: 0.7394
loss: 0.3124, acc: 0.8586, test_acc: 0.7389, f1: 0.6922
loss: 0.6607, acc: 0.8500, test_acc: 0.7342, f1: 0.6812
loss: 0.1224, acc: 0.8542, test_acc: 0.7389, f1: 0.6989
loss: 0.5647, acc: 0.8494, test_acc: 0.7310, f1: 0.6958
loss: 0.2687, acc: 0.8505, test_acc: 0.7484, f1: 0.7084
loss: 0.3133, acc: 0.8490, test_acc: 0.7405, f1: 0.6882
loss: 0.2921, acc: 0.8475, test_acc: 0.7421, f1: 0.6932
loss: 0.5796, acc: 0.8438, test_acc: 0.7437, f1: 0.6946
loss: 0.2794, acc: 0.8426, test_acc: 0.7294, f1: 0.6870
loss: 0.2783, acc: 0.8460, test_acc: 0.7057, f1: 0.6765
loss: 0.6507, acc: 0.8405, test_acc: 0.7199, f1: 0.6960
>>>>>>>>>>>>>>>>>>>>>>>>>>>>>>>>>>>>>>>>>>>>>>>>>>>>>>>>>>>>
epoch: 23
loss: 0.3774, acc: 0.9375, test_acc: 0.7484, f1: 0.7139
loss: 0.2766, acc: 0.9062, test_acc: 0.7389, f1: 0.6858
loss: 0.2318, acc: 0.8958, test_acc: 0.7358, f1: 0.6747
loss: 0.5537, acc: 0.8594, test_acc: 0.7373, f1: 0.6788
loss: 0.1817, acc: 0.8750, test_acc: 0.7547, f1: 0.7154
loss: 0.2964, acc: 0.8646, test_acc: 0.7516, f1: 0.7112
loss: 0.1066, acc: 0.8839, test_acc: 0.7532, f1: 0.7090
loss: 0.4548, acc: 0.8672, test_acc: 0.7500, f1: 0.7039
loss: 0.3210, acc: 0.8681, test_acc: 0.7453, f1: 0.7045
loss: 0.4978, acc: 0.8688, test_acc: 0.7500, f1: 0.7092
loss: 0.4293, acc: 0.8580, test_acc: 0.7547, f1: 0.7122
loss: 0.5234, acc: 0.8542, test_acc: 0.7373, f1: 0.6851
loss: 0.3521, acc: 0.8558, test_acc: 0.7405, f1: 0.6934
loss: 0.1344, acc: 0.8661, test_acc: 0.7389, f1: 0.6997
loss: 0.6539, acc: 0.8583, test_acc: 0.7373, f1: 0.6984
loss: 0.5384, acc: 0.8516, test_acc: 0.7437, f1: 0.7014
loss: 0.3192, acc: 0.8529, test_acc: 0.7484, f1: 0.7036
loss: 0.0989, acc: 0.8576, test_acc: 0.7468, f1: 0.6995
loss: 0.4892, acc: 0.8520, test_acc: 0.7421, f1: 0.6935
loss: 0.1710, acc: 0.8594, test_acc: 0.7453, f1: 0.7031
loss: 0.4769, acc: 0.8542, test_acc: 0.7484, f1: 0.7097
loss: 0.4057, acc: 0.8523, test_acc: 0.7453, f1: 0.7109
loss: 0.1888, acc: 0.8560, test_acc: 0.7484, f1: 0.7158
loss: 0.3206, acc: 0.8542, test_acc: 0.7453, f1: 0.7110
loss: 0.1473, acc: 0.8600, test_acc: 0.7373, f1: 0.6968
loss: 0.1484, acc: 0.8630, test_acc: 0.7310, f1: 0.6812
loss: 0.4698, acc: 0.8611, test_acc: 0.7278, f1: 0.6790
loss: 0.6163, acc: 0.8549, test_acc: 0.7468, f1: 0.7096
>>>>>>>>>>>>>>>>>>>>>>>>>>>>>>>>>>>>>>>>>>>>>>>>>>>>>>>>>>>>
epoch: 24
loss: 0.8580, acc: 0.7500, test_acc: 0.7405, f1: 0.7063
loss: 0.5138, acc: 0.7500, test_acc: 0.7563, f1: 0.7172
loss: 0.3063, acc: 0.7917, test_acc: 0.7342, f1: 0.6811
loss: 0.4648, acc: 0.7812, test_acc: 0.7389, f1: 0.6832
loss: 0.4318, acc: 0.7875, test_acc: 0.7310, f1: 0.6878
loss: 0.4400, acc: 0.8125, test_acc: 0.7263, f1: 0.6896
loss: 0.3857, acc: 0.8125, test_acc: 0.7468, f1: 0.7078
loss: 0.1797, acc: 0.8281, test_acc: 0.7453, f1: 0.7054
loss: 0.1622, acc: 0.8472, test_acc: 0.7453, f1: 0.7073
loss: 0.2277, acc: 0.8500, test_acc: 0.7373, f1: 0.6968
loss: 0.2388, acc: 0.8523, test_acc: 0.7468, f1: 0.7093
loss: 0.1721, acc: 0.8594, test_acc: 0.7437, f1: 0.7035
loss: 0.4904, acc: 0.8654, test_acc: 0.7389, f1: 0.6967
loss: 0.2956, acc: 0.8661, test_acc: 0.7342, f1: 0.6937
loss: 0.5962, acc: 0.8583, test_acc: 0.7500, f1: 0.7188
loss: 0.4783, acc: 0.8477, test_acc: 0.7421, f1: 0.7079
loss: 0.2318, acc: 0.8529, test_acc: 0.7405, f1: 0.6994
loss: 0.5185, acc: 0.8438, test_acc: 0.7342, f1: 0.6896
loss: 0.2954, acc: 0.8421, test_acc: 0.7342, f1: 0.6942
loss: 0.4920, acc: 0.8406, test_acc: 0.7294, f1: 0.6865
loss: 0.5673, acc: 0.8363, test_acc: 0.7247, f1: 0.6792
loss: 0.5837, acc: 0.8267, test_acc: 0.7310, f1: 0.6847
loss: 0.5516, acc: 0.8234, test_acc: 0.7389, f1: 0.6998
loss: 0.2360, acc: 0.8255, test_acc: 0.7247, f1: 0.6933
loss: 0.5496, acc: 0.8225, test_acc: 0.7294, f1: 0.6995
loss: 0.3657, acc: 0.8245, test_acc: 0.7263, f1: 0.6879
loss: 0.6729, acc: 0.8194, test_acc: 0.7168, f1: 0.6627
loss: 0.1753, acc: 0.8259, test_acc: 0.7263, f1: 0.6636
loss: 0.5154, acc: 0.8190, test_acc: 0.7215, f1: 0.6567
>>>>>>>>>>>>>>>>>>>>>>>>>>>>>>>>>>>>>>>>>>>>>>>>>>>>>>>>>>>>
epoch: 25
loss: 0.6943, acc: 0.6875, test_acc: 0.7278, f1: 0.6782
loss: 0.4713, acc: 0.7500, test_acc: 0.7342, f1: 0.6993
loss: 0.5158, acc: 0.7500, test_acc: 0.7373, f1: 0.6889
loss: 0.2854, acc: 0.7969, test_acc: 0.7136, f1: 0.6424
loss: 0.6430, acc: 0.7875, test_acc: 0.7199, f1: 0.6552
loss: 0.1703, acc: 0.8229, test_acc: 0.7500, f1: 0.7025
loss: 0.3885, acc: 0.8214, test_acc: 0.7453, f1: 0.7020
loss: 0.6444, acc: 0.8047, test_acc: 0.7389, f1: 0.6932
loss: 0.2861, acc: 0.8056, test_acc: 0.7373, f1: 0.6894
loss: 0.1452, acc: 0.8250, test_acc: 0.7358, f1: 0.6842
loss: 0.3675, acc: 0.8295, test_acc: 0.7421, f1: 0.6963
loss: 0.3324, acc: 0.8281, test_acc: 0.7484, f1: 0.7063
loss: 0.2406, acc: 0.8317, test_acc: 0.7500, f1: 0.7137
loss: 0.3214, acc: 0.8348, test_acc: 0.7342, f1: 0.6920
loss: 0.2839, acc: 0.8375, test_acc: 0.7342, f1: 0.6894
loss: 0.6331, acc: 0.8242, test_acc: 0.7373, f1: 0.6942
loss: 0.3309, acc: 0.8272, test_acc: 0.7358, f1: 0.6947
loss: 0.5135, acc: 0.8264, test_acc: 0.7263, f1: 0.6873
loss: 0.2168, acc: 0.8322, test_acc: 0.7294, f1: 0.6934
loss: 0.4242, acc: 0.8375, test_acc: 0.7342, f1: 0.6977
loss: 0.4472, acc: 0.8304, test_acc: 0.7294, f1: 0.6855
loss: 0.4621, acc: 0.8267, test_acc: 0.7247, f1: 0.6691
loss: 0.4620, acc: 0.8234, test_acc: 0.7263, f1: 0.6701
loss: 0.2979, acc: 0.8255, test_acc: 0.7278, f1: 0.6737
loss: 0.2700, acc: 0.8275, test_acc: 0.7310, f1: 0.6830
loss: 0.3282, acc: 0.8317, test_acc: 0.7310, f1: 0.6913
loss: 0.3502, acc: 0.8310, test_acc: 0.7310, f1: 0.6918
loss: 0.0841, acc: 0.8371, test_acc: 0.7373, f1: 0.6852
loss: 0.2987, acc: 0.8384, test_acc: 0.7120, f1: 0.6451
>>>>>>>>>>>>>>>>>>>>>>>>>>>>>>>>>>>>>>>>>>>>>>>>>>>>>>>>>>>>
epoch: 26
loss: 0.3296, acc: 0.7500, test_acc: 0.7041, f1: 0.6294
loss: 0.8051, acc: 0.6875, test_acc: 0.7405, f1: 0.6932
loss: 0.3457, acc: 0.7292, test_acc: 0.7500, f1: 0.7164
loss: 0.2466, acc: 0.7656, test_acc: 0.7358, f1: 0.6986
loss: 0.6064, acc: 0.7875, test_acc: 0.7278, f1: 0.6822
loss: 0.5226, acc: 0.7917, test_acc: 0.7342, f1: 0.6784
loss: 0.5158, acc: 0.7946, test_acc: 0.7342, f1: 0.6779
loss: 0.3664, acc: 0.8047, test_acc: 0.7278, f1: 0.6780
loss: 0.2948, acc: 0.8125, test_acc: 0.7215, f1: 0.6731
loss: 0.4509, acc: 0.8063, test_acc: 0.7263, f1: 0.6778
loss: 0.1672, acc: 0.8239, test_acc: 0.7231, f1: 0.6666
loss: 0.6230, acc: 0.8229, test_acc: 0.7184, f1: 0.6555
loss: 0.2694, acc: 0.8317, test_acc: 0.7405, f1: 0.6928
loss: 0.3020, acc: 0.8304, test_acc: 0.7453, f1: 0.7079
loss: 0.2066, acc: 0.8375, test_acc: 0.7373, f1: 0.7015
loss: 0.4998, acc: 0.8320, test_acc: 0.7199, f1: 0.6759
loss: 0.5105, acc: 0.8272, test_acc: 0.7342, f1: 0.6848
loss: 0.6773, acc: 0.8194, test_acc: 0.7326, f1: 0.6875
loss: 0.4869, acc: 0.8191, test_acc: 0.7358, f1: 0.6897
loss: 0.3231, acc: 0.8219, test_acc: 0.7310, f1: 0.6878
loss: 0.4919, acc: 0.8214, test_acc: 0.7294, f1: 0.6811
loss: 0.3545, acc: 0.8239, test_acc: 0.7294, f1: 0.6836
loss: 0.2163, acc: 0.8288, test_acc: 0.7326, f1: 0.6920
loss: 0.4460, acc: 0.8255, test_acc: 0.7294, f1: 0.6853
loss: 0.4022, acc: 0.8275, test_acc: 0.7231, f1: 0.6748
loss: 0.2245, acc: 0.8317, test_acc: 0.7278, f1: 0.6841
loss: 0.4297, acc: 0.8356, test_acc: 0.7263, f1: 0.6855
loss: 0.3090, acc: 0.8371, test_acc: 0.7405, f1: 0.7003
>>>>>>>>>>>>>>>>>>>>>>>>>>>>>>>>>>>>>>>>>>>>>>>>>>>>>>>>>>>>
epoch: 27
loss: 0.4021, acc: 0.8750, test_acc: 0.7484, f1: 0.7124
loss: 0.2547, acc: 0.8750, test_acc: 0.7389, f1: 0.6985
loss: 0.2391, acc: 0.8958, test_acc: 0.7247, f1: 0.6742
loss: 0.4433, acc: 0.8750, test_acc: 0.7168, f1: 0.6560
loss: 0.4483, acc: 0.8500, test_acc: 0.7215, f1: 0.6692
loss: 0.1292, acc: 0.8750, test_acc: 0.7263, f1: 0.6831
loss: 0.3485, acc: 0.8750, test_acc: 0.7342, f1: 0.6982
loss: 0.4039, acc: 0.8594, test_acc: 0.7294, f1: 0.6928
loss: 0.6262, acc: 0.8403, test_acc: 0.7231, f1: 0.6784
loss: 0.6518, acc: 0.8250, test_acc: 0.7247, f1: 0.6792
loss: 0.5761, acc: 0.8125, test_acc: 0.7263, f1: 0.6782
loss: 0.2085, acc: 0.8229, test_acc: 0.7310, f1: 0.6879
loss: 0.2874, acc: 0.8221, test_acc: 0.7231, f1: 0.6867
loss: 0.0955, acc: 0.8304, test_acc: 0.7231, f1: 0.6831
loss: 0.2111, acc: 0.8333, test_acc: 0.7215, f1: 0.6768
loss: 0.4063, acc: 0.8320, test_acc: 0.7342, f1: 0.6903
loss: 0.1924, acc: 0.8382, test_acc: 0.7247, f1: 0.6788
loss: 0.3682, acc: 0.8438, test_acc: 0.7310, f1: 0.6859
loss: 0.5780, acc: 0.8421, test_acc: 0.7294, f1: 0.6820
loss: 0.3609, acc: 0.8438, test_acc: 0.7278, f1: 0.6866
loss: 0.3585, acc: 0.8423, test_acc: 0.7215, f1: 0.6859
loss: 0.3421, acc: 0.8381, test_acc: 0.7310, f1: 0.6922
loss: 0.1200, acc: 0.8451, test_acc: 0.7231, f1: 0.6849
loss: 0.2656, acc: 0.8464, test_acc: 0.7326, f1: 0.6897
loss: 0.4636, acc: 0.8475, test_acc: 0.7389, f1: 0.6931
loss: 0.7622, acc: 0.8389, test_acc: 0.7342, f1: 0.6831
loss: 1.0658, acc: 0.8287, test_acc: 0.7389, f1: 0.6891
loss: 0.2908, acc: 0.8304, test_acc: 0.7373, f1: 0.6909
loss: 0.2156, acc: 0.8341, test_acc: 0.7405, f1: 0.6975
>>>>>>>>>>>>>>>>>>>>>>>>>>>>>>>>>>>>>>>>>>>>>>>>>>>>>>>>>>>>
epoch: 28
loss: 0.1653, acc: 0.9375, test_acc: 0.7342, f1: 0.6879
loss: 0.2045, acc: 0.9375, test_acc: 0.7405, f1: 0.6972
loss: 0.3114, acc: 0.9375, test_acc: 0.7468, f1: 0.7075
loss: 0.3530, acc: 0.9219, test_acc: 0.7294, f1: 0.6876
loss: 0.2097, acc: 0.9125, test_acc: 0.7310, f1: 0.6845
loss: 0.2338, acc: 0.9062, test_acc: 0.7231, f1: 0.6698
loss: 0.3402, acc: 0.9018, test_acc: 0.7342, f1: 0.6824
loss: 0.1806, acc: 0.9062, test_acc: 0.7358, f1: 0.6899
loss: 0.2280, acc: 0.9167, test_acc: 0.7468, f1: 0.7023
loss: 0.4917, acc: 0.9000, test_acc: 0.7421, f1: 0.6954
loss: 0.4701, acc: 0.8864, test_acc: 0.7373, f1: 0.6932
loss: 0.4605, acc: 0.8854, test_acc: 0.7405, f1: 0.6961
loss: 0.2965, acc: 0.8846, test_acc: 0.7421, f1: 0.6967
loss: 0.3400, acc: 0.8839, test_acc: 0.7453, f1: 0.6995
loss: 0.3130, acc: 0.8792, test_acc: 0.7405, f1: 0.6924
loss: 0.2698, acc: 0.8828, test_acc: 0.7247, f1: 0.6760
loss: 0.1123, acc: 0.8860, test_acc: 0.7168, f1: 0.6701
loss: 0.3939, acc: 0.8785, test_acc: 0.7247, f1: 0.6833
loss: 0.3373, acc: 0.8783, test_acc: 0.7342, f1: 0.6968
loss: 0.3526, acc: 0.8781, test_acc: 0.7453, f1: 0.7013
loss: 0.3686, acc: 0.8780, test_acc: 0.7358, f1: 0.6810
loss: 0.2629, acc: 0.8778, test_acc: 0.7263, f1: 0.6710
loss: 0.4503, acc: 0.8750, test_acc: 0.7263, f1: 0.6748
loss: 0.2846, acc: 0.8750, test_acc: 0.7294, f1: 0.6867
loss: 0.3477, acc: 0.8750, test_acc: 0.7326, f1: 0.6951
loss: 0.5554, acc: 0.8726, test_acc: 0.7342, f1: 0.6939
loss: 0.2560, acc: 0.8750, test_acc: 0.7278, f1: 0.6768
loss: 0.1029, acc: 0.8795, test_acc: 0.7342, f1: 0.6793
>>>>>>>>>>>>>>>>>>>>>>>>>>>>>>>>>>>>>>>>>>>>>>>>>>>>>>>>>>>>
epoch: 29
loss: 0.3056, acc: 0.8750, test_acc: 0.7294, f1: 0.6670
loss: 0.3219, acc: 0.8750, test_acc: 0.7310, f1: 0.6752
loss: 0.1759, acc: 0.8958, test_acc: 0.7294, f1: 0.6832
loss: 0.1979, acc: 0.9062, test_acc: 0.7310, f1: 0.6902
loss: 0.6308, acc: 0.8750, test_acc: 0.7184, f1: 0.6713
loss: 0.2249, acc: 0.8750, test_acc: 0.7263, f1: 0.6827
loss: 0.4558, acc: 0.8482, test_acc: 0.7215, f1: 0.6811
loss: 0.3359, acc: 0.8438, test_acc: 0.7437, f1: 0.7151
loss: 0.2929, acc: 0.8403, test_acc: 0.7453, f1: 0.7150
loss: 0.4298, acc: 0.8438, test_acc: 0.7326, f1: 0.6886
loss: 0.3198, acc: 0.8523, test_acc: 0.7247, f1: 0.6751
loss: 0.1012, acc: 0.8646, test_acc: 0.7215, f1: 0.6719
loss: 0.4167, acc: 0.8606, test_acc: 0.7278, f1: 0.6786
loss: 0.3017, acc: 0.8661, test_acc: 0.7437, f1: 0.7056
loss: 0.0445, acc: 0.8750, test_acc: 0.7453, f1: 0.7137
loss: 0.1752, acc: 0.8789, test_acc: 0.7373, f1: 0.7016
loss: 0.2784, acc: 0.8750, test_acc: 0.7373, f1: 0.6974
loss: 0.5263, acc: 0.8681, test_acc: 0.7310, f1: 0.6730
loss: 0.3106, acc: 0.8684, test_acc: 0.7278, f1: 0.6690
loss: 0.1512, acc: 0.8750, test_acc: 0.7294, f1: 0.6741
loss: 0.5404, acc: 0.8720, test_acc: 0.7310, f1: 0.6825
loss: 0.1936, acc: 0.8750, test_acc: 0.7278, f1: 0.6860
loss: 0.3263, acc: 0.8723, test_acc: 0.7326, f1: 0.6901
loss: 0.2657, acc: 0.8750, test_acc: 0.7247, f1: 0.6794
loss: 0.2913, acc: 0.8750, test_acc: 0.7231, f1: 0.6769
loss: 0.1749, acc: 0.8774, test_acc: 0.7326, f1: 0.6842
loss: 0.4110, acc: 0.8727, test_acc: 0.7310, f1: 0.6751
loss: 0.1366, acc: 0.8772, test_acc: 0.7373, f1: 0.6855
loss: 0.0535, acc: 0.8815, test_acc: 0.7358, f1: 0.6848
>>>>>>>>>>>>>>>>>>>>>>>>>>>>>>>>>>>>>>>>>>>>>>>>>>>>>>>>>>>>
epoch: 30
loss: 0.1327, acc: 0.9375, test_acc: 0.7405, f1: 0.7030
loss: 0.1635, acc: 0.9375, test_acc: 0.7342, f1: 0.6977
loss: 0.2887, acc: 0.9167, test_acc: 0.7373, f1: 0.6982
loss: 0.1528, acc: 0.9062, test_acc: 0.7389, f1: 0.6951
loss: 0.2649, acc: 0.9000, test_acc: 0.7247, f1: 0.6743
loss: 0.2626, acc: 0.8958, test_acc: 0.7342, f1: 0.6823
loss: 0.1761, acc: 0.9018, test_acc: 0.7437, f1: 0.6959
loss: 0.2078, acc: 0.9062, test_acc: 0.7516, f1: 0.7114
loss: 0.1264, acc: 0.9167, test_acc: 0.7437, f1: 0.7088
loss: 0.2715, acc: 0.9125, test_acc: 0.7373, f1: 0.6991
loss: 0.5394, acc: 0.8977, test_acc: 0.7389, f1: 0.6951
loss: 0.3903, acc: 0.8854, test_acc: 0.7342, f1: 0.6780
loss: 0.3012, acc: 0.8846, test_acc: 0.7294, f1: 0.6809
loss: 0.3320, acc: 0.8750, test_acc: 0.7421, f1: 0.7036
loss: 0.2826, acc: 0.8792, test_acc: 0.7294, f1: 0.6958
loss: 0.7156, acc: 0.8711, test_acc: 0.7342, f1: 0.6992
loss: 0.2053, acc: 0.8750, test_acc: 0.7453, f1: 0.6998
loss: 0.2691, acc: 0.8715, test_acc: 0.7231, f1: 0.6581
loss: 0.0375, acc: 0.8783, test_acc: 0.7215, f1: 0.6526
loss: 0.8565, acc: 0.8656, test_acc: 0.7184, f1: 0.6536
loss: 0.4074, acc: 0.8631, test_acc: 0.7453, f1: 0.7025
loss: 0.7433, acc: 0.8580, test_acc: 0.7231, f1: 0.6867
loss: 0.1241, acc: 0.8614, test_acc: 0.7437, f1: 0.7065
loss: 0.5928, acc: 0.8568, test_acc: 0.7532, f1: 0.7154
loss: 0.3966, acc: 0.8525, test_acc: 0.7326, f1: 0.6814
loss: 0.2117, acc: 0.8534, test_acc: 0.7453, f1: 0.6927
loss: 0.2436, acc: 0.8565, test_acc: 0.7358, f1: 0.6855
loss: 0.3068, acc: 0.8571, test_acc: 0.7358, f1: 0.6938
loss: 0.2496, acc: 0.8581, test_acc: 0.7437, f1: 0.7044
>>>>>>>>>>>>>>>>>>>>>>>>>>>>>>>>>>>>>>>>>>>>>>>>>>>>>>>>>>>>
epoch: 31
loss: 0.1323, acc: 1.0000, test_acc: 0.7516, f1: 0.7104
loss: 0.2339, acc: 0.9688, test_acc: 0.7547, f1: 0.7136
loss: 0.4235, acc: 0.9375, test_acc: 0.7468, f1: 0.7082
loss: 0.1833, acc: 0.9375, test_acc: 0.7421, f1: 0.7015
loss: 0.4341, acc: 0.9250, test_acc: 0.7453, f1: 0.7043
loss: 0.4285, acc: 0.9062, test_acc: 0.7437, f1: 0.7034
loss: 0.2925, acc: 0.9107, test_acc: 0.7421, f1: 0.6980
loss: 0.2275, acc: 0.9062, test_acc: 0.7405, f1: 0.6926
loss: 0.4199, acc: 0.9028, test_acc: 0.7500, f1: 0.7076
loss: 0.2281, acc: 0.8938, test_acc: 0.7563, f1: 0.7213
loss: 0.0339, acc: 0.9034, test_acc: 0.7468, f1: 0.7090
loss: 0.7496, acc: 0.8906, test_acc: 0.7516, f1: 0.7145
loss: 0.2327, acc: 0.8894, test_acc: 0.7484, f1: 0.7079
loss: 0.5829, acc: 0.8839, test_acc: 0.7373, f1: 0.6905
loss: 0.3797, acc: 0.8833, test_acc: 0.7437, f1: 0.6992
loss: 0.2860, acc: 0.8867, test_acc: 0.7421, f1: 0.7041
loss: 0.6302, acc: 0.8787, test_acc: 0.7421, f1: 0.7020
loss: 0.3882, acc: 0.8750, test_acc: 0.7405, f1: 0.6917
loss: 0.1041, acc: 0.8816, test_acc: 0.7263, f1: 0.6746
loss: 0.4047, acc: 0.8812, test_acc: 0.7389, f1: 0.6934
loss: 0.4197, acc: 0.8750, test_acc: 0.7421, f1: 0.7035
loss: 0.1616, acc: 0.8807, test_acc: 0.7373, f1: 0.6949
loss: 0.6953, acc: 0.8723, test_acc: 0.7263, f1: 0.6799
loss: 0.1802, acc: 0.8724, test_acc: 0.7057, f1: 0.6393
loss: 0.3446, acc: 0.8700, test_acc: 0.7057, f1: 0.6370
loss: 0.1213, acc: 0.8750, test_acc: 0.7184, f1: 0.6688
loss: 0.5519, acc: 0.8704, test_acc: 0.7358, f1: 0.6934
loss: 0.2021, acc: 0.8728, test_acc: 0.7421, f1: 0.7083
>>>>>>>>>>>>>>>>>>>>>>>>>>>>>>>>>>>>>>>>>>>>>>>>>>>>>>>>>>>>
epoch: 32
loss: 0.6193, acc: 0.6875, test_acc: 0.7468, f1: 0.7147
loss: 0.7802, acc: 0.7188, test_acc: 0.7405, f1: 0.7002
loss: 0.1200, acc: 0.8125, test_acc: 0.7326, f1: 0.6845
loss: 0.1116, acc: 0.8438, test_acc: 0.7294, f1: 0.6780
loss: 0.2444, acc: 0.8625, test_acc: 0.7484, f1: 0.7076
loss: 0.1105, acc: 0.8854, test_acc: 0.7421, f1: 0.6987
loss: 0.4515, acc: 0.8750, test_acc: 0.7358, f1: 0.6855
loss: 0.1740, acc: 0.8828, test_acc: 0.7342, f1: 0.6832
loss: 0.2478, acc: 0.8819, test_acc: 0.7294, f1: 0.6811
loss: 0.3033, acc: 0.8875, test_acc: 0.7373, f1: 0.6976
loss: 0.2292, acc: 0.8864, test_acc: 0.7547, f1: 0.7214
loss: 0.5205, acc: 0.8750, test_acc: 0.7437, f1: 0.7062
loss: 0.2328, acc: 0.8750, test_acc: 0.7421, f1: 0.7034
loss: 0.2494, acc: 0.8750, test_acc: 0.7294, f1: 0.6805
loss: 0.1510, acc: 0.8792, test_acc: 0.7215, f1: 0.6640
loss: 0.2669, acc: 0.8828, test_acc: 0.7215, f1: 0.6631
loss: 0.2544, acc: 0.8824, test_acc: 0.7358, f1: 0.6910
loss: 0.2570, acc: 0.8819, test_acc: 0.7437, f1: 0.7068
loss: 0.2998, acc: 0.8816, test_acc: 0.7405, f1: 0.7037
loss: 0.3837, acc: 0.8781, test_acc: 0.7373, f1: 0.6929
loss: 0.3118, acc: 0.8780, test_acc: 0.7310, f1: 0.6869
loss: 0.3318, acc: 0.8750, test_acc: 0.7389, f1: 0.6899
loss: 0.8117, acc: 0.8696, test_acc: 0.7184, f1: 0.6570
loss: 0.3009, acc: 0.8698, test_acc: 0.7310, f1: 0.6775
loss: 0.1703, acc: 0.8725, test_acc: 0.7405, f1: 0.6988
loss: 0.4281, acc: 0.8678, test_acc: 0.7405, f1: 0.6988
loss: 0.5308, acc: 0.8657, test_acc: 0.7421, f1: 0.6940
loss: 0.1939, acc: 0.8683, test_acc: 0.7342, f1: 0.6773
loss: 0.3620, acc: 0.8664, test_acc: 0.7294, f1: 0.6713
>>>>>>>>>>>>>>>>>>>>>>>>>>>>>>>>>>>>>>>>>>>>>>>>>>>>>>>>>>>>
epoch: 33
loss: 0.2253, acc: 0.8750, test_acc: 0.7278, f1: 0.6720
loss: 0.6812, acc: 0.7812, test_acc: 0.7278, f1: 0.6749
loss: 0.3843, acc: 0.7917, test_acc: 0.7389, f1: 0.6913
loss: 0.2631, acc: 0.8281, test_acc: 0.7310, f1: 0.6830
loss: 0.3245, acc: 0.8250, test_acc: 0.7310, f1: 0.6812
loss: 0.1198, acc: 0.8438, test_acc: 0.7405, f1: 0.6950
loss: 0.6532, acc: 0.8393, test_acc: 0.7263, f1: 0.6780
loss: 0.4916, acc: 0.8359, test_acc: 0.7437, f1: 0.7044
loss: 0.3657, acc: 0.8403, test_acc: 0.7500, f1: 0.7103
loss: 0.1087, acc: 0.8562, test_acc: 0.7547, f1: 0.7190
loss: 0.2102, acc: 0.8636, test_acc: 0.7500, f1: 0.7128
loss: 0.0858, acc: 0.8698, test_acc: 0.7579, f1: 0.7252
loss: 0.3786, acc: 0.8654, test_acc: 0.7579, f1: 0.7255
loss: 0.3374, acc: 0.8616, test_acc: 0.7532, f1: 0.7175
loss: 0.1462, acc: 0.8667, test_acc: 0.7310, f1: 0.6804
loss: 0.2272, acc: 0.8672, test_acc: 0.7120, f1: 0.6639
loss: 0.1311, acc: 0.8713, test_acc: 0.7294, f1: 0.6886
loss: 0.1042, acc: 0.8750, test_acc: 0.7547, f1: 0.7203
loss: 0.3133, acc: 0.8717, test_acc: 0.7468, f1: 0.7097
loss: 0.5153, acc: 0.8688, test_acc: 0.7342, f1: 0.6870
loss: 0.3554, acc: 0.8720, test_acc: 0.7310, f1: 0.6826
loss: 0.3583, acc: 0.8693, test_acc: 0.7421, f1: 0.7012
loss: 0.3056, acc: 0.8696, test_acc: 0.7405, f1: 0.7013
loss: 0.3290, acc: 0.8724, test_acc: 0.7421, f1: 0.6986
loss: 0.2849, acc: 0.8700, test_acc: 0.7437, f1: 0.6992
loss: 0.3767, acc: 0.8678, test_acc: 0.7532, f1: 0.7125
loss: 0.4797, acc: 0.8681, test_acc: 0.7532, f1: 0.7125
loss: 0.1540, acc: 0.8705, test_acc: 0.7579, f1: 0.7172
>>>>>>>>>>>>>>>>>>>>>>>>>>>>>>>>>>>>>>>>>>>>>>>>>>>>>>>>>>>>
epoch: 34
loss: 0.4231, acc: 0.8125, test_acc: 0.7421, f1: 0.6963
loss: 0.3685, acc: 0.8438, test_acc: 0.7373, f1: 0.6903
loss: 0.4107, acc: 0.8125, test_acc: 0.7516, f1: 0.7113
loss: 0.2280, acc: 0.8438, test_acc: 0.7468, f1: 0.7030
loss: 0.2419, acc: 0.8625, test_acc: 0.7437, f1: 0.6952
loss: 0.3592, acc: 0.8646, test_acc: 0.7373, f1: 0.6916
loss: 0.0560, acc: 0.8839, test_acc: 0.7453, f1: 0.7037
loss: 0.2244, acc: 0.8906, test_acc: 0.7484, f1: 0.7131
loss: 0.1346, acc: 0.8958, test_acc: 0.7532, f1: 0.7197
loss: 0.4134, acc: 0.8812, test_acc: 0.7326, f1: 0.6797
loss: 0.4726, acc: 0.8864, test_acc: 0.7231, f1: 0.6625
loss: 0.3861, acc: 0.8750, test_acc: 0.7358, f1: 0.6805
loss: 0.3211, acc: 0.8750, test_acc: 0.7247, f1: 0.6797
loss: 0.3907, acc: 0.8750, test_acc: 0.7136, f1: 0.6746
loss: 0.3696, acc: 0.8750, test_acc: 0.7358, f1: 0.6990
loss: 0.2005, acc: 0.8828, test_acc: 0.7453, f1: 0.7045
loss: 0.1936, acc: 0.8860, test_acc: 0.7215, f1: 0.6681
loss: 0.1608, acc: 0.8854, test_acc: 0.7310, f1: 0.6850
loss: 0.3825, acc: 0.8849, test_acc: 0.7342, f1: 0.6883
loss: 0.1256, acc: 0.8906, test_acc: 0.7342, f1: 0.6832
loss: 0.2513, acc: 0.8929, test_acc: 0.7294, f1: 0.6772
loss: 0.1510, acc: 0.8949, test_acc: 0.7326, f1: 0.6832
loss: 0.3597, acc: 0.8913, test_acc: 0.7405, f1: 0.6997
loss: 0.4715, acc: 0.8906, test_acc: 0.7342, f1: 0.6918
loss: 0.1390, acc: 0.8925, test_acc: 0.7310, f1: 0.6857
loss: 0.4502, acc: 0.8894, test_acc: 0.7247, f1: 0.6732
loss: 0.4499, acc: 0.8819, test_acc: 0.7294, f1: 0.6786
loss: 0.2215, acc: 0.8839, test_acc: 0.7263, f1: 0.6754
loss: 0.0508, acc: 0.8879, test_acc: 0.7326, f1: 0.6868
>>>>>>>>>>>>>>>>>>>>>>>>>>>>>>>>>>>>>>>>>>>>>>>>>>>>>>>>>>>>
epoch: 35
loss: 0.3136, acc: 0.9375, test_acc: 0.7342, f1: 0.6957
loss: 0.5414, acc: 0.8438, test_acc: 0.7453, f1: 0.7105
loss: 0.2299, acc: 0.8750, test_acc: 0.7532, f1: 0.7222
loss: 0.0943, acc: 0.9062, test_acc: 0.7547, f1: 0.7159
loss: 0.1152, acc: 0.9125, test_acc: 0.7468, f1: 0.7011
loss: 0.2168, acc: 0.9167, test_acc: 0.7389, f1: 0.6889
loss: 0.2143, acc: 0.9107, test_acc: 0.7263, f1: 0.6698
loss: 0.0802, acc: 0.9219, test_acc: 0.7373, f1: 0.6886
loss: 0.1464, acc: 0.9236, test_acc: 0.7421, f1: 0.6956
loss: 0.4876, acc: 0.9125, test_acc: 0.7595, f1: 0.7211
loss: 0.3729, acc: 0.8977, test_acc: 0.7658, f1: 0.7319
loss: 0.1234, acc: 0.9010, test_acc: 0.7627, f1: 0.7308
loss: 0.7297, acc: 0.8846, test_acc: 0.7611, f1: 0.7252
loss: 0.3713, acc: 0.8839, test_acc: 0.7389, f1: 0.6928
loss: 0.1167, acc: 0.8875, test_acc: 0.7073, f1: 0.6430
loss: 0.2675, acc: 0.8906, test_acc: 0.7231, f1: 0.6607
loss: 0.3358, acc: 0.8860, test_acc: 0.7437, f1: 0.6991
loss: 0.5181, acc: 0.8819, test_acc: 0.7437, f1: 0.7001
loss: 0.3468, acc: 0.8783, test_acc: 0.7468, f1: 0.7094
loss: 0.4140, acc: 0.8781, test_acc: 0.7278, f1: 0.6870
loss: 0.2897, acc: 0.8780, test_acc: 0.7152, f1: 0.6732
loss: 0.1280, acc: 0.8807, test_acc: 0.7120, f1: 0.6630
loss: 0.4773, acc: 0.8804, test_acc: 0.7294, f1: 0.6821
loss: 0.0792, acc: 0.8854, test_acc: 0.7421, f1: 0.6981
loss: 0.0828, acc: 0.8900, test_acc: 0.7373, f1: 0.6931
loss: 0.2701, acc: 0.8918, test_acc: 0.7310, f1: 0.6822
loss: 0.5047, acc: 0.8866, test_acc: 0.7263, f1: 0.6750
loss: 0.1670, acc: 0.8884, test_acc: 0.7373, f1: 0.6906
loss: 0.2597, acc: 0.8886, test_acc: 0.7342, f1: 0.6892
>>>>>>>>>>>>>>>>>>>>>>>>>>>>>>>>>>>>>>>>>>>>>>>>>>>>>>>>>>>>
epoch: 36
loss: 0.1651, acc: 1.0000, test_acc: 0.7310, f1: 0.6840
loss: 0.3674, acc: 0.9375, test_acc: 0.7373, f1: 0.6913
loss: 0.5841, acc: 0.8542, test_acc: 0.7342, f1: 0.6876
loss: 0.1890, acc: 0.8594, test_acc: 0.7294, f1: 0.6789
loss: 0.4111, acc: 0.8500, test_acc: 0.7247, f1: 0.6737
loss: 0.3140, acc: 0.8646, test_acc: 0.7389, f1: 0.6937
loss: 0.3655, acc: 0.8482, test_acc: 0.7421, f1: 0.7011
loss: 0.3807, acc: 0.8438, test_acc: 0.7484, f1: 0.7111
loss: 0.3525, acc: 0.8403, test_acc: 0.7468, f1: 0.7088
loss: 0.1937, acc: 0.8500, test_acc: 0.7278, f1: 0.6806
loss: 0.2226, acc: 0.8636, test_acc: 0.7152, f1: 0.6619
loss: 0.4526, acc: 0.8646, test_acc: 0.7247, f1: 0.6724
loss: 0.1854, acc: 0.8702, test_acc: 0.7373, f1: 0.6901
loss: 0.1884, acc: 0.8705, test_acc: 0.7294, f1: 0.6794
loss: 0.2669, acc: 0.8708, test_acc: 0.7310, f1: 0.6809
loss: 0.1789, acc: 0.8750, test_acc: 0.7453, f1: 0.7045
loss: 0.4271, acc: 0.8750, test_acc: 0.7500, f1: 0.7098
loss: 0.1928, acc: 0.8750, test_acc: 0.7247, f1: 0.6729
loss: 0.6074, acc: 0.8684, test_acc: 0.7073, f1: 0.6389
loss: 0.3861, acc: 0.8656, test_acc: 0.7025, f1: 0.6250
loss: 0.2137, acc: 0.8690, test_acc: 0.7152, f1: 0.6496
loss: 0.2675, acc: 0.8722, test_acc: 0.7247, f1: 0.6721
loss: 0.1066, acc: 0.8750, test_acc: 0.7468, f1: 0.7093
loss: 0.1961, acc: 0.8750, test_acc: 0.7421, f1: 0.7077
loss: 0.5183, acc: 0.8725, test_acc: 0.7326, f1: 0.6872
loss: 0.1833, acc: 0.8750, test_acc: 0.7278, f1: 0.6743
loss: 0.5303, acc: 0.8750, test_acc: 0.7326, f1: 0.6809
loss: 0.5440, acc: 0.8750, test_acc: 0.7389, f1: 0.6965
>>>>>>>>>>>>>>>>>>>>>>>>>>>>>>>>>>>>>>>>>>>>>>>>>>>>>>>>>>>>
epoch: 37
loss: 0.1617, acc: 0.9375, test_acc: 0.7342, f1: 0.6968
loss: 0.3829, acc: 0.8750, test_acc: 0.7405, f1: 0.7044
loss: 0.3489, acc: 0.8542, test_acc: 0.7405, f1: 0.7032
loss: 0.1193, acc: 0.8750, test_acc: 0.7437, f1: 0.7050
loss: 0.2349, acc: 0.8875, test_acc: 0.7437, f1: 0.7052
loss: 0.5102, acc: 0.8854, test_acc: 0.7326, f1: 0.6848
loss: 0.2484, acc: 0.8839, test_acc: 0.7294, f1: 0.6798
loss: 0.3010, acc: 0.8828, test_acc: 0.7310, f1: 0.6832
loss: 0.2922, acc: 0.8819, test_acc: 0.7326, f1: 0.6892
loss: 0.2805, acc: 0.8812, test_acc: 0.7373, f1: 0.6955
loss: 0.1631, acc: 0.8864, test_acc: 0.7389, f1: 0.6955
loss: 0.0897, acc: 0.8958, test_acc: 0.7342, f1: 0.6882
loss: 0.2387, acc: 0.8942, test_acc: 0.7231, f1: 0.6697
loss: 0.6320, acc: 0.8884, test_acc: 0.7263, f1: 0.6716
loss: 0.4937, acc: 0.8792, test_acc: 0.7358, f1: 0.6864
loss: 0.2394, acc: 0.8828, test_acc: 0.7437, f1: 0.7004
loss: 0.1504, acc: 0.8860, test_acc: 0.7500, f1: 0.7099
loss: 0.4573, acc: 0.8854, test_acc: 0.7437, f1: 0.7021
loss: 0.1127, acc: 0.8882, test_acc: 0.7484, f1: 0.7068
loss: 0.4448, acc: 0.8844, test_acc: 0.7437, f1: 0.6997
loss: 0.0701, acc: 0.8899, test_acc: 0.7326, f1: 0.6838
loss: 0.2095, acc: 0.8920, test_acc: 0.7231, f1: 0.6731
loss: 0.3197, acc: 0.8913, test_acc: 0.7278, f1: 0.6755
loss: 0.0871, acc: 0.8958, test_acc: 0.7231, f1: 0.6705
loss: 0.0561, acc: 0.9000, test_acc: 0.7184, f1: 0.6648
loss: 0.4087, acc: 0.8990, test_acc: 0.7389, f1: 0.6996
loss: 0.3099, acc: 0.9005, test_acc: 0.7516, f1: 0.7153
loss: 0.1739, acc: 0.9018, test_acc: 0.7421, f1: 0.7021
loss: 0.1349, acc: 0.9052, test_acc: 0.7247, f1: 0.6704
>>>>>>>>>>>>>>>>>>>>>>>>>>>>>>>>>>>>>>>>>>>>>>>>>>>>>>>>>>>>
epoch: 38
loss: 0.4601, acc: 0.8750, test_acc: 0.7231, f1: 0.6629
loss: 0.2643, acc: 0.9062, test_acc: 0.7215, f1: 0.6641
loss: 0.0742, acc: 0.9375, test_acc: 0.7263, f1: 0.6747
loss: 0.0943, acc: 0.9531, test_acc: 0.7326, f1: 0.6855
loss: 0.0670, acc: 0.9625, test_acc: 0.7421, f1: 0.6971
loss: 0.1709, acc: 0.9479, test_acc: 0.7500, f1: 0.7103
loss: 0.2448, acc: 0.9375, test_acc: 0.7500, f1: 0.7096
loss: 0.3951, acc: 0.9219, test_acc: 0.7358, f1: 0.6974
loss: 0.0653, acc: 0.9306, test_acc: 0.7199, f1: 0.6748
loss: 0.4135, acc: 0.9187, test_acc: 0.7342, f1: 0.6921
loss: 0.2326, acc: 0.9148, test_acc: 0.7278, f1: 0.6841
loss: 0.2226, acc: 0.9167, test_acc: 0.7231, f1: 0.6751
loss: 0.2040, acc: 0.9183, test_acc: 0.7231, f1: 0.6781
loss: 0.2421, acc: 0.9152, test_acc: 0.7278, f1: 0.6854
loss: 0.2824, acc: 0.9083, test_acc: 0.7294, f1: 0.6893
loss: 0.2783, acc: 0.9062, test_acc: 0.7421, f1: 0.6991
loss: 0.4561, acc: 0.8971, test_acc: 0.7310, f1: 0.6839
loss: 0.2751, acc: 0.8958, test_acc: 0.7263, f1: 0.6769
loss: 0.2901, acc: 0.8914, test_acc: 0.7215, f1: 0.6723
loss: 0.1578, acc: 0.8969, test_acc: 0.7310, f1: 0.6910
loss: 0.0936, acc: 0.9018, test_acc: 0.7358, f1: 0.6974
loss: 0.3229, acc: 0.9006, test_acc: 0.7326, f1: 0.6935
loss: 0.2691, acc: 0.9022, test_acc: 0.7184, f1: 0.6707
loss: 0.1751, acc: 0.9036, test_acc: 0.7152, f1: 0.6610
loss: 0.5956, acc: 0.8950, test_acc: 0.7247, f1: 0.6669
loss: 0.0349, acc: 0.8990, test_acc: 0.7326, f1: 0.6805
loss: 0.3123, acc: 0.9005, test_acc: 0.7326, f1: 0.6815
loss: 0.1707, acc: 0.9018, test_acc: 0.7468, f1: 0.7061
>>>>>>>>>>>>>>>>>>>>>>>>>>>>>>>>>>>>>>>>>>>>>>>>>>>>>>>>>>>>
epoch: 39
loss: 0.1927, acc: 0.9375, test_acc: 0.7468, f1: 0.7079
loss: 0.2396, acc: 0.9375, test_acc: 0.7405, f1: 0.6992
loss: 0.2927, acc: 0.9167, test_acc: 0.7468, f1: 0.7059
loss: 0.3984, acc: 0.8906, test_acc: 0.7389, f1: 0.6905
loss: 0.1482, acc: 0.9000, test_acc: 0.7199, f1: 0.6596
loss: 0.1234, acc: 0.9062, test_acc: 0.7152, f1: 0.6583
loss: 0.0814, acc: 0.9196, test_acc: 0.7120, f1: 0.6707
loss: 0.3394, acc: 0.9141, test_acc: 0.7326, f1: 0.6994
loss: 0.1256, acc: 0.9236, test_acc: 0.7437, f1: 0.7090
loss: 0.1443, acc: 0.9313, test_acc: 0.7468, f1: 0.7087
loss: 0.4175, acc: 0.9148, test_acc: 0.7358, f1: 0.6883
loss: 0.6493, acc: 0.9062, test_acc: 0.7373, f1: 0.6839
loss: 0.4360, acc: 0.8942, test_acc: 0.7437, f1: 0.7004
loss: 0.2213, acc: 0.8973, test_acc: 0.7373, f1: 0.6992
loss: 0.3653, acc: 0.8875, test_acc: 0.7358, f1: 0.6973
loss: 0.3818, acc: 0.8906, test_acc: 0.7358, f1: 0.6969
loss: 0.5958, acc: 0.8860, test_acc: 0.7294, f1: 0.6917
loss: 0.2128, acc: 0.8889, test_acc: 0.7199, f1: 0.6805
loss: 0.0817, acc: 0.8914, test_acc: 0.7310, f1: 0.6871
loss: 0.0769, acc: 0.8969, test_acc: 0.7389, f1: 0.6876
loss: 0.2102, acc: 0.8958, test_acc: 0.7421, f1: 0.6912
loss: 0.3445, acc: 0.8949, test_acc: 0.7468, f1: 0.6989
loss: 0.3078, acc: 0.8967, test_acc: 0.7389, f1: 0.6993
loss: 0.2175, acc: 0.8958, test_acc: 0.7358, f1: 0.6974
loss: 0.2123, acc: 0.8975, test_acc: 0.7468, f1: 0.7124
loss: 0.2222, acc: 0.8990, test_acc: 0.7405, f1: 0.7009
loss: 0.5717, acc: 0.8958, test_acc: 0.7326, f1: 0.6948
loss: 0.2175, acc: 0.8951, test_acc: 0.7294, f1: 0.6897
loss: 0.1797, acc: 0.8966, test_acc: 0.7532, f1: 0.7153
>>>>>>>>>>>>>>>>>>>>>>>>>>>>>>>>>>>>>>>>>>>>>>>>>>>>>>>>>>>>
epoch: 40
loss: 0.1965, acc: 0.9375, test_acc: 0.7611, f1: 0.7239
loss: 0.2715, acc: 0.9062, test_acc: 0.7532, f1: 0.7164
loss: 0.3717, acc: 0.8542, test_acc: 0.7468, f1: 0.7135
loss: 0.4372, acc: 0.8281, test_acc: 0.7547, f1: 0.7202
loss: 0.3396, acc: 0.8250, test_acc: 0.7563, f1: 0.7220
loss: 0.2196, acc: 0.8333, test_acc: 0.7532, f1: 0.7185
loss: 0.0911, acc: 0.8571, test_acc: 0.7532, f1: 0.7169
loss: 0.2053, acc: 0.8672, test_acc: 0.7484, f1: 0.7128
loss: 0.1481, acc: 0.8750, test_acc: 0.7373, f1: 0.7006
loss: 0.3726, acc: 0.8812, test_acc: 0.7373, f1: 0.6960
loss: 0.3295, acc: 0.8864, test_acc: 0.7358, f1: 0.6895
loss: 0.1066, acc: 0.8958, test_acc: 0.7326, f1: 0.6845
loss: 0.0978, acc: 0.9038, test_acc: 0.7405, f1: 0.7037
loss: 0.2338, acc: 0.9062, test_acc: 0.7484, f1: 0.7164
loss: 0.1060, acc: 0.9125, test_acc: 0.7421, f1: 0.7043
loss: 0.2702, acc: 0.9102, test_acc: 0.7437, f1: 0.6993
loss: 0.1735, acc: 0.9118, test_acc: 0.7437, f1: 0.6997
loss: 0.2749, acc: 0.9097, test_acc: 0.7468, f1: 0.7042
loss: 0.1127, acc: 0.9145, test_acc: 0.7500, f1: 0.7117
loss: 0.4482, acc: 0.9031, test_acc: 0.7437, f1: 0.7072
loss: 0.1086, acc: 0.9048, test_acc: 0.7373, f1: 0.7029
loss: 0.0768, acc: 0.9091, test_acc: 0.7484, f1: 0.7071
loss: 0.3357, acc: 0.9076, test_acc: 0.7437, f1: 0.6968
loss: 0.2068, acc: 0.9062, test_acc: 0.7437, f1: 0.6987
loss: 0.0685, acc: 0.9100, test_acc: 0.7437, f1: 0.6995
loss: 0.4814, acc: 0.9014, test_acc: 0.7453, f1: 0.7057
loss: 0.3251, acc: 0.9005, test_acc: 0.7278, f1: 0.6888
loss: 0.4473, acc: 0.8996, test_acc: 0.7199, f1: 0.6658
loss: 0.9021, acc: 0.8974, test_acc: 0.7358, f1: 0.6822
>>>>>>>>>>>>>>>>>>>>>>>>>>>>>>>>>>>>>>>>>>>>>>>>>>>>>>>>>>>>
epoch: 41
loss: 0.2397, acc: 0.8750, test_acc: 0.7358, f1: 0.6915
loss: 0.6230, acc: 0.8438, test_acc: 0.7358, f1: 0.6954
loss: 0.2202, acc: 0.8542, test_acc: 0.7389, f1: 0.7022
loss: 0.1198, acc: 0.8906, test_acc: 0.7389, f1: 0.7003
loss: 0.3714, acc: 0.8750, test_acc: 0.7532, f1: 0.7134
loss: 0.1784, acc: 0.8854, test_acc: 0.7547, f1: 0.7205
loss: 0.3634, acc: 0.8839, test_acc: 0.7547, f1: 0.7184
loss: 0.2141, acc: 0.8906, test_acc: 0.7421, f1: 0.6960
loss: 0.2086, acc: 0.8889, test_acc: 0.7199, f1: 0.6685
loss: 0.4068, acc: 0.8812, test_acc: 0.7136, f1: 0.6605
loss: 0.1884, acc: 0.8864, test_acc: 0.7342, f1: 0.6825
loss: 0.2304, acc: 0.8802, test_acc: 0.7484, f1: 0.7052
loss: 0.0591, acc: 0.8894, test_acc: 0.7579, f1: 0.7220
loss: 0.0373, acc: 0.8973, test_acc: 0.7468, f1: 0.7100
loss: 0.3183, acc: 0.8917, test_acc: 0.7389, f1: 0.6984
loss: 0.2734, acc: 0.8906, test_acc: 0.7421, f1: 0.7015
loss: 0.1029, acc: 0.8934, test_acc: 0.7294, f1: 0.6719
loss: 0.0692, acc: 0.8993, test_acc: 0.7294, f1: 0.6708
loss: 0.3220, acc: 0.8980, test_acc: 0.7437, f1: 0.6941
loss: 0.2553, acc: 0.9000, test_acc: 0.7389, f1: 0.6985
loss: 0.3180, acc: 0.8988, test_acc: 0.7437, f1: 0.7042
loss: 0.2861, acc: 0.8949, test_acc: 0.7278, f1: 0.6822
loss: 0.1754, acc: 0.8967, test_acc: 0.7342, f1: 0.6882
loss: 0.2602, acc: 0.8932, test_acc: 0.7231, f1: 0.6778
loss: 0.1700, acc: 0.8925, test_acc: 0.7231, f1: 0.6781
loss: 0.1507, acc: 0.8942, test_acc: 0.7278, f1: 0.6830
loss: 0.0291, acc: 0.8981, test_acc: 0.7294, f1: 0.6782
loss: 0.2931, acc: 0.8973, test_acc: 0.7294, f1: 0.6745
>>>>>>>>>>>>>>>>>>>>>>>>>>>>>>>>>>>>>>>>>>>>>>>>>>>>>>>>>>>>
epoch: 42
loss: 0.1199, acc: 0.9375, test_acc: 0.7199, f1: 0.6666
loss: 0.1482, acc: 0.9688, test_acc: 0.7263, f1: 0.6761
loss: 0.1656, acc: 0.9583, test_acc: 0.7310, f1: 0.6804
loss: 0.4682, acc: 0.9062, test_acc: 0.7389, f1: 0.6937
loss: 0.2291, acc: 0.9000, test_acc: 0.7184, f1: 0.6728
loss: 0.0949, acc: 0.9167, test_acc: 0.7152, f1: 0.6757
loss: 0.1214, acc: 0.9196, test_acc: 0.7199, f1: 0.6808
loss: 0.2678, acc: 0.9141, test_acc: 0.7358, f1: 0.7002
loss: 0.2730, acc: 0.9097, test_acc: 0.7516, f1: 0.7143
loss: 0.2922, acc: 0.9062, test_acc: 0.7516, f1: 0.7118
loss: 0.4032, acc: 0.8977, test_acc: 0.7358, f1: 0.6829
loss: 0.2266, acc: 0.9010, test_acc: 0.7342, f1: 0.6806
loss: 0.3561, acc: 0.8942, test_acc: 0.7500, f1: 0.7093
loss: 0.4042, acc: 0.8884, test_acc: 0.7373, f1: 0.7016
loss: 0.1772, acc: 0.8917, test_acc: 0.7579, f1: 0.7262
loss: 0.1497, acc: 0.8945, test_acc: 0.7500, f1: 0.7116
loss: 0.1252, acc: 0.8971, test_acc: 0.7421, f1: 0.6900
loss: 0.3223, acc: 0.8958, test_acc: 0.7421, f1: 0.6889
loss: 0.4282, acc: 0.8914, test_acc: 0.7358, f1: 0.6931
loss: 0.1053, acc: 0.8938, test_acc: 0.7358, f1: 0.6958
loss: 0.1110, acc: 0.8988, test_acc: 0.7247, f1: 0.6795
loss: 0.4520, acc: 0.8920, test_acc: 0.7389, f1: 0.6885
loss: 0.2418, acc: 0.8940, test_acc: 0.7310, f1: 0.6722
loss: 0.0763, acc: 0.8984, test_acc: 0.7263, f1: 0.6692
loss: 0.3695, acc: 0.8975, test_acc: 0.7310, f1: 0.6865
loss: 0.1908, acc: 0.8966, test_acc: 0.7263, f1: 0.6880
loss: 0.0493, acc: 0.9005, test_acc: 0.7263, f1: 0.6823
loss: 0.3266, acc: 0.8996, test_acc: 0.7184, f1: 0.6744
loss: 0.2957, acc: 0.8987, test_acc: 0.7247, f1: 0.6827
>>>>>>>>>>>>>>>>>>>>>>>>>>>>>>>>>>>>>>>>>>>>>>>>>>>>>>>>>>>>
epoch: 43
loss: 0.0709, acc: 1.0000, test_acc: 0.7310, f1: 0.6845
loss: 0.2751, acc: 0.9375, test_acc: 0.7215, f1: 0.6706
loss: 0.1470, acc: 0.9375, test_acc: 0.7231, f1: 0.6751
loss: 0.0796, acc: 0.9531, test_acc: 0.7263, f1: 0.6785
loss: 0.1434, acc: 0.9500, test_acc: 0.7263, f1: 0.6796
loss: 0.0769, acc: 0.9583, test_acc: 0.7342, f1: 0.6924
loss: 0.0603, acc: 0.9643, test_acc: 0.7421, f1: 0.7026
loss: 0.0260, acc: 0.9688, test_acc: 0.7453, f1: 0.7110
loss: 0.0898, acc: 0.9722, test_acc: 0.7373, f1: 0.7042
loss: 0.2468, acc: 0.9625, test_acc: 0.7278, f1: 0.6858
loss: 0.0810, acc: 0.9602, test_acc: 0.7247, f1: 0.6731
loss: 0.2449, acc: 0.9479, test_acc: 0.7358, f1: 0.6818
loss: 0.1428, acc: 0.9471, test_acc: 0.7358, f1: 0.6897
loss: 0.1479, acc: 0.9464, test_acc: 0.7294, f1: 0.6835
loss: 0.1518, acc: 0.9458, test_acc: 0.7215, f1: 0.6718
loss: 0.2588, acc: 0.9453, test_acc: 0.7089, f1: 0.6640
loss: 0.1128, acc: 0.9449, test_acc: 0.7215, f1: 0.6846
loss: 0.5006, acc: 0.9340, test_acc: 0.7231, f1: 0.6775
loss: 0.2876, acc: 0.9309, test_acc: 0.7247, f1: 0.6742
loss: 0.5613, acc: 0.9219, test_acc: 0.7278, f1: 0.6771
loss: 0.4740, acc: 0.9167, test_acc: 0.7263, f1: 0.6760
loss: 0.5038, acc: 0.9119, test_acc: 0.7389, f1: 0.6955
loss: 0.4865, acc: 0.9076, test_acc: 0.7484, f1: 0.7106
loss: 0.1437, acc: 0.9115, test_acc: 0.7405, f1: 0.7019
loss: 0.1606, acc: 0.9125, test_acc: 0.7405, f1: 0.6998
loss: 0.1826, acc: 0.9111, test_acc: 0.7294, f1: 0.6860
loss: 0.3701, acc: 0.9074, test_acc: 0.7310, f1: 0.6954
loss: 0.2033, acc: 0.9062, test_acc: 0.7326, f1: 0.7025
>>>>>>>>>>>>>>>>>>>>>>>>>>>>>>>>>>>>>>>>>>>>>>>>>>>>>>>>>>>>
epoch: 44
loss: 0.1688, acc: 0.9375, test_acc: 0.7484, f1: 0.7127
loss: 0.2151, acc: 0.9062, test_acc: 0.7405, f1: 0.6952
loss: 0.2475, acc: 0.8958, test_acc: 0.7437, f1: 0.6997
loss: 0.4297, acc: 0.8750, test_acc: 0.7437, f1: 0.7075
loss: 0.4225, acc: 0.8750, test_acc: 0.7468, f1: 0.7083
loss: 0.4828, acc: 0.8646, test_acc: 0.7437, f1: 0.7042
loss: 0.2743, acc: 0.8571, test_acc: 0.7516, f1: 0.7202
loss: 0.2792, acc: 0.8672, test_acc: 0.7532, f1: 0.7209
loss: 0.4591, acc: 0.8611, test_acc: 0.7547, f1: 0.7166
loss: 0.0998, acc: 0.8688, test_acc: 0.7516, f1: 0.7035
loss: 0.1130, acc: 0.8750, test_acc: 0.7468, f1: 0.6968
loss: 0.1871, acc: 0.8802, test_acc: 0.7453, f1: 0.6991
loss: 0.1420, acc: 0.8894, test_acc: 0.7532, f1: 0.7186
loss: 0.2833, acc: 0.8884, test_acc: 0.7500, f1: 0.7155
loss: 0.3815, acc: 0.8917, test_acc: 0.7611, f1: 0.7294
loss: 0.1159, acc: 0.8984, test_acc: 0.7453, f1: 0.7026
loss: 0.0958, acc: 0.9007, test_acc: 0.7294, f1: 0.6795
loss: 0.1949, acc: 0.8958, test_acc: 0.7468, f1: 0.7007
loss: 0.2249, acc: 0.8947, test_acc: 0.7547, f1: 0.7141
loss: 0.0652, acc: 0.9000, test_acc: 0.7563, f1: 0.7151
loss: 0.3057, acc: 0.8988, test_acc: 0.7358, f1: 0.6837
loss: 0.6931, acc: 0.8949, test_acc: 0.7468, f1: 0.6991
loss: 0.1266, acc: 0.8995, test_acc: 0.7516, f1: 0.7208
loss: 0.1371, acc: 0.9010, test_acc: 0.7484, f1: 0.7221
loss: 0.3729, acc: 0.8950, test_acc: 0.7421, f1: 0.7118
loss: 0.2855, acc: 0.8942, test_acc: 0.7484, f1: 0.7157
loss: 0.1437, acc: 0.8958, test_acc: 0.7373, f1: 0.6963
loss: 0.0691, acc: 0.8996, test_acc: 0.7373, f1: 0.6968
loss: 0.2525, acc: 0.8987, test_acc: 0.7389, f1: 0.6989
>>>>>>>>>>>>>>>>>>>>>>>>>>>>>>>>>>>>>>>>>>>>>>>>>>>>>>>>>>>>
epoch: 45
loss: 0.1499, acc: 0.9375, test_acc: 0.7373, f1: 0.6995
loss: 0.3609, acc: 0.8750, test_acc: 0.7421, f1: 0.7051
loss: 0.2087, acc: 0.8750, test_acc: 0.7579, f1: 0.7252
loss: 0.1986, acc: 0.8906, test_acc: 0.7579, f1: 0.7225
loss: 0.0892, acc: 0.9125, test_acc: 0.7437, f1: 0.7001
loss: 0.0623, acc: 0.9271, test_acc: 0.7389, f1: 0.6969
loss: 0.3780, acc: 0.9018, test_acc: 0.7342, f1: 0.6927
loss: 0.3277, acc: 0.8984, test_acc: 0.7468, f1: 0.7128
loss: 0.2269, acc: 0.9028, test_acc: 0.7484, f1: 0.7120
loss: 0.0870, acc: 0.9125, test_acc: 0.7326, f1: 0.6958
loss: 0.0892, acc: 0.9148, test_acc: 0.7437, f1: 0.7023
loss: 0.5421, acc: 0.9062, test_acc: 0.7453, f1: 0.6969
loss: 0.0308, acc: 0.9135, test_acc: 0.7437, f1: 0.7024
loss: 0.1766, acc: 0.9152, test_acc: 0.7468, f1: 0.7071
loss: 0.5345, acc: 0.9042, test_acc: 0.7437, f1: 0.6998
loss: 0.2422, acc: 0.9023, test_acc: 0.7437, f1: 0.6993
loss: 0.2048, acc: 0.9007, test_acc: 0.7342, f1: 0.6884
loss: 0.2774, acc: 0.8958, test_acc: 0.7437, f1: 0.7020
loss: 0.0696, acc: 0.9013, test_acc: 0.7547, f1: 0.7173
loss: 0.0511, acc: 0.9062, test_acc: 0.7358, f1: 0.6939
loss: 0.0257, acc: 0.9107, test_acc: 0.7326, f1: 0.6851
loss: 0.2776, acc: 0.9119, test_acc: 0.7278, f1: 0.6757
loss: 0.1869, acc: 0.9130, test_acc: 0.7453, f1: 0.7047
loss: 0.4475, acc: 0.9115, test_acc: 0.7405, f1: 0.7016
loss: 0.4655, acc: 0.9100, test_acc: 0.7389, f1: 0.6957
loss: 0.1066, acc: 0.9111, test_acc: 0.7294, f1: 0.6787
loss: 0.0613, acc: 0.9144, test_acc: 0.7358, f1: 0.6851
loss: 0.0601, acc: 0.9174, test_acc: 0.7389, f1: 0.6899
loss: 0.3688, acc: 0.9170, test_acc: 0.7405, f1: 0.6900
>>>>>>>>>>>>>>>>>>>>>>>>>>>>>>>>>>>>>>>>>>>>>>>>>>>>>>>>>>>>
epoch: 46
loss: 0.3597, acc: 0.8125, test_acc: 0.7595, f1: 0.7241
loss: 0.0949, acc: 0.9062, test_acc: 0.7500, f1: 0.7156
loss: 0.3139, acc: 0.8958, test_acc: 0.7437, f1: 0.7057
loss: 0.1645, acc: 0.9062, test_acc: 0.7547, f1: 0.7190
loss: 0.0763, acc: 0.9250, test_acc: 0.7547, f1: 0.7147
loss: 0.1001, acc: 0.9375, test_acc: 0.7342, f1: 0.6788
loss: 0.2535, acc: 0.9286, test_acc: 0.7247, f1: 0.6630
loss: 0.1354, acc: 0.9297, test_acc: 0.7373, f1: 0.6846
loss: 0.2834, acc: 0.9167, test_acc: 0.7437, f1: 0.7018
loss: 0.0254, acc: 0.9250, test_acc: 0.7611, f1: 0.7270
loss: 0.2866, acc: 0.9205, test_acc: 0.7690, f1: 0.7341
loss: 0.1389, acc: 0.9271, test_acc: 0.7595, f1: 0.7201
loss: 0.1597, acc: 0.9279, test_acc: 0.7358, f1: 0.6867
loss: 0.1338, acc: 0.9241, test_acc: 0.7342, f1: 0.6831
loss: 0.4101, acc: 0.9167, test_acc: 0.7326, f1: 0.6802
loss: 0.2310, acc: 0.9102, test_acc: 0.7405, f1: 0.6892
loss: 0.0647, acc: 0.9154, test_acc: 0.7405, f1: 0.6919
loss: 0.0482, acc: 0.9201, test_acc: 0.7326, f1: 0.6811
loss: 0.5121, acc: 0.9079, test_acc: 0.7453, f1: 0.6988
loss: 0.4402, acc: 0.9000, test_acc: 0.7532, f1: 0.7153
loss: 0.1619, acc: 0.9048, test_acc: 0.7706, f1: 0.7392
loss: 0.2001, acc: 0.9062, test_acc: 0.7674, f1: 0.7323
loss: 0.1344, acc: 0.9076, test_acc: 0.7516, f1: 0.7182
loss: 0.1205, acc: 0.9089, test_acc: 0.7468, f1: 0.7112
loss: 0.5131, acc: 0.9000, test_acc: 0.7595, f1: 0.7216
loss: 0.1238, acc: 0.9014, test_acc: 0.7563, f1: 0.7174
loss: 0.3496, acc: 0.8981, test_acc: 0.7595, f1: 0.7234
loss: 0.3142, acc: 0.8951, test_acc: 0.7690, f1: 0.7357
>>>>>>>>>>>>>>>>>>>>>>>>>>>>>>>>>>>>>>>>>>>>>>>>>>>>>>>>>>>>
epoch: 47
loss: 0.1044, acc: 0.9375, test_acc: 0.7674, f1: 0.7292
loss: 0.0503, acc: 0.9688, test_acc: 0.7674, f1: 0.7242
loss: 0.0522, acc: 0.9792, test_acc: 0.7532, f1: 0.7065
loss: 0.3923, acc: 0.9531, test_acc: 0.7547, f1: 0.7081
loss: 0.1984, acc: 0.9375, test_acc: 0.7706, f1: 0.7304
loss: 0.5366, acc: 0.8958, test_acc: 0.7706, f1: 0.7360
loss: 0.0782, acc: 0.9018, test_acc: 0.7611, f1: 0.7264
loss: 0.4445, acc: 0.8984, test_acc: 0.7579, f1: 0.7224
loss: 0.0974, acc: 0.9028, test_acc: 0.7468, f1: 0.7088
loss: 0.2672, acc: 0.9062, test_acc: 0.7611, f1: 0.7299
loss: 0.2699, acc: 0.9091, test_acc: 0.7674, f1: 0.7333
loss: 0.4000, acc: 0.9062, test_acc: 0.7595, f1: 0.7180
loss: 0.3958, acc: 0.8990, test_acc: 0.7500, f1: 0.7003
loss: 0.2007, acc: 0.9018, test_acc: 0.7453, f1: 0.6970
loss: 0.0794, acc: 0.9083, test_acc: 0.7437, f1: 0.7033
loss: 0.1233, acc: 0.9102, test_acc: 0.7453, f1: 0.7046
loss: 0.0673, acc: 0.9154, test_acc: 0.7516, f1: 0.7092
loss: 0.3692, acc: 0.9132, test_acc: 0.7500, f1: 0.7082
loss: 0.1375, acc: 0.9145, test_acc: 0.7563, f1: 0.7166
loss: 0.1899, acc: 0.9125, test_acc: 0.7579, f1: 0.7210
loss: 0.1257, acc: 0.9137, test_acc: 0.7611, f1: 0.7277
loss: 0.4700, acc: 0.9119, test_acc: 0.7516, f1: 0.7204
loss: 0.0356, acc: 0.9158, test_acc: 0.7421, f1: 0.7057
loss: 0.4446, acc: 0.9089, test_acc: 0.7373, f1: 0.6915
loss: 0.0867, acc: 0.9100, test_acc: 0.7563, f1: 0.7123
loss: 0.1756, acc: 0.9111, test_acc: 0.7658, f1: 0.7265
loss: 0.2152, acc: 0.9120, test_acc: 0.7516, f1: 0.7076
loss: 0.0614, acc: 0.9152, test_acc: 0.7627, f1: 0.7243
loss: 0.2187, acc: 0.9138, test_acc: 0.7674, f1: 0.7316
>>>>>>>>>>>>>>>>>>>>>>>>>>>>>>>>>>>>>>>>>>>>>>>>>>>>>>>>>>>>
epoch: 48
loss: 0.2109, acc: 0.9375, test_acc: 0.7642, f1: 0.7325
loss: 0.1950, acc: 0.9062, test_acc: 0.7595, f1: 0.7304
loss: 0.0763, acc: 0.9375, test_acc: 0.7658, f1: 0.7361
loss: 0.1334, acc: 0.9375, test_acc: 0.7706, f1: 0.7417
>> saved: ./log/state_dict/gcn_laptop_acc_0.7769_f1_0.7449
loss: 0.1377, acc: 0.9250, test_acc: 0.7769, f1: 0.7449
>> saved: ./log/state_dict/gcn_laptop_acc_0.7848_f1_0.7528
loss: 0.2704, acc: 0.9167, test_acc: 0.7848, f1: 0.7528
loss: 0.0761, acc: 0.9286, test_acc: 0.7737, f1: 0.7366
loss: 0.0652, acc: 0.9375, test_acc: 0.7816, f1: 0.7461
loss: 0.5866, acc: 0.9306, test_acc: 0.7785, f1: 0.7410
loss: 0.0459, acc: 0.9375, test_acc: 0.7816, f1: 0.7434
loss: 0.0707, acc: 0.9432, test_acc: 0.7801, f1: 0.7407
loss: 0.1671, acc: 0.9427, test_acc: 0.7769, f1: 0.7367
loss: 0.6158, acc: 0.9327, test_acc: 0.7785, f1: 0.7423
loss: 0.1314, acc: 0.9330, test_acc: 0.7658, f1: 0.7249
loss: 0.4382, acc: 0.9333, test_acc: 0.7737, f1: 0.7363
loss: 0.1345, acc: 0.9375, test_acc: 0.7453, f1: 0.6922
loss: 0.3242, acc: 0.9338, test_acc: 0.7437, f1: 0.6910
loss: 0.1510, acc: 0.9340, test_acc: 0.7579, f1: 0.7151
loss: 0.0689, acc: 0.9342, test_acc: 0.7642, f1: 0.7253
loss: 0.1452, acc: 0.9344, test_acc: 0.7547, f1: 0.7147
loss: 0.1509, acc: 0.9345, test_acc: 0.7468, f1: 0.7005
loss: 0.3590, acc: 0.9347, test_acc: 0.7468, f1: 0.7014
loss: 0.0554, acc: 0.9375, test_acc: 0.7516, f1: 0.7048
loss: 0.1562, acc: 0.9375, test_acc: 0.7516, f1: 0.7040
loss: 0.5907, acc: 0.9300, test_acc: 0.7437, f1: 0.6956
loss: 0.0934, acc: 0.9327, test_acc: 0.7611, f1: 0.7173
loss: 0.1328, acc: 0.9352, test_acc: 0.7579, f1: 0.7183
loss: 0.1162, acc: 0.9353, test_acc: 0.7437, f1: 0.6958
>>>>>>>>>>>>>>>>>>>>>>>>>>>>>>>>>>>>>>>>>>>>>>>>>>>>>>>>>>>>
epoch: 49
loss: 0.0638, acc: 1.0000, test_acc: 0.7437, f1: 0.6995
loss: 0.1185, acc: 0.9688, test_acc: 0.7611, f1: 0.7309
loss: 0.2996, acc: 0.9583, test_acc: 0.7579, f1: 0.7254
loss: 0.4646, acc: 0.9375, test_acc: 0.7405, f1: 0.7027
loss: 0.2304, acc: 0.9375, test_acc: 0.7405, f1: 0.7019
loss: 0.0920, acc: 0.9375, test_acc: 0.7547, f1: 0.7150
loss: 0.0294, acc: 0.9464, test_acc: 0.7563, f1: 0.7184
loss: 0.0196, acc: 0.9531, test_acc: 0.7500, f1: 0.7103
loss: 0.1729, acc: 0.9514, test_acc: 0.7453, f1: 0.7011
loss: 0.0681, acc: 0.9563, test_acc: 0.7405, f1: 0.6944
loss: 0.2221, acc: 0.9545, test_acc: 0.7389, f1: 0.6931
loss: 0.2134, acc: 0.9479, test_acc: 0.7342, f1: 0.6853
loss: 0.4394, acc: 0.9423, test_acc: 0.7326, f1: 0.6836
loss: 0.2607, acc: 0.9375, test_acc: 0.7389, f1: 0.6935
loss: 0.2834, acc: 0.9292, test_acc: 0.7468, f1: 0.7064
loss: 0.0518, acc: 0.9336, test_acc: 0.7500, f1: 0.7096
loss: 0.0148, acc: 0.9375, test_acc: 0.7421, f1: 0.6935
loss: 0.4938, acc: 0.9271, test_acc: 0.7389, f1: 0.6881
loss: 0.0969, acc: 0.9309, test_acc: 0.7405, f1: 0.6891
loss: 0.0893, acc: 0.9313, test_acc: 0.7389, f1: 0.6838
loss: 0.1120, acc: 0.9315, test_acc: 0.7358, f1: 0.6872
loss: 0.2652, acc: 0.9290, test_acc: 0.7358, f1: 0.6886
loss: 0.4526, acc: 0.9239, test_acc: 0.7389, f1: 0.6962
loss: 0.1965, acc: 0.9219, test_acc: 0.7532, f1: 0.7149
loss: 0.3174, acc: 0.9150, test_acc: 0.7547, f1: 0.7148
loss: 0.5000, acc: 0.9111, test_acc: 0.7231, f1: 0.6681
loss: 0.2698, acc: 0.9120, test_acc: 0.7263, f1: 0.6731
loss: 0.0936, acc: 0.9152, test_acc: 0.7421, f1: 0.6942
loss: 0.1959, acc: 0.9138, test_acc: 0.7627, f1: 0.7223
>>>>>>>>>>>>>>>>>>>>>>>>>>>>>>>>>>>>>>>>>>>>>>>>>>>>>>>>>>>>
epoch: 50
loss: 0.1859, acc: 0.9375, test_acc: 0.7627, f1: 0.7296
loss: 0.0771, acc: 0.9375, test_acc: 0.7595, f1: 0.7284
loss: 0.1267, acc: 0.9583, test_acc: 0.7595, f1: 0.7247
loss: 0.0949, acc: 0.9688, test_acc: 0.7547, f1: 0.7168
loss: 0.1157, acc: 0.9750, test_acc: 0.7484, f1: 0.7067
loss: 0.2815, acc: 0.9688, test_acc: 0.7500, f1: 0.7107
loss: 0.2299, acc: 0.9554, test_acc: 0.7547, f1: 0.7174
loss: 0.3584, acc: 0.9531, test_acc: 0.7579, f1: 0.7228
loss: 0.1383, acc: 0.9514, test_acc: 0.7627, f1: 0.7246
loss: 0.2131, acc: 0.9500, test_acc: 0.7595, f1: 0.7194
loss: 0.2763, acc: 0.9432, test_acc: 0.7484, f1: 0.7021
loss: 0.1716, acc: 0.9427, test_acc: 0.7500, f1: 0.6990
loss: 0.2328, acc: 0.9423, test_acc: 0.7500, f1: 0.7017
loss: 0.1679, acc: 0.9375, test_acc: 0.7611, f1: 0.7216
loss: 0.2109, acc: 0.9333, test_acc: 0.7579, f1: 0.7237
loss: 0.8751, acc: 0.9258, test_acc: 0.7484, f1: 0.7124
loss: 0.1349, acc: 0.9265, test_acc: 0.7579, f1: 0.7231
loss: 0.1567, acc: 0.9306, test_acc: 0.7421, f1: 0.6982
loss: 0.4226, acc: 0.9276, test_acc: 0.7373, f1: 0.6870
loss: 0.3196, acc: 0.9250, test_acc: 0.7373, f1: 0.6932
loss: 0.3027, acc: 0.9196, test_acc: 0.7437, f1: 0.7059
loss: 0.3146, acc: 0.9176, test_acc: 0.7468, f1: 0.7124
loss: 0.3025, acc: 0.9130, test_acc: 0.7421, f1: 0.7046
loss: 0.3250, acc: 0.9089, test_acc: 0.7453, f1: 0.7032
loss: 0.1816, acc: 0.9100, test_acc: 0.7294, f1: 0.6729
loss: 0.3223, acc: 0.9087, test_acc: 0.7294, f1: 0.6679
loss: 0.0788, acc: 0.9120, test_acc: 0.7532, f1: 0.7081
loss: 0.2113, acc: 0.9107, test_acc: 0.7658, f1: 0.7273
loss: 0.2950, acc: 0.9083, test_acc: 0.7579, f1: 0.7208
max_test_acc: 0.7848101265822784, max_f1: 0.7528486820153487
>> saved: ./log/state_dict/gcn_laptop_acc_0.7848_f1_0.7528
############################################################
max_train_acc_overall:0.7848101265822784
max_f1_overall:0.7528486820153487
Precision, Recall and F1-Score...
              precision    recall  f1-score   support

           0     0.9068    0.8368    0.8704       337
           1     0.5938    0.8906    0.7125       128
           2     0.7752    0.5988    0.6757       167

    accuracy                         0.7848       632
   macro avg     0.7586    0.7754    0.7528       632
weighted avg     0.8086    0.7848    0.7870       632

Confusion Matrix...
[[282  31  24]
 [  9 114   5]
 [ 20  47 100]]
