n_trainable_params: 226924, n_nontrainable_params: 1057200
training arguments:
>>> model_name: gcn
>>> dataset: laptop
>>> optimizer: <class 'torch.optim.adam.Adam'>
>>> initializer: <function xavier_uniform_ at 0x7f22b00ca430>
>>> learning_rate: 0.002
>>> l2reg: 0.0001
>>> num_epoch: 50
>>> batch_size: 16
>>> log_step: 5
>>> embed_dim: 300
>>> post_dim: 30
>>> pos_dim: 30
>>> hidden_dim: 50
>>> num_layers: 1
>>> polarities_dim: 3
>>> input_dropout: 0.7
>>> gcn_dropout: 0.1
>>> lower: True
>>> direct: False
>>> loop: True
>>> bidirect: True
>>> rnn_hidden: 50
>>> rnn_layers: 1
>>> rnn_dropout: 0.1
>>> attention_heads: 1
>>> max_length: 85
>>> multi_hop: False
>>> max_hop: 4
>>> device: cuda
>>> seed: 1000
>>> weight_decay: 0.0
>>> vocab_dir: ./dataset/Laptops_corenlp
>>> pad_id: 0
>>> parseadj: False
>>> parsehead: False
>>> cuda: 0
>>> fusion: True
>>> alpha: 0.8
>>> beta: 0.6
>>> gama: 1.2
>>> distance_matrix_debug: False
>>> parallel: False
>>> pretrained_bert_name: bert-base-uncased
>>> adam_epsilon: 1e-08
>>> bert_dim: 768
>>> bert_dropout: 0.3
>>> diff_lr: False
>>> bert_lr: 2e-05
>>> model_class: <class 'model.GCNClassifier'>
>>> dataset_file: {'train': './dataset/Laptops_corenlp/train.json', 'test': './dataset/Laptops_corenlp/test.json'}
>>> inputs_cols: ['text', 'aspect', 'pos', 'head', 'deprel', 'post', 'mask', 'length', 'adj_reshape']
>>> post_size: 168
>>> pos_size: 46
>>>>>>>>>>>>>>>>>>>>>>>>>>>>>>>>>>>>>>>>>>>>>>>>>>>>>>>>>>>>
epoch: 1
>> saved: ./log/state_dict/gcn_laptop_acc_0.3275_f1_0.2369
loss: 1.1935, acc: 0.3125, test_acc: 0.3275, f1: 0.2369
>> saved: ./log/state_dict/gcn_laptop_acc_0.4288_f1_0.2836
loss: 1.1455, acc: 0.2812, test_acc: 0.4288, f1: 0.2836
>> saved: ./log/state_dict/gcn_laptop_acc_0.5301_f1_0.2421
loss: 1.0918, acc: 0.2917, test_acc: 0.5301, f1: 0.2421
>> saved: ./log/state_dict/gcn_laptop_acc_0.5332_f1_0.2319
loss: 1.0691, acc: 0.3438, test_acc: 0.5332, f1: 0.2319
loss: 1.1710, acc: 0.3375, test_acc: 0.5332, f1: 0.2319
>> saved: ./log/state_dict/gcn_laptop_acc_0.5696_f1_0.3813
loss: 1.1647, acc: 0.3646, test_acc: 0.5696, f1: 0.3813
loss: 0.9775, acc: 0.3929, test_acc: 0.5665, f1: 0.3886
>> saved: ./log/state_dict/gcn_laptop_acc_0.5712_f1_0.3951
loss: 0.9289, acc: 0.3984, test_acc: 0.5712, f1: 0.3951
loss: 0.9524, acc: 0.4167, test_acc: 0.5158, f1: 0.4126
loss: 1.1104, acc: 0.4313, test_acc: 0.5554, f1: 0.4027
loss: 0.8771, acc: 0.4489, test_acc: 0.4763, f1: 0.3687
loss: 0.7957, acc: 0.4635, test_acc: 0.5047, f1: 0.3858
>> saved: ./log/state_dict/gcn_laptop_acc_0.6013_f1_0.4649
loss: 1.0178, acc: 0.4760, test_acc: 0.6013, f1: 0.4649
loss: 0.9245, acc: 0.4821, test_acc: 0.5902, f1: 0.4232
loss: 0.6858, acc: 0.4958, test_acc: 0.5981, f1: 0.4409
loss: 0.8533, acc: 0.5078, test_acc: 0.5665, f1: 0.4454
loss: 0.9804, acc: 0.5110, test_acc: 0.5063, f1: 0.4041
>> saved: ./log/state_dict/gcn_laptop_acc_0.6203_f1_0.4819
loss: 0.8965, acc: 0.5139, test_acc: 0.6203, f1: 0.4819
loss: 0.7698, acc: 0.5197, test_acc: 0.6171, f1: 0.4673
>> saved: ./log/state_dict/gcn_laptop_acc_0.6297_f1_0.5025
loss: 0.8506, acc: 0.5281, test_acc: 0.6297, f1: 0.5025
>> saved: ./log/state_dict/gcn_laptop_acc_0.6487_f1_0.5343
loss: 0.8295, acc: 0.5387, test_acc: 0.6487, f1: 0.5343
loss: 0.8783, acc: 0.5398, test_acc: 0.6329, f1: 0.4950
loss: 0.7644, acc: 0.5435, test_acc: 0.6218, f1: 0.5186
loss: 0.6656, acc: 0.5495, test_acc: 0.6123, f1: 0.5267
loss: 1.0263, acc: 0.5500, test_acc: 0.6440, f1: 0.5233
>> saved: ./log/state_dict/gcn_laptop_acc_0.6503_f1_0.5374
loss: 1.0303, acc: 0.5529, test_acc: 0.6503, f1: 0.5374
loss: 1.0611, acc: 0.5532, test_acc: 0.5775, f1: 0.5499
loss: 0.7729, acc: 0.5558, test_acc: 0.5839, f1: 0.5510
>>>>>>>>>>>>>>>>>>>>>>>>>>>>>>>>>>>>>>>>>>>>>>>>>>>>>>>>>>>>
epoch: 2
>> saved: ./log/state_dict/gcn_laptop_acc_0.6598_f1_0.5776
loss: 0.8688, acc: 0.5625, test_acc: 0.6598, f1: 0.5776
loss: 0.7448, acc: 0.6250, test_acc: 0.6250, f1: 0.4812
loss: 0.7801, acc: 0.6667, test_acc: 0.6551, f1: 0.5403
loss: 0.6871, acc: 0.7031, test_acc: 0.6519, f1: 0.5895
>> saved: ./log/state_dict/gcn_laptop_acc_0.6646_f1_0.6139
loss: 0.8443, acc: 0.6875, test_acc: 0.6646, f1: 0.6139
>> saved: ./log/state_dict/gcn_laptop_acc_0.6835_f1_0.6275
loss: 0.6848, acc: 0.6979, test_acc: 0.6835, f1: 0.6275
loss: 0.4520, acc: 0.7232, test_acc: 0.6693, f1: 0.6125
loss: 0.4988, acc: 0.7500, test_acc: 0.6646, f1: 0.6194
loss: 0.6217, acc: 0.7569, test_acc: 0.6756, f1: 0.6116
loss: 0.5262, acc: 0.7625, test_acc: 0.6804, f1: 0.6173
loss: 1.1611, acc: 0.7273, test_acc: 0.6788, f1: 0.6291
loss: 0.5076, acc: 0.7396, test_acc: 0.6820, f1: 0.6159
loss: 0.5510, acc: 0.7356, test_acc: 0.6677, f1: 0.5802
loss: 0.7578, acc: 0.7366, test_acc: 0.6503, f1: 0.5479
loss: 0.5244, acc: 0.7458, test_acc: 0.6804, f1: 0.6015
>> saved: ./log/state_dict/gcn_laptop_acc_0.6930_f1_0.6322
loss: 0.5793, acc: 0.7461, test_acc: 0.6930, f1: 0.6322
loss: 0.9502, acc: 0.7316, test_acc: 0.6835, f1: 0.6138
loss: 0.6295, acc: 0.7257, test_acc: 0.6899, f1: 0.6268
loss: 0.5312, acc: 0.7336, test_acc: 0.6756, f1: 0.5924
loss: 1.1235, acc: 0.7250, test_acc: 0.6772, f1: 0.5918
loss: 0.8617, acc: 0.7173, test_acc: 0.6772, f1: 0.5812
loss: 0.4000, acc: 0.7244, test_acc: 0.6756, f1: 0.5855
loss: 0.6353, acc: 0.7255, test_acc: 0.6772, f1: 0.5870
loss: 0.3934, acc: 0.7318, test_acc: 0.6835, f1: 0.6102
>> saved: ./log/state_dict/gcn_laptop_acc_0.7057_f1_0.6449
loss: 0.5511, acc: 0.7375, test_acc: 0.7057, f1: 0.6449
loss: 0.7620, acc: 0.7404, test_acc: 0.6915, f1: 0.6263
loss: 0.8205, acc: 0.7384, test_acc: 0.7041, f1: 0.6376
loss: 0.9669, acc: 0.7344, test_acc: 0.6566, f1: 0.5713
loss: 1.0263, acc: 0.7241, test_acc: 0.6851, f1: 0.6039
>>>>>>>>>>>>>>>>>>>>>>>>>>>>>>>>>>>>>>>>>>>>>>>>>>>>>>>>>>>>
epoch: 3
loss: 0.9345, acc: 0.5625, test_acc: 0.6835, f1: 0.6315
loss: 0.6259, acc: 0.6562, test_acc: 0.6851, f1: 0.6323
loss: 0.5253, acc: 0.7292, test_acc: 0.6899, f1: 0.6300
loss: 0.9451, acc: 0.6562, test_acc: 0.6930, f1: 0.6319
loss: 0.6825, acc: 0.6625, test_acc: 0.6962, f1: 0.6519
>> saved: ./log/state_dict/gcn_laptop_acc_0.7089_f1_0.6487
loss: 1.5198, acc: 0.6250, test_acc: 0.7089, f1: 0.6487
loss: 0.6851, acc: 0.6250, test_acc: 0.6820, f1: 0.6056
loss: 0.5058, acc: 0.6406, test_acc: 0.6899, f1: 0.6200
loss: 0.6836, acc: 0.6319, test_acc: 0.6867, f1: 0.6120
loss: 0.4835, acc: 0.6500, test_acc: 0.6867, f1: 0.6038
loss: 0.5519, acc: 0.6534, test_acc: 0.7009, f1: 0.6261
loss: 0.9935, acc: 0.6458, test_acc: 0.7073, f1: 0.6392
loss: 0.8584, acc: 0.6442, test_acc: 0.6930, f1: 0.6113
loss: 0.6552, acc: 0.6562, test_acc: 0.7089, f1: 0.6349
>> saved: ./log/state_dict/gcn_laptop_acc_0.7168_f1_0.6524
loss: 0.6784, acc: 0.6542, test_acc: 0.7168, f1: 0.6524
loss: 0.5769, acc: 0.6641, test_acc: 0.7009, f1: 0.6342
loss: 0.5449, acc: 0.6728, test_acc: 0.6472, f1: 0.5883
loss: 0.5927, acc: 0.6701, test_acc: 0.6946, f1: 0.6226
loss: 0.4308, acc: 0.6776, test_acc: 0.6867, f1: 0.5969
loss: 0.5488, acc: 0.6813, test_acc: 0.7057, f1: 0.6438
loss: 0.6163, acc: 0.6875, test_acc: 0.6883, f1: 0.6354
loss: 0.9197, acc: 0.6818, test_acc: 0.7089, f1: 0.6637
loss: 0.4735, acc: 0.6875, test_acc: 0.6883, f1: 0.6456
loss: 0.8124, acc: 0.6849, test_acc: 0.7041, f1: 0.6473
loss: 0.5912, acc: 0.6900, test_acc: 0.6978, f1: 0.6215
loss: 1.2073, acc: 0.6803, test_acc: 0.7041, f1: 0.6420
loss: 0.8458, acc: 0.6782, test_acc: 0.7009, f1: 0.6448
loss: 0.7779, acc: 0.6786, test_acc: 0.6946, f1: 0.6402
>>>>>>>>>>>>>>>>>>>>>>>>>>>>>>>>>>>>>>>>>>>>>>>>>>>>>>>>>>>>
epoch: 4
loss: 0.8423, acc: 0.5625, test_acc: 0.7073, f1: 0.6453
loss: 0.8827, acc: 0.5625, test_acc: 0.6962, f1: 0.6205
loss: 0.4308, acc: 0.6458, test_acc: 0.7057, f1: 0.6432
loss: 0.7544, acc: 0.6406, test_acc: 0.7025, f1: 0.6453
loss: 0.8830, acc: 0.6375, test_acc: 0.6994, f1: 0.6301
loss: 0.5317, acc: 0.6667, test_acc: 0.7057, f1: 0.6464
loss: 0.5769, acc: 0.6875, test_acc: 0.6994, f1: 0.6556
loss: 0.6516, acc: 0.7031, test_acc: 0.7025, f1: 0.6553
>> saved: ./log/state_dict/gcn_laptop_acc_0.7215_f1_0.6749
loss: 0.5659, acc: 0.7083, test_acc: 0.7215, f1: 0.6749
loss: 0.4494, acc: 0.7188, test_acc: 0.7168, f1: 0.6484
loss: 0.6198, acc: 0.7216, test_acc: 0.6962, f1: 0.6056
loss: 0.9179, acc: 0.7031, test_acc: 0.6978, f1: 0.6107
loss: 0.5069, acc: 0.7163, test_acc: 0.7089, f1: 0.6400
loss: 0.7282, acc: 0.7143, test_acc: 0.7120, f1: 0.6517
loss: 0.3330, acc: 0.7333, test_acc: 0.7089, f1: 0.6411
loss: 0.4765, acc: 0.7344, test_acc: 0.7168, f1: 0.6487
loss: 0.4901, acc: 0.7390, test_acc: 0.7089, f1: 0.6472
loss: 0.7533, acc: 0.7292, test_acc: 0.7199, f1: 0.6593
loss: 0.7639, acc: 0.7237, test_acc: 0.7184, f1: 0.6494
loss: 0.7267, acc: 0.7219, test_acc: 0.7073, f1: 0.6308
loss: 0.5973, acc: 0.7202, test_acc: 0.7073, f1: 0.6340
loss: 1.0605, acc: 0.7131, test_acc: 0.7025, f1: 0.6459
loss: 0.8175, acc: 0.7120, test_acc: 0.7009, f1: 0.6450
loss: 0.5765, acc: 0.7109, test_acc: 0.7152, f1: 0.6606
loss: 0.3721, acc: 0.7175, test_acc: 0.7199, f1: 0.6675
loss: 0.7755, acc: 0.7139, test_acc: 0.7136, f1: 0.6525
loss: 0.7898, acc: 0.7130, test_acc: 0.7184, f1: 0.6624
loss: 0.6594, acc: 0.7143, test_acc: 0.7073, f1: 0.6338
loss: 0.5731, acc: 0.7177, test_acc: 0.7089, f1: 0.6385
>>>>>>>>>>>>>>>>>>>>>>>>>>>>>>>>>>>>>>>>>>>>>>>>>>>>>>>>>>>>
epoch: 5
loss: 0.6229, acc: 0.7500, test_acc: 0.6788, f1: 0.6070
loss: 0.5182, acc: 0.7812, test_acc: 0.6820, f1: 0.6072
loss: 0.5731, acc: 0.7708, test_acc: 0.6867, f1: 0.6058
loss: 0.8099, acc: 0.7188, test_acc: 0.7009, f1: 0.5963
loss: 1.1493, acc: 0.6750, test_acc: 0.6994, f1: 0.6022
loss: 0.7822, acc: 0.6562, test_acc: 0.7104, f1: 0.6615
loss: 1.2925, acc: 0.6250, test_acc: 0.7184, f1: 0.6773
loss: 0.5310, acc: 0.6484, test_acc: 0.7152, f1: 0.6501
loss: 0.4783, acc: 0.6597, test_acc: 0.6978, f1: 0.6137
>> saved: ./log/state_dict/gcn_laptop_acc_0.7263_f1_0.6747
loss: 0.5726, acc: 0.6625, test_acc: 0.7263, f1: 0.6747
loss: 0.4869, acc: 0.6818, test_acc: 0.7184, f1: 0.6813
loss: 0.4378, acc: 0.6927, test_acc: 0.7152, f1: 0.6797
loss: 0.8817, acc: 0.6827, test_acc: 0.7184, f1: 0.6717
loss: 0.5792, acc: 0.6875, test_acc: 0.7263, f1: 0.6634
loss: 0.8136, acc: 0.6833, test_acc: 0.7263, f1: 0.6581
loss: 0.9323, acc: 0.6797, test_acc: 0.7073, f1: 0.6515
>> saved: ./log/state_dict/gcn_laptop_acc_0.7310_f1_0.6898
loss: 0.8022, acc: 0.6801, test_acc: 0.7310, f1: 0.6898
loss: 0.5343, acc: 0.6806, test_acc: 0.7294, f1: 0.6878
loss: 0.7313, acc: 0.6842, test_acc: 0.7231, f1: 0.6733
loss: 0.3829, acc: 0.6937, test_acc: 0.7057, f1: 0.6403
loss: 0.6081, acc: 0.6935, test_acc: 0.7041, f1: 0.6323
loss: 0.5055, acc: 0.6989, test_acc: 0.7168, f1: 0.6698
loss: 0.4292, acc: 0.7038, test_acc: 0.7231, f1: 0.6718
loss: 0.8771, acc: 0.7005, test_acc: 0.7199, f1: 0.6556
loss: 0.4558, acc: 0.7075, test_acc: 0.7104, f1: 0.6428
loss: 0.3763, acc: 0.7115, test_acc: 0.7215, f1: 0.6719
loss: 0.4904, acc: 0.7199, test_acc: 0.7247, f1: 0.6908
loss: 0.4925, acc: 0.7254, test_acc: 0.7168, f1: 0.6783
loss: 0.3926, acc: 0.7271, test_acc: 0.7009, f1: 0.6355
>>>>>>>>>>>>>>>>>>>>>>>>>>>>>>>>>>>>>>>>>>>>>>>>>>>>>>>>>>>>
epoch: 6
loss: 0.6634, acc: 0.6875, test_acc: 0.7073, f1: 0.6407
loss: 0.3315, acc: 0.8125, test_acc: 0.7294, f1: 0.6638
loss: 0.5166, acc: 0.8125, test_acc: 0.7184, f1: 0.6455
loss: 0.5228, acc: 0.7969, test_acc: 0.7263, f1: 0.6731
>> saved: ./log/state_dict/gcn_laptop_acc_0.7421_f1_0.6991
loss: 0.5065, acc: 0.8000, test_acc: 0.7421, f1: 0.6991
loss: 0.5718, acc: 0.7812, test_acc: 0.7373, f1: 0.6948
loss: 0.6901, acc: 0.7500, test_acc: 0.7278, f1: 0.6618
loss: 0.4852, acc: 0.7812, test_acc: 0.7247, f1: 0.6630
loss: 0.8105, acc: 0.7639, test_acc: 0.7215, f1: 0.6678
loss: 0.5602, acc: 0.7625, test_acc: 0.7215, f1: 0.6779
loss: 0.9476, acc: 0.7500, test_acc: 0.7199, f1: 0.6598
loss: 0.4801, acc: 0.7448, test_acc: 0.7294, f1: 0.6775
loss: 0.7048, acc: 0.7308, test_acc: 0.7373, f1: 0.6907
>> saved: ./log/state_dict/gcn_laptop_acc_0.7437_f1_0.6911
loss: 0.8257, acc: 0.7188, test_acc: 0.7437, f1: 0.6911
loss: 0.4115, acc: 0.7250, test_acc: 0.7373, f1: 0.6730
loss: 0.5279, acc: 0.7305, test_acc: 0.7310, f1: 0.6641
loss: 0.9281, acc: 0.7243, test_acc: 0.7152, f1: 0.6546
loss: 0.5930, acc: 0.7292, test_acc: 0.7215, f1: 0.6772
loss: 0.4714, acc: 0.7368, test_acc: 0.7184, f1: 0.6784
loss: 0.6360, acc: 0.7344, test_acc: 0.7310, f1: 0.6837
loss: 0.6019, acc: 0.7381, test_acc: 0.7168, f1: 0.6473
loss: 0.8180, acc: 0.7358, test_acc: 0.6994, f1: 0.6117
loss: 0.8590, acc: 0.7310, test_acc: 0.7136, f1: 0.6452
loss: 0.5534, acc: 0.7344, test_acc: 0.7437, f1: 0.6960
loss: 0.6861, acc: 0.7350, test_acc: 0.7358, f1: 0.6970
loss: 0.7680, acc: 0.7308, test_acc: 0.7310, f1: 0.6854
loss: 0.7186, acc: 0.7245, test_acc: 0.7358, f1: 0.6821
loss: 0.5223, acc: 0.7277, test_acc: 0.7215, f1: 0.6605
>>>>>>>>>>>>>>>>>>>>>>>>>>>>>>>>>>>>>>>>>>>>>>>>>>>>>>>>>>>>
epoch: 7
loss: 0.6491, acc: 0.6875, test_acc: 0.7247, f1: 0.6594
loss: 0.4163, acc: 0.7500, test_acc: 0.7199, f1: 0.6681
loss: 0.6617, acc: 0.7500, test_acc: 0.7358, f1: 0.6788
loss: 0.7111, acc: 0.7344, test_acc: 0.7358, f1: 0.6810
>> saved: ./log/state_dict/gcn_laptop_acc_0.7453_f1_0.6992
loss: 0.7065, acc: 0.7000, test_acc: 0.7453, f1: 0.6992
>> saved: ./log/state_dict/gcn_laptop_acc_0.7500_f1_0.7035
loss: 0.6181, acc: 0.7083, test_acc: 0.7500, f1: 0.7035
loss: 0.5788, acc: 0.7232, test_acc: 0.7263, f1: 0.6645
loss: 0.4058, acc: 0.7500, test_acc: 0.7247, f1: 0.6596
loss: 0.7261, acc: 0.7361, test_acc: 0.7152, f1: 0.6642
loss: 0.7183, acc: 0.7312, test_acc: 0.7278, f1: 0.6812
>> saved: ./log/state_dict/gcn_laptop_acc_0.7516_f1_0.7033
loss: 0.3536, acc: 0.7443, test_acc: 0.7516, f1: 0.7033
loss: 0.5707, acc: 0.7448, test_acc: 0.7468, f1: 0.6996
loss: 0.6721, acc: 0.7404, test_acc: 0.7516, f1: 0.7108
loss: 0.5643, acc: 0.7411, test_acc: 0.7247, f1: 0.6749
loss: 0.7222, acc: 0.7333, test_acc: 0.7263, f1: 0.6652
loss: 0.7325, acc: 0.7344, test_acc: 0.7247, f1: 0.6620
loss: 1.3770, acc: 0.7206, test_acc: 0.7184, f1: 0.6511
loss: 0.3404, acc: 0.7292, test_acc: 0.7136, f1: 0.6701
loss: 0.8950, acc: 0.7204, test_acc: 0.7231, f1: 0.6872
loss: 0.6403, acc: 0.7156, test_acc: 0.7405, f1: 0.7011
loss: 0.3504, acc: 0.7232, test_acc: 0.7358, f1: 0.6893
loss: 0.5450, acc: 0.7244, test_acc: 0.7199, f1: 0.6708
loss: 0.6091, acc: 0.7255, test_acc: 0.7358, f1: 0.6930
loss: 0.6378, acc: 0.7292, test_acc: 0.7389, f1: 0.6913
loss: 0.6289, acc: 0.7300, test_acc: 0.7358, f1: 0.6874
loss: 0.4078, acc: 0.7332, test_acc: 0.7484, f1: 0.7051
loss: 0.5057, acc: 0.7338, test_acc: 0.7484, f1: 0.7100
loss: 0.8660, acc: 0.7299, test_acc: 0.7358, f1: 0.7027
loss: 0.7824, acc: 0.7241, test_acc: 0.7247, f1: 0.6709
>>>>>>>>>>>>>>>>>>>>>>>>>>>>>>>>>>>>>>>>>>>>>>>>>>>>>>>>>>>>
epoch: 8
loss: 0.6373, acc: 0.8125, test_acc: 0.7104, f1: 0.6370
loss: 0.3161, acc: 0.8750, test_acc: 0.7247, f1: 0.6586
loss: 0.5401, acc: 0.8125, test_acc: 0.7484, f1: 0.7069
loss: 0.4499, acc: 0.8125, test_acc: 0.7358, f1: 0.7008
loss: 0.5010, acc: 0.8125, test_acc: 0.7184, f1: 0.6753
loss: 0.7179, acc: 0.8021, test_acc: 0.7136, f1: 0.6496
loss: 0.4356, acc: 0.8036, test_acc: 0.7184, f1: 0.6355
loss: 0.4838, acc: 0.7969, test_acc: 0.7215, f1: 0.6580
loss: 0.7517, acc: 0.7778, test_acc: 0.7373, f1: 0.6834
loss: 0.5454, acc: 0.7625, test_acc: 0.7326, f1: 0.6789
loss: 0.6300, acc: 0.7614, test_acc: 0.7231, f1: 0.6793
loss: 0.5318, acc: 0.7604, test_acc: 0.7263, f1: 0.6695
loss: 0.3260, acc: 0.7692, test_acc: 0.6899, f1: 0.6033
loss: 0.4096, acc: 0.7723, test_acc: 0.6851, f1: 0.5888
loss: 0.6972, acc: 0.7667, test_acc: 0.7041, f1: 0.6255
loss: 0.3170, acc: 0.7734, test_acc: 0.6835, f1: 0.6333
loss: 0.5822, acc: 0.7757, test_acc: 0.7278, f1: 0.6876
loss: 0.5307, acc: 0.7778, test_acc: 0.7437, f1: 0.6967
loss: 0.5385, acc: 0.7796, test_acc: 0.7389, f1: 0.6854
loss: 0.5170, acc: 0.7750, test_acc: 0.7310, f1: 0.6727
loss: 0.4526, acc: 0.7798, test_acc: 0.7215, f1: 0.6634
loss: 0.6890, acc: 0.7756, test_acc: 0.7278, f1: 0.6685
loss: 0.6418, acc: 0.7717, test_acc: 0.7215, f1: 0.6577
loss: 0.5304, acc: 0.7682, test_acc: 0.7342, f1: 0.6822
loss: 0.4107, acc: 0.7725, test_acc: 0.7437, f1: 0.7078
loss: 0.3848, acc: 0.7764, test_acc: 0.7342, f1: 0.7016
loss: 0.6838, acc: 0.7755, test_acc: 0.7421, f1: 0.6959
loss: 0.4529, acc: 0.7790, test_acc: 0.7089, f1: 0.6392
>>>>>>>>>>>>>>>>>>>>>>>>>>>>>>>>>>>>>>>>>>>>>>>>>>>>>>>>>>>>
epoch: 9
loss: 0.7949, acc: 0.6250, test_acc: 0.7073, f1: 0.6221
loss: 0.6090, acc: 0.6250, test_acc: 0.7247, f1: 0.6627
loss: 0.7227, acc: 0.6458, test_acc: 0.7405, f1: 0.6799
loss: 0.5280, acc: 0.6719, test_acc: 0.7453, f1: 0.6978
loss: 0.6732, acc: 0.6750, test_acc: 0.7484, f1: 0.6969
loss: 0.4409, acc: 0.7083, test_acc: 0.7310, f1: 0.6697
loss: 0.4095, acc: 0.7321, test_acc: 0.7231, f1: 0.6562
loss: 0.2685, acc: 0.7500, test_acc: 0.7358, f1: 0.6797
loss: 0.8136, acc: 0.7431, test_acc: 0.7437, f1: 0.6936
loss: 0.2597, acc: 0.7625, test_acc: 0.7389, f1: 0.6970
loss: 0.8194, acc: 0.7443, test_acc: 0.7453, f1: 0.6988
loss: 0.3516, acc: 0.7552, test_acc: 0.7215, f1: 0.6626
loss: 0.7728, acc: 0.7548, test_acc: 0.7184, f1: 0.6533
loss: 0.4128, acc: 0.7545, test_acc: 0.7231, f1: 0.6593
loss: 0.6376, acc: 0.7500, test_acc: 0.7120, f1: 0.6533
loss: 0.4039, acc: 0.7578, test_acc: 0.7199, f1: 0.6752
loss: 0.3026, acc: 0.7647, test_acc: 0.7294, f1: 0.6911
loss: 0.3579, acc: 0.7708, test_acc: 0.7358, f1: 0.6882
loss: 0.4422, acc: 0.7763, test_acc: 0.7405, f1: 0.6892
loss: 0.6504, acc: 0.7750, test_acc: 0.7294, f1: 0.6683
loss: 0.3144, acc: 0.7768, test_acc: 0.7168, f1: 0.6492
loss: 0.3390, acc: 0.7841, test_acc: 0.7326, f1: 0.6756
>> saved: ./log/state_dict/gcn_laptop_acc_0.7563_f1_0.7123
loss: 0.5275, acc: 0.7826, test_acc: 0.7563, f1: 0.7123
loss: 0.4170, acc: 0.7865, test_acc: 0.7500, f1: 0.7056
loss: 0.6370, acc: 0.7800, test_acc: 0.7516, f1: 0.7070
loss: 0.7018, acc: 0.7764, test_acc: 0.7516, f1: 0.7042
loss: 0.6937, acc: 0.7731, test_acc: 0.7516, f1: 0.7113
loss: 0.4697, acc: 0.7746, test_acc: 0.7453, f1: 0.7050
loss: 0.4634, acc: 0.7780, test_acc: 0.7405, f1: 0.6970
>>>>>>>>>>>>>>>>>>>>>>>>>>>>>>>>>>>>>>>>>>>>>>>>>>>>>>>>>>>>
epoch: 10
loss: 0.7354, acc: 0.7500, test_acc: 0.7421, f1: 0.6950
loss: 0.3954, acc: 0.8125, test_acc: 0.7373, f1: 0.6816
loss: 0.4833, acc: 0.8333, test_acc: 0.7453, f1: 0.6886
loss: 0.6243, acc: 0.7969, test_acc: 0.7516, f1: 0.7077
loss: 0.4067, acc: 0.7875, test_acc: 0.7421, f1: 0.6994
loss: 0.7805, acc: 0.7500, test_acc: 0.7358, f1: 0.6801
loss: 0.4975, acc: 0.7500, test_acc: 0.7421, f1: 0.6819
loss: 0.8057, acc: 0.7266, test_acc: 0.7263, f1: 0.6573
loss: 0.3538, acc: 0.7431, test_acc: 0.7453, f1: 0.6899
loss: 0.8575, acc: 0.7312, test_acc: 0.7373, f1: 0.6812
loss: 0.6775, acc: 0.7330, test_acc: 0.7516, f1: 0.7021
loss: 0.6101, acc: 0.7396, test_acc: 0.7468, f1: 0.7057
loss: 0.5133, acc: 0.7452, test_acc: 0.7405, f1: 0.6977
loss: 0.6035, acc: 0.7455, test_acc: 0.7310, f1: 0.6829
loss: 0.4444, acc: 0.7542, test_acc: 0.7294, f1: 0.6782
loss: 0.5045, acc: 0.7578, test_acc: 0.7247, f1: 0.6637
loss: 0.5851, acc: 0.7537, test_acc: 0.7168, f1: 0.6445
loss: 0.5541, acc: 0.7569, test_acc: 0.7073, f1: 0.6298
loss: 0.5605, acc: 0.7533, test_acc: 0.7215, f1: 0.6580
loss: 0.5146, acc: 0.7562, test_acc: 0.7310, f1: 0.6769
loss: 0.5045, acc: 0.7560, test_acc: 0.7342, f1: 0.6828
loss: 0.5798, acc: 0.7585, test_acc: 0.7453, f1: 0.6959
loss: 0.6658, acc: 0.7582, test_acc: 0.7468, f1: 0.6984
loss: 0.4747, acc: 0.7604, test_acc: 0.7453, f1: 0.6952
loss: 0.4369, acc: 0.7650, test_acc: 0.7373, f1: 0.6771
loss: 0.6718, acc: 0.7596, test_acc: 0.7342, f1: 0.6729
loss: 0.4368, acc: 0.7639, test_acc: 0.7437, f1: 0.6896
loss: 0.7871, acc: 0.7612, test_acc: 0.7342, f1: 0.6756
loss: 1.0344, acc: 0.7598, test_acc: 0.7310, f1: 0.6742
>>>>>>>>>>>>>>>>>>>>>>>>>>>>>>>>>>>>>>>>>>>>>>>>>>>>>>>>>>>>
epoch: 11
loss: 0.1724, acc: 0.9375, test_acc: 0.7215, f1: 0.6817
loss: 0.2700, acc: 0.9688, test_acc: 0.7373, f1: 0.7032
loss: 0.5302, acc: 0.9167, test_acc: 0.7389, f1: 0.6872
loss: 0.5013, acc: 0.8906, test_acc: 0.7199, f1: 0.6528
loss: 0.6555, acc: 0.8625, test_acc: 0.7278, f1: 0.6651
loss: 0.3565, acc: 0.8646, test_acc: 0.7437, f1: 0.6939
loss: 0.4588, acc: 0.8482, test_acc: 0.7342, f1: 0.6960
loss: 0.6118, acc: 0.8281, test_acc: 0.7421, f1: 0.7020
loss: 1.3199, acc: 0.7847, test_acc: 0.7389, f1: 0.6913
loss: 0.5430, acc: 0.7812, test_acc: 0.7342, f1: 0.6813
loss: 0.5481, acc: 0.7784, test_acc: 0.7278, f1: 0.6781
loss: 0.3386, acc: 0.7865, test_acc: 0.7437, f1: 0.6970
loss: 0.4270, acc: 0.7981, test_acc: 0.7263, f1: 0.6732
loss: 0.3657, acc: 0.7946, test_acc: 0.7326, f1: 0.6835
loss: 0.6040, acc: 0.7833, test_acc: 0.7405, f1: 0.6927
loss: 0.6022, acc: 0.7812, test_acc: 0.7468, f1: 0.7028
loss: 0.3814, acc: 0.7868, test_acc: 0.7437, f1: 0.6973
loss: 0.9156, acc: 0.7812, test_acc: 0.7389, f1: 0.6924
loss: 0.5585, acc: 0.7763, test_acc: 0.7437, f1: 0.7045
loss: 0.6309, acc: 0.7688, test_acc: 0.7484, f1: 0.7097
loss: 0.4326, acc: 0.7708, test_acc: 0.7310, f1: 0.6749
loss: 0.4356, acc: 0.7756, test_acc: 0.7184, f1: 0.6552
loss: 0.8890, acc: 0.7717, test_acc: 0.7025, f1: 0.6419
loss: 0.4326, acc: 0.7708, test_acc: 0.7310, f1: 0.6746
loss: 0.6734, acc: 0.7725, test_acc: 0.7184, f1: 0.6591
loss: 0.3513, acc: 0.7764, test_acc: 0.7310, f1: 0.6798
loss: 0.4569, acc: 0.7778, test_acc: 0.7358, f1: 0.6861
loss: 0.7499, acc: 0.7701, test_acc: 0.7247, f1: 0.6784
>>>>>>>>>>>>>>>>>>>>>>>>>>>>>>>>>>>>>>>>>>>>>>>>>>>>>>>>>>>>
epoch: 12
loss: 0.3437, acc: 0.8125, test_acc: 0.7184, f1: 0.6598
loss: 0.4685, acc: 0.7812, test_acc: 0.7278, f1: 0.6645
loss: 0.7277, acc: 0.7292, test_acc: 0.7231, f1: 0.6619
loss: 0.4082, acc: 0.7500, test_acc: 0.7199, f1: 0.6589
loss: 0.5626, acc: 0.7625, test_acc: 0.7278, f1: 0.6761
loss: 0.4468, acc: 0.7812, test_acc: 0.7199, f1: 0.6608
loss: 0.4631, acc: 0.7857, test_acc: 0.7184, f1: 0.6553
loss: 0.5776, acc: 0.7812, test_acc: 0.7041, f1: 0.6380
loss: 0.5688, acc: 0.7708, test_acc: 0.7263, f1: 0.6713
loss: 0.6596, acc: 0.7688, test_acc: 0.7247, f1: 0.6782
loss: 0.5513, acc: 0.7670, test_acc: 0.7231, f1: 0.6763
loss: 0.6939, acc: 0.7604, test_acc: 0.7310, f1: 0.6802
loss: 0.3903, acc: 0.7692, test_acc: 0.7168, f1: 0.6563
loss: 0.4931, acc: 0.7723, test_acc: 0.7152, f1: 0.6512
loss: 0.2699, acc: 0.7875, test_acc: 0.7231, f1: 0.6612
loss: 0.4421, acc: 0.7891, test_acc: 0.7215, f1: 0.6687
loss: 0.3712, acc: 0.7941, test_acc: 0.7168, f1: 0.6612
loss: 0.6923, acc: 0.7951, test_acc: 0.7120, f1: 0.6540
loss: 0.6672, acc: 0.7895, test_acc: 0.7120, f1: 0.6556
loss: 0.5413, acc: 0.7844, test_acc: 0.7294, f1: 0.6809
loss: 0.7276, acc: 0.7827, test_acc: 0.7263, f1: 0.6755
loss: 0.3574, acc: 0.7841, test_acc: 0.7421, f1: 0.6963
loss: 0.6076, acc: 0.7826, test_acc: 0.7358, f1: 0.6895
loss: 0.1912, acc: 0.7891, test_acc: 0.7278, f1: 0.6719
loss: 0.5061, acc: 0.7900, test_acc: 0.7168, f1: 0.6533
loss: 0.8805, acc: 0.7788, test_acc: 0.7373, f1: 0.6889
loss: 0.5997, acc: 0.7755, test_acc: 0.7310, f1: 0.6910
loss: 0.5818, acc: 0.7746, test_acc: 0.7484, f1: 0.7100
loss: 0.4367, acc: 0.7737, test_acc: 0.7468, f1: 0.7028
>>>>>>>>>>>>>>>>>>>>>>>>>>>>>>>>>>>>>>>>>>>>>>>>>>>>>>>>>>>>
epoch: 13
loss: 0.5963, acc: 0.5625, test_acc: 0.7263, f1: 0.6681
loss: 0.3945, acc: 0.7188, test_acc: 0.7247, f1: 0.6589
loss: 0.3775, acc: 0.7708, test_acc: 0.7342, f1: 0.6811
loss: 0.8250, acc: 0.7500, test_acc: 0.7453, f1: 0.6993
loss: 0.4094, acc: 0.7625, test_acc: 0.7405, f1: 0.6908
loss: 0.4729, acc: 0.7604, test_acc: 0.7358, f1: 0.6797
loss: 0.8506, acc: 0.7500, test_acc: 0.7389, f1: 0.6909
loss: 0.6332, acc: 0.7422, test_acc: 0.7215, f1: 0.6845
loss: 0.4725, acc: 0.7431, test_acc: 0.7468, f1: 0.7075
loss: 0.3926, acc: 0.7625, test_acc: 0.7326, f1: 0.6772
loss: 0.3467, acc: 0.7784, test_acc: 0.7263, f1: 0.6640
loss: 0.2096, acc: 0.7969, test_acc: 0.7310, f1: 0.6731
loss: 0.5965, acc: 0.7933, test_acc: 0.7389, f1: 0.6916
loss: 0.3201, acc: 0.7946, test_acc: 0.7278, f1: 0.6750
loss: 0.3076, acc: 0.8000, test_acc: 0.7437, f1: 0.6959
loss: 0.5521, acc: 0.7891, test_acc: 0.7500, f1: 0.7084
loss: 0.5148, acc: 0.7941, test_acc: 0.7500, f1: 0.7087
loss: 0.3664, acc: 0.7951, test_acc: 0.7453, f1: 0.7025
loss: 0.2404, acc: 0.8026, test_acc: 0.7421, f1: 0.6958
loss: 0.6244, acc: 0.8000, test_acc: 0.7231, f1: 0.6664
loss: 0.5768, acc: 0.8006, test_acc: 0.7484, f1: 0.7028
loss: 0.3722, acc: 0.8011, test_acc: 0.7342, f1: 0.6839
loss: 0.4197, acc: 0.8016, test_acc: 0.7326, f1: 0.6811
loss: 0.2494, acc: 0.8047, test_acc: 0.7405, f1: 0.7006
loss: 0.5859, acc: 0.8000, test_acc: 0.7453, f1: 0.7085
loss: 0.2687, acc: 0.8053, test_acc: 0.7437, f1: 0.7073
loss: 0.6206, acc: 0.7986, test_acc: 0.7294, f1: 0.6877
loss: 0.6089, acc: 0.7946, test_acc: 0.7136, f1: 0.6506
>>>>>>>>>>>>>>>>>>>>>>>>>>>>>>>>>>>>>>>>>>>>>>>>>>>>>>>>>>>>
epoch: 14
loss: 0.5662, acc: 0.7500, test_acc: 0.7215, f1: 0.6605
loss: 0.3569, acc: 0.8438, test_acc: 0.7294, f1: 0.6779
loss: 0.5957, acc: 0.8125, test_acc: 0.7421, f1: 0.6984
loss: 0.3565, acc: 0.8125, test_acc: 0.7389, f1: 0.7005
loss: 0.2758, acc: 0.8375, test_acc: 0.7342, f1: 0.6902
loss: 0.5729, acc: 0.8438, test_acc: 0.7247, f1: 0.6700
loss: 0.2391, acc: 0.8571, test_acc: 0.7294, f1: 0.6710
loss: 0.3902, acc: 0.8594, test_acc: 0.7453, f1: 0.6949
loss: 0.3008, acc: 0.8611, test_acc: 0.7342, f1: 0.6886
loss: 0.2941, acc: 0.8625, test_acc: 0.7104, f1: 0.6746
loss: 0.6648, acc: 0.8636, test_acc: 0.7136, f1: 0.6610
loss: 0.4083, acc: 0.8594, test_acc: 0.7263, f1: 0.6694
loss: 0.3791, acc: 0.8606, test_acc: 0.7310, f1: 0.6767
loss: 0.2954, acc: 0.8661, test_acc: 0.7405, f1: 0.6896
loss: 0.8339, acc: 0.8583, test_acc: 0.7342, f1: 0.6819
loss: 0.7639, acc: 0.8438, test_acc: 0.7184, f1: 0.6530
loss: 0.3498, acc: 0.8456, test_acc: 0.7104, f1: 0.6297
loss: 0.5553, acc: 0.8403, test_acc: 0.7263, f1: 0.6640
loss: 0.7010, acc: 0.8355, test_acc: 0.7184, f1: 0.6791
loss: 0.3331, acc: 0.8375, test_acc: 0.7310, f1: 0.6927
loss: 0.3632, acc: 0.8423, test_acc: 0.7326, f1: 0.6845
loss: 0.7698, acc: 0.8352, test_acc: 0.7136, f1: 0.6428
loss: 0.6344, acc: 0.8288, test_acc: 0.7247, f1: 0.6561
loss: 0.5419, acc: 0.8281, test_acc: 0.7326, f1: 0.6769
loss: 0.3725, acc: 0.8300, test_acc: 0.7453, f1: 0.6998
loss: 0.3700, acc: 0.8293, test_acc: 0.7484, f1: 0.7052
loss: 0.5176, acc: 0.8287, test_acc: 0.7547, f1: 0.7133
loss: 0.5648, acc: 0.8259, test_acc: 0.7453, f1: 0.7022
loss: 0.9018, acc: 0.8211, test_acc: 0.7294, f1: 0.6799
>>>>>>>>>>>>>>>>>>>>>>>>>>>>>>>>>>>>>>>>>>>>>>>>>>>>>>>>>>>>
epoch: 15
loss: 0.5999, acc: 0.6875, test_acc: 0.7326, f1: 0.6837
loss: 0.5524, acc: 0.7188, test_acc: 0.7278, f1: 0.6740
loss: 0.5814, acc: 0.7500, test_acc: 0.7358, f1: 0.6836
loss: 0.3008, acc: 0.7969, test_acc: 0.7358, f1: 0.6849
loss: 0.3663, acc: 0.8125, test_acc: 0.7310, f1: 0.6818
loss: 0.5610, acc: 0.8229, test_acc: 0.7294, f1: 0.6818
loss: 0.4709, acc: 0.8125, test_acc: 0.7310, f1: 0.6869
loss: 0.3613, acc: 0.8203, test_acc: 0.7373, f1: 0.6888
loss: 0.1675, acc: 0.8333, test_acc: 0.7437, f1: 0.6972
loss: 0.6697, acc: 0.8063, test_acc: 0.7453, f1: 0.6966
loss: 0.9004, acc: 0.7898, test_acc: 0.7278, f1: 0.6760
loss: 0.4243, acc: 0.7865, test_acc: 0.7437, f1: 0.6990
loss: 0.6712, acc: 0.7885, test_acc: 0.7516, f1: 0.7103
loss: 0.2663, acc: 0.7991, test_acc: 0.7500, f1: 0.7022
loss: 0.6745, acc: 0.7917, test_acc: 0.7484, f1: 0.7015
loss: 0.5014, acc: 0.7891, test_acc: 0.7532, f1: 0.7098
loss: 0.6196, acc: 0.7904, test_acc: 0.7468, f1: 0.6971
>> saved: ./log/state_dict/gcn_laptop_acc_0.7579_f1_0.7112
loss: 0.2368, acc: 0.7986, test_acc: 0.7579, f1: 0.7112
loss: 0.1926, acc: 0.8059, test_acc: 0.7421, f1: 0.7002
loss: 0.1719, acc: 0.8156, test_acc: 0.7215, f1: 0.6834
loss: 0.2741, acc: 0.8214, test_acc: 0.7104, f1: 0.6756
loss: 0.4717, acc: 0.8182, test_acc: 0.7373, f1: 0.6974
loss: 0.5078, acc: 0.8125, test_acc: 0.7437, f1: 0.6942
loss: 0.6591, acc: 0.8073, test_acc: 0.7405, f1: 0.6870
loss: 0.6493, acc: 0.8050, test_acc: 0.7421, f1: 0.6950
loss: 0.3734, acc: 0.8077, test_acc: 0.7500, f1: 0.7076
loss: 0.4564, acc: 0.8056, test_acc: 0.7373, f1: 0.6893
loss: 0.5398, acc: 0.8058, test_acc: 0.7310, f1: 0.6797
loss: 0.7149, acc: 0.8013, test_acc: 0.7437, f1: 0.6984
>>>>>>>>>>>>>>>>>>>>>>>>>>>>>>>>>>>>>>>>>>>>>>>>>>>>>>>>>>>>
epoch: 16
loss: 0.5279, acc: 0.7500, test_acc: 0.7453, f1: 0.6987
loss: 0.4229, acc: 0.7812, test_acc: 0.7405, f1: 0.6878
loss: 0.4180, acc: 0.7917, test_acc: 0.7405, f1: 0.6903
loss: 0.4286, acc: 0.7812, test_acc: 0.7405, f1: 0.6936
loss: 0.5968, acc: 0.7500, test_acc: 0.7342, f1: 0.6879
loss: 0.4074, acc: 0.7708, test_acc: 0.7437, f1: 0.7034
loss: 0.7918, acc: 0.7500, test_acc: 0.7373, f1: 0.6850
loss: 0.6176, acc: 0.7500, test_acc: 0.7326, f1: 0.6695
loss: 0.3706, acc: 0.7639, test_acc: 0.7263, f1: 0.6608
loss: 0.7087, acc: 0.7750, test_acc: 0.7168, f1: 0.6616
loss: 0.7932, acc: 0.7670, test_acc: 0.7263, f1: 0.6932
loss: 0.7973, acc: 0.7604, test_acc: 0.7104, f1: 0.6878
loss: 0.3374, acc: 0.7740, test_acc: 0.7294, f1: 0.7011
loss: 0.4124, acc: 0.7812, test_acc: 0.7389, f1: 0.6959
loss: 0.5015, acc: 0.7833, test_acc: 0.7294, f1: 0.6751
loss: 0.2525, acc: 0.7891, test_acc: 0.7310, f1: 0.6758
loss: 0.2817, acc: 0.7941, test_acc: 0.7342, f1: 0.6814
loss: 0.5010, acc: 0.7951, test_acc: 0.7453, f1: 0.6966
loss: 0.5609, acc: 0.7961, test_acc: 0.7389, f1: 0.6833
loss: 0.4050, acc: 0.8000, test_acc: 0.7294, f1: 0.6742
loss: 0.4779, acc: 0.7946, test_acc: 0.7358, f1: 0.6959
loss: 0.3975, acc: 0.7983, test_acc: 0.7484, f1: 0.7136
loss: 0.4796, acc: 0.7989, test_acc: 0.7421, f1: 0.7015
loss: 0.3201, acc: 0.8021, test_acc: 0.7373, f1: 0.6884
loss: 0.3449, acc: 0.8025, test_acc: 0.7326, f1: 0.6777
loss: 0.4614, acc: 0.8005, test_acc: 0.7263, f1: 0.6696
loss: 0.6842, acc: 0.7963, test_acc: 0.7358, f1: 0.6815
loss: 0.6142, acc: 0.7969, test_acc: 0.7405, f1: 0.6953
>>>>>>>>>>>>>>>>>>>>>>>>>>>>>>>>>>>>>>>>>>>>>>>>>>>>>>>>>>>>
epoch: 17
loss: 0.3496, acc: 0.8750, test_acc: 0.7547, f1: 0.7203
loss: 0.4004, acc: 0.8438, test_acc: 0.7453, f1: 0.7106
loss: 0.5036, acc: 0.8333, test_acc: 0.7421, f1: 0.7001
loss: 0.4502, acc: 0.8438, test_acc: 0.7389, f1: 0.6878
loss: 1.0398, acc: 0.7750, test_acc: 0.7358, f1: 0.6791
loss: 0.5954, acc: 0.7708, test_acc: 0.7437, f1: 0.6896
loss: 0.4175, acc: 0.7768, test_acc: 0.7421, f1: 0.6929
loss: 0.5660, acc: 0.7812, test_acc: 0.7199, f1: 0.6820
loss: 0.2978, acc: 0.7986, test_acc: 0.7278, f1: 0.6926
loss: 0.6579, acc: 0.7875, test_acc: 0.7215, f1: 0.6864
loss: 0.4452, acc: 0.7784, test_acc: 0.7326, f1: 0.6920
loss: 0.6528, acc: 0.7760, test_acc: 0.7453, f1: 0.7003
loss: 0.4192, acc: 0.7885, test_acc: 0.7421, f1: 0.6967
loss: 0.1743, acc: 0.8036, test_acc: 0.7326, f1: 0.6866
loss: 0.4377, acc: 0.8042, test_acc: 0.7025, f1: 0.6594
loss: 0.4966, acc: 0.8008, test_acc: 0.7120, f1: 0.6661
loss: 0.5443, acc: 0.8015, test_acc: 0.7199, f1: 0.6622
loss: 0.5583, acc: 0.7986, test_acc: 0.7342, f1: 0.6821
loss: 0.1771, acc: 0.8092, test_acc: 0.7468, f1: 0.7025
loss: 0.6559, acc: 0.8063, test_acc: 0.7389, f1: 0.6908
loss: 0.3357, acc: 0.8065, test_acc: 0.7278, f1: 0.6784
loss: 0.8514, acc: 0.8011, test_acc: 0.7199, f1: 0.6754
loss: 0.3016, acc: 0.8043, test_acc: 0.7358, f1: 0.6948
loss: 0.4287, acc: 0.8047, test_acc: 0.7358, f1: 0.6950
loss: 0.5781, acc: 0.8050, test_acc: 0.7484, f1: 0.7037
loss: 0.3457, acc: 0.8077, test_acc: 0.7516, f1: 0.7092
loss: 0.3369, acc: 0.8102, test_acc: 0.7342, f1: 0.6889
loss: 0.5074, acc: 0.8036, test_acc: 0.7199, f1: 0.6559
loss: 0.3507, acc: 0.8039, test_acc: 0.7231, f1: 0.6603
>>>>>>>>>>>>>>>>>>>>>>>>>>>>>>>>>>>>>>>>>>>>>>>>>>>>>>>>>>>>
epoch: 18
loss: 0.1565, acc: 1.0000, test_acc: 0.7453, f1: 0.6962
loss: 0.3296, acc: 0.9375, test_acc: 0.7547, f1: 0.7145
loss: 0.3132, acc: 0.9167, test_acc: 0.7516, f1: 0.7159
loss: 0.4645, acc: 0.8906, test_acc: 0.7437, f1: 0.7052
loss: 0.5732, acc: 0.8750, test_acc: 0.7310, f1: 0.6788
loss: 0.9887, acc: 0.8021, test_acc: 0.7294, f1: 0.6747
loss: 0.2470, acc: 0.8125, test_acc: 0.7294, f1: 0.6736
loss: 0.5786, acc: 0.7969, test_acc: 0.7247, f1: 0.6684
loss: 0.2657, acc: 0.8056, test_acc: 0.7247, f1: 0.6675
loss: 0.6547, acc: 0.8000, test_acc: 0.7215, f1: 0.6622
loss: 0.2782, acc: 0.8068, test_acc: 0.7437, f1: 0.6978
loss: 0.9117, acc: 0.7917, test_acc: 0.7484, f1: 0.7099
loss: 0.2619, acc: 0.8077, test_acc: 0.7326, f1: 0.6976
loss: 0.4089, acc: 0.8080, test_acc: 0.7421, f1: 0.7004
>> saved: ./log/state_dict/gcn_laptop_acc_0.7611_f1_0.7223
loss: 0.4145, acc: 0.8125, test_acc: 0.7611, f1: 0.7223
loss: 0.5389, acc: 0.8164, test_acc: 0.7532, f1: 0.7125
loss: 0.6255, acc: 0.8125, test_acc: 0.7468, f1: 0.6958
loss: 0.4667, acc: 0.8160, test_acc: 0.7437, f1: 0.6948
loss: 0.4138, acc: 0.8191, test_acc: 0.7437, f1: 0.7031
loss: 0.3547, acc: 0.8187, test_acc: 0.7437, f1: 0.7021
loss: 0.5631, acc: 0.8185, test_acc: 0.7437, f1: 0.6971
loss: 0.2127, acc: 0.8267, test_acc: 0.7484, f1: 0.7086
loss: 0.1617, acc: 0.8315, test_acc: 0.7421, f1: 0.7105
loss: 1.0088, acc: 0.8203, test_acc: 0.7389, f1: 0.7056
loss: 0.1556, acc: 0.8275, test_acc: 0.7358, f1: 0.6805
loss: 0.1900, acc: 0.8317, test_acc: 0.7278, f1: 0.6682
loss: 0.6198, acc: 0.8287, test_acc: 0.7326, f1: 0.6748
loss: 0.3817, acc: 0.8304, test_acc: 0.7579, f1: 0.7154
>>>>>>>>>>>>>>>>>>>>>>>>>>>>>>>>>>>>>>>>>>>>>>>>>>>>>>>>>>>>
epoch: 19
loss: 0.8499, acc: 0.6250, test_acc: 0.7389, f1: 0.7029
loss: 0.1805, acc: 0.7812, test_acc: 0.7373, f1: 0.7106
loss: 0.5926, acc: 0.7708, test_acc: 0.7421, f1: 0.7102
loss: 0.4249, acc: 0.7812, test_acc: 0.7500, f1: 0.7113
loss: 0.3042, acc: 0.8125, test_acc: 0.7453, f1: 0.7027
loss: 0.4008, acc: 0.8021, test_acc: 0.7405, f1: 0.7008
loss: 0.4610, acc: 0.7857, test_acc: 0.7373, f1: 0.6967
loss: 0.3213, acc: 0.8047, test_acc: 0.7326, f1: 0.6894
loss: 0.7185, acc: 0.7847, test_acc: 0.7373, f1: 0.6872
loss: 0.5416, acc: 0.7875, test_acc: 0.7405, f1: 0.6868
loss: 0.5627, acc: 0.7898, test_acc: 0.7405, f1: 0.6793
loss: 0.3090, acc: 0.7969, test_acc: 0.7421, f1: 0.6862
loss: 0.5389, acc: 0.7981, test_acc: 0.7500, f1: 0.7017
loss: 0.3038, acc: 0.8036, test_acc: 0.7453, f1: 0.6998
loss: 0.5743, acc: 0.8000, test_acc: 0.7310, f1: 0.6899
loss: 0.1291, acc: 0.8125, test_acc: 0.7310, f1: 0.6866
loss: 0.3831, acc: 0.8162, test_acc: 0.7326, f1: 0.6771
loss: 0.2617, acc: 0.8229, test_acc: 0.7168, f1: 0.6537
loss: 0.4950, acc: 0.8224, test_acc: 0.7373, f1: 0.6869
loss: 0.5642, acc: 0.8219, test_acc: 0.7358, f1: 0.6962
loss: 0.5823, acc: 0.8185, test_acc: 0.7516, f1: 0.7123
loss: 0.2373, acc: 0.8239, test_acc: 0.7373, f1: 0.6824
loss: 0.1444, acc: 0.8288, test_acc: 0.7215, f1: 0.6559
loss: 0.2442, acc: 0.8307, test_acc: 0.7278, f1: 0.6725
loss: 0.4689, acc: 0.8325, test_acc: 0.7405, f1: 0.7008
loss: 0.4052, acc: 0.8293, test_acc: 0.7532, f1: 0.7157
loss: 0.6848, acc: 0.8264, test_acc: 0.7468, f1: 0.7066
loss: 0.5257, acc: 0.8237, test_acc: 0.7453, f1: 0.7061
loss: 0.3121, acc: 0.8276, test_acc: 0.7437, f1: 0.7055
>>>>>>>>>>>>>>>>>>>>>>>>>>>>>>>>>>>>>>>>>>>>>>>>>>>>>>>>>>>>
epoch: 20
loss: 0.6042, acc: 0.5625, test_acc: 0.7247, f1: 0.6736
loss: 0.7376, acc: 0.5938, test_acc: 0.7168, f1: 0.6612
loss: 0.2945, acc: 0.7083, test_acc: 0.7342, f1: 0.6897
loss: 0.8843, acc: 0.7188, test_acc: 0.7373, f1: 0.6997
loss: 0.5153, acc: 0.7500, test_acc: 0.7326, f1: 0.6905
loss: 0.2871, acc: 0.7604, test_acc: 0.7294, f1: 0.6895
loss: 0.5577, acc: 0.7768, test_acc: 0.7278, f1: 0.6836
loss: 0.4912, acc: 0.7891, test_acc: 0.7152, f1: 0.6497
loss: 0.8934, acc: 0.7778, test_acc: 0.7104, f1: 0.6452
loss: 0.2164, acc: 0.7937, test_acc: 0.7342, f1: 0.6949
loss: 0.2605, acc: 0.8068, test_acc: 0.7358, f1: 0.7004
loss: 0.6799, acc: 0.8073, test_acc: 0.7373, f1: 0.7015
loss: 0.3754, acc: 0.8077, test_acc: 0.7358, f1: 0.6911
loss: 0.4989, acc: 0.8036, test_acc: 0.7310, f1: 0.6811
loss: 0.4359, acc: 0.7958, test_acc: 0.7278, f1: 0.6746
loss: 0.6310, acc: 0.7891, test_acc: 0.7373, f1: 0.6890
loss: 0.0508, acc: 0.8015, test_acc: 0.7437, f1: 0.7042
loss: 0.4384, acc: 0.7986, test_acc: 0.7421, f1: 0.7042
loss: 0.4970, acc: 0.8059, test_acc: 0.7373, f1: 0.6970
loss: 0.6531, acc: 0.8031, test_acc: 0.7294, f1: 0.6867
loss: 0.4303, acc: 0.8036, test_acc: 0.7547, f1: 0.7177
loss: 0.2606, acc: 0.8125, test_acc: 0.7595, f1: 0.7236
loss: 0.3118, acc: 0.8152, test_acc: 0.7547, f1: 0.7135
loss: 0.3858, acc: 0.8151, test_acc: 0.7437, f1: 0.6972
loss: 0.0718, acc: 0.8225, test_acc: 0.7373, f1: 0.6874
loss: 0.3263, acc: 0.8245, test_acc: 0.7468, f1: 0.6986
loss: 0.1441, acc: 0.8287, test_acc: 0.7516, f1: 0.7056
loss: 0.3536, acc: 0.8304, test_acc: 0.7500, f1: 0.7063
>> saved: ./log/state_dict/gcn_laptop_acc_0.7627_f1_0.7237
loss: 0.3194, acc: 0.8319, test_acc: 0.7627, f1: 0.7237
>>>>>>>>>>>>>>>>>>>>>>>>>>>>>>>>>>>>>>>>>>>>>>>>>>>>>>>>>>>>
epoch: 21
loss: 0.2778, acc: 0.9375, test_acc: 0.7484, f1: 0.7133
loss: 0.3898, acc: 0.8750, test_acc: 0.7468, f1: 0.7123
loss: 0.2148, acc: 0.8958, test_acc: 0.7547, f1: 0.7144
loss: 0.3361, acc: 0.8594, test_acc: 0.7468, f1: 0.7039
loss: 0.6480, acc: 0.8250, test_acc: 0.7437, f1: 0.6987
loss: 0.2299, acc: 0.8438, test_acc: 0.7532, f1: 0.7109
loss: 0.3078, acc: 0.8393, test_acc: 0.7373, f1: 0.7013
loss: 0.1360, acc: 0.8594, test_acc: 0.7263, f1: 0.6902
loss: 0.4997, acc: 0.8472, test_acc: 0.7358, f1: 0.6954
loss: 0.4262, acc: 0.8500, test_acc: 0.7468, f1: 0.7031
loss: 0.5160, acc: 0.8409, test_acc: 0.7437, f1: 0.7012
loss: 0.4163, acc: 0.8385, test_acc: 0.7437, f1: 0.7026
loss: 0.2554, acc: 0.8462, test_acc: 0.7358, f1: 0.6849
loss: 0.2935, acc: 0.8527, test_acc: 0.7326, f1: 0.6789
loss: 0.4462, acc: 0.8542, test_acc: 0.7453, f1: 0.6971
loss: 0.2482, acc: 0.8594, test_acc: 0.7373, f1: 0.6926
loss: 0.4704, acc: 0.8493, test_acc: 0.7453, f1: 0.7045
loss: 0.2202, acc: 0.8542, test_acc: 0.7405, f1: 0.6989
loss: 0.3483, acc: 0.8553, test_acc: 0.7468, f1: 0.7021
loss: 1.0304, acc: 0.8438, test_acc: 0.7563, f1: 0.7143
loss: 0.3497, acc: 0.8423, test_acc: 0.7579, f1: 0.7186
loss: 0.1989, acc: 0.8466, test_acc: 0.7231, f1: 0.6701
loss: 0.5266, acc: 0.8424, test_acc: 0.7168, f1: 0.6624
loss: 0.6262, acc: 0.8307, test_acc: 0.7263, f1: 0.6674
loss: 0.3666, acc: 0.8350, test_acc: 0.7579, f1: 0.7130
loss: 0.1794, acc: 0.8389, test_acc: 0.7611, f1: 0.7238
loss: 0.7107, acc: 0.8356, test_acc: 0.7516, f1: 0.7127
loss: 0.1734, acc: 0.8415, test_acc: 0.7437, f1: 0.6960
>>>>>>>>>>>>>>>>>>>>>>>>>>>>>>>>>>>>>>>>>>>>>>>>>>>>>>>>>>>>
epoch: 22
loss: 0.2945, acc: 0.8750, test_acc: 0.7453, f1: 0.6975
loss: 0.0424, acc: 0.9375, test_acc: 0.7389, f1: 0.6900
loss: 0.4538, acc: 0.8750, test_acc: 0.7437, f1: 0.6951
loss: 0.6031, acc: 0.8438, test_acc: 0.7437, f1: 0.6967
loss: 0.1904, acc: 0.8625, test_acc: 0.7595, f1: 0.7216
loss: 0.3430, acc: 0.8646, test_acc: 0.7611, f1: 0.7238
>> saved: ./log/state_dict/gcn_laptop_acc_0.7722_f1_0.7394
loss: 0.3784, acc: 0.8661, test_acc: 0.7722, f1: 0.7394
>> saved: ./log/state_dict/gcn_laptop_acc_0.7769_f1_0.7425
loss: 0.3555, acc: 0.8594, test_acc: 0.7769, f1: 0.7425
loss: 0.1889, acc: 0.8611, test_acc: 0.7658, f1: 0.7274
>> saved: ./log/state_dict/gcn_laptop_acc_0.7801_f1_0.7482
loss: 0.4747, acc: 0.8625, test_acc: 0.7801, f1: 0.7482
>> saved: ./log/state_dict/gcn_laptop_acc_0.7848_f1_0.7532
loss: 0.7539, acc: 0.8523, test_acc: 0.7848, f1: 0.7532
loss: 0.6022, acc: 0.8490, test_acc: 0.7579, f1: 0.7174
loss: 0.1639, acc: 0.8510, test_acc: 0.7168, f1: 0.6572
loss: 0.4912, acc: 0.8393, test_acc: 0.7294, f1: 0.6639
loss: 0.5150, acc: 0.8333, test_acc: 0.7389, f1: 0.6867
loss: 0.3270, acc: 0.8398, test_acc: 0.7532, f1: 0.7133
loss: 0.2950, acc: 0.8456, test_acc: 0.7579, f1: 0.7239
loss: 0.1453, acc: 0.8542, test_acc: 0.7595, f1: 0.7228
loss: 0.1774, acc: 0.8618, test_acc: 0.7500, f1: 0.7097
loss: 0.4852, acc: 0.8594, test_acc: 0.7500, f1: 0.7091
loss: 0.1662, acc: 0.8631, test_acc: 0.7389, f1: 0.7020
loss: 0.4989, acc: 0.8608, test_acc: 0.7184, f1: 0.6803
loss: 0.3008, acc: 0.8614, test_acc: 0.7453, f1: 0.7030
loss: 0.4389, acc: 0.8594, test_acc: 0.7247, f1: 0.6689
loss: 0.2598, acc: 0.8575, test_acc: 0.7294, f1: 0.6742
loss: 0.4556, acc: 0.8534, test_acc: 0.7294, f1: 0.6756
loss: 0.4361, acc: 0.8495, test_acc: 0.7231, f1: 0.6735
loss: 0.1908, acc: 0.8504, test_acc: 0.7310, f1: 0.6950
loss: 0.9323, acc: 0.8405, test_acc: 0.7405, f1: 0.7154
>>>>>>>>>>>>>>>>>>>>>>>>>>>>>>>>>>>>>>>>>>>>>>>>>>>>>>>>>>>>
epoch: 23
loss: 0.4553, acc: 0.7500, test_acc: 0.7642, f1: 0.7369
loss: 0.1734, acc: 0.8438, test_acc: 0.7532, f1: 0.7146
loss: 0.2443, acc: 0.8750, test_acc: 0.7373, f1: 0.6910
loss: 0.5557, acc: 0.8594, test_acc: 0.7468, f1: 0.7041
loss: 0.2696, acc: 0.8625, test_acc: 0.7611, f1: 0.7248
loss: 0.1832, acc: 0.8750, test_acc: 0.7547, f1: 0.7142
loss: 0.0719, acc: 0.8929, test_acc: 0.7484, f1: 0.7022
loss: 0.3600, acc: 0.8906, test_acc: 0.7421, f1: 0.6988
loss: 0.4325, acc: 0.8819, test_acc: 0.7342, f1: 0.6969
loss: 0.4775, acc: 0.8812, test_acc: 0.7484, f1: 0.7100
loss: 0.5900, acc: 0.8807, test_acc: 0.7484, f1: 0.7056
loss: 0.3105, acc: 0.8802, test_acc: 0.7263, f1: 0.6714
loss: 0.3665, acc: 0.8798, test_acc: 0.7326, f1: 0.6934
loss: 0.2254, acc: 0.8839, test_acc: 0.7468, f1: 0.7105
loss: 0.6660, acc: 0.8750, test_acc: 0.7484, f1: 0.7097
loss: 0.6515, acc: 0.8633, test_acc: 0.7421, f1: 0.7010
loss: 0.2542, acc: 0.8640, test_acc: 0.7453, f1: 0.7008
loss: 0.0738, acc: 0.8715, test_acc: 0.7437, f1: 0.7042
loss: 0.4655, acc: 0.8651, test_acc: 0.7468, f1: 0.7082
loss: 0.1720, acc: 0.8719, test_acc: 0.7532, f1: 0.7180
loss: 0.3932, acc: 0.8690, test_acc: 0.7595, f1: 0.7280
loss: 0.6986, acc: 0.8665, test_acc: 0.7468, f1: 0.7162
loss: 0.4108, acc: 0.8614, test_acc: 0.7500, f1: 0.7189
loss: 0.3567, acc: 0.8594, test_acc: 0.7437, f1: 0.7090
loss: 0.1715, acc: 0.8650, test_acc: 0.7278, f1: 0.6856
loss: 0.2670, acc: 0.8654, test_acc: 0.7310, f1: 0.6869
loss: 0.2870, acc: 0.8657, test_acc: 0.7326, f1: 0.6911
loss: 0.2508, acc: 0.8661, test_acc: 0.7453, f1: 0.7096
>>>>>>>>>>>>>>>>>>>>>>>>>>>>>>>>>>>>>>>>>>>>>>>>>>>>>>>>>>>>
epoch: 24
loss: 0.6746, acc: 0.8125, test_acc: 0.7579, f1: 0.7257
loss: 0.3185, acc: 0.8125, test_acc: 0.7358, f1: 0.6921
loss: 0.2112, acc: 0.8542, test_acc: 0.7104, f1: 0.6511
loss: 0.4706, acc: 0.8594, test_acc: 0.7231, f1: 0.6658
loss: 0.4926, acc: 0.8500, test_acc: 0.7278, f1: 0.6926
loss: 0.6493, acc: 0.8542, test_acc: 0.7421, f1: 0.7167
loss: 0.3983, acc: 0.8304, test_acc: 0.7579, f1: 0.7258
loss: 0.1540, acc: 0.8438, test_acc: 0.7468, f1: 0.7013
loss: 0.1090, acc: 0.8611, test_acc: 0.7373, f1: 0.6886
loss: 0.2826, acc: 0.8625, test_acc: 0.7437, f1: 0.6956
loss: 0.2286, acc: 0.8693, test_acc: 0.7611, f1: 0.7218
loss: 0.1115, acc: 0.8802, test_acc: 0.7595, f1: 0.7194
loss: 0.4635, acc: 0.8750, test_acc: 0.7595, f1: 0.7213
loss: 0.4428, acc: 0.8705, test_acc: 0.7563, f1: 0.7168
loss: 0.4598, acc: 0.8667, test_acc: 0.7595, f1: 0.7272
loss: 0.3825, acc: 0.8672, test_acc: 0.7437, f1: 0.6977
loss: 0.2773, acc: 0.8640, test_acc: 0.7373, f1: 0.6882
loss: 0.5958, acc: 0.8576, test_acc: 0.7358, f1: 0.6887
loss: 0.3361, acc: 0.8586, test_acc: 0.7484, f1: 0.7068
loss: 0.3763, acc: 0.8562, test_acc: 0.7373, f1: 0.6952
loss: 0.4215, acc: 0.8571, test_acc: 0.7358, f1: 0.6875
loss: 0.6607, acc: 0.8466, test_acc: 0.7294, f1: 0.6795
loss: 0.4479, acc: 0.8424, test_acc: 0.7326, f1: 0.6878
loss: 0.3803, acc: 0.8438, test_acc: 0.7437, f1: 0.7073
loss: 0.3163, acc: 0.8425, test_acc: 0.7468, f1: 0.7107
loss: 0.4810, acc: 0.8413, test_acc: 0.7437, f1: 0.7041
loss: 0.8335, acc: 0.8356, test_acc: 0.7263, f1: 0.6782
loss: 0.1911, acc: 0.8393, test_acc: 0.7215, f1: 0.6674
loss: 0.4401, acc: 0.8405, test_acc: 0.7199, f1: 0.6613
>>>>>>>>>>>>>>>>>>>>>>>>>>>>>>>>>>>>>>>>>>>>>>>>>>>>>>>>>>>>
epoch: 25
loss: 0.5297, acc: 0.7500, test_acc: 0.7437, f1: 0.7014
loss: 0.4995, acc: 0.7500, test_acc: 0.7563, f1: 0.7208
loss: 0.4127, acc: 0.7500, test_acc: 0.7453, f1: 0.7053
loss: 0.2473, acc: 0.7969, test_acc: 0.7263, f1: 0.6657
loss: 0.4094, acc: 0.8000, test_acc: 0.7294, f1: 0.6653
loss: 0.2562, acc: 0.8021, test_acc: 0.7437, f1: 0.6969
loss: 0.1710, acc: 0.8214, test_acc: 0.7437, f1: 0.7008
loss: 0.6793, acc: 0.8047, test_acc: 0.7484, f1: 0.7055
loss: 0.1284, acc: 0.8264, test_acc: 0.7500, f1: 0.7076
loss: 0.0635, acc: 0.8438, test_acc: 0.7532, f1: 0.7109
loss: 0.3626, acc: 0.8352, test_acc: 0.7627, f1: 0.7287
loss: 0.2805, acc: 0.8385, test_acc: 0.7690, f1: 0.7359
loss: 0.4141, acc: 0.8413, test_acc: 0.7563, f1: 0.7213
loss: 0.4749, acc: 0.8438, test_acc: 0.7516, f1: 0.7145
loss: 0.4077, acc: 0.8417, test_acc: 0.7532, f1: 0.7128
loss: 0.8703, acc: 0.8320, test_acc: 0.7547, f1: 0.7137
loss: 0.3709, acc: 0.8346, test_acc: 0.7421, f1: 0.7020
loss: 0.4277, acc: 0.8368, test_acc: 0.7421, f1: 0.7056
loss: 0.3538, acc: 0.8388, test_acc: 0.7421, f1: 0.7057
loss: 0.6038, acc: 0.8406, test_acc: 0.7453, f1: 0.7093
loss: 0.3217, acc: 0.8423, test_acc: 0.7484, f1: 0.7107
loss: 0.4947, acc: 0.8409, test_acc: 0.7468, f1: 0.7086
loss: 0.4123, acc: 0.8424, test_acc: 0.7342, f1: 0.6897
loss: 0.4307, acc: 0.8438, test_acc: 0.7247, f1: 0.6721
loss: 0.3111, acc: 0.8425, test_acc: 0.7405, f1: 0.6980
loss: 0.2018, acc: 0.8462, test_acc: 0.7642, f1: 0.7352
loss: 0.4316, acc: 0.8426, test_acc: 0.7500, f1: 0.7130
loss: 0.1574, acc: 0.8482, test_acc: 0.7453, f1: 0.6989
loss: 0.3001, acc: 0.8493, test_acc: 0.7199, f1: 0.6563
>>>>>>>>>>>>>>>>>>>>>>>>>>>>>>>>>>>>>>>>>>>>>>>>>>>>>>>>>>>>
epoch: 26
loss: 0.4798, acc: 0.7500, test_acc: 0.7247, f1: 0.6535
loss: 0.9022, acc: 0.6875, test_acc: 0.7405, f1: 0.6944
loss: 0.3172, acc: 0.7708, test_acc: 0.7595, f1: 0.7242
loss: 0.2606, acc: 0.7969, test_acc: 0.7484, f1: 0.7099
loss: 0.6704, acc: 0.7875, test_acc: 0.7326, f1: 0.6917
loss: 0.5735, acc: 0.7917, test_acc: 0.7215, f1: 0.6641
loss: 0.4475, acc: 0.8036, test_acc: 0.7152, f1: 0.6419
loss: 0.2917, acc: 0.8203, test_acc: 0.7215, f1: 0.6549
loss: 0.3358, acc: 0.8194, test_acc: 0.7310, f1: 0.6723
loss: 0.4792, acc: 0.8125, test_acc: 0.7358, f1: 0.6881
loss: 0.1482, acc: 0.8239, test_acc: 0.7484, f1: 0.7037
loss: 0.4539, acc: 0.8177, test_acc: 0.7516, f1: 0.7066
loss: 0.3509, acc: 0.8221, test_acc: 0.7547, f1: 0.7124
loss: 0.5216, acc: 0.8170, test_acc: 0.7516, f1: 0.7118
loss: 0.4109, acc: 0.8167, test_acc: 0.7595, f1: 0.7265
loss: 0.7159, acc: 0.8047, test_acc: 0.7468, f1: 0.7140
loss: 0.2758, acc: 0.8125, test_acc: 0.7294, f1: 0.6843
loss: 0.7612, acc: 0.8021, test_acc: 0.7468, f1: 0.6975
loss: 0.4077, acc: 0.8026, test_acc: 0.7437, f1: 0.6940
loss: 0.4332, acc: 0.7969, test_acc: 0.7421, f1: 0.6934
loss: 0.2890, acc: 0.8006, test_acc: 0.7358, f1: 0.6853
loss: 0.3821, acc: 0.8040, test_acc: 0.7468, f1: 0.7046
loss: 0.2413, acc: 0.8071, test_acc: 0.7421, f1: 0.7014
loss: 0.1856, acc: 0.8099, test_acc: 0.7405, f1: 0.6957
loss: 0.2902, acc: 0.8150, test_acc: 0.7373, f1: 0.6954
loss: 0.3613, acc: 0.8173, test_acc: 0.7421, f1: 0.7045
loss: 0.3895, acc: 0.8218, test_acc: 0.7373, f1: 0.6984
loss: 0.2725, acc: 0.8237, test_acc: 0.7373, f1: 0.6970
>>>>>>>>>>>>>>>>>>>>>>>>>>>>>>>>>>>>>>>>>>>>>>>>>>>>>>>>>>>>
epoch: 27
loss: 0.5655, acc: 0.7500, test_acc: 0.7389, f1: 0.6955
loss: 0.4032, acc: 0.7812, test_acc: 0.7405, f1: 0.6942
loss: 0.2291, acc: 0.8542, test_acc: 0.7579, f1: 0.7195
loss: 0.4146, acc: 0.8594, test_acc: 0.7658, f1: 0.7306
loss: 0.4791, acc: 0.8625, test_acc: 0.7642, f1: 0.7324
loss: 0.1385, acc: 0.8750, test_acc: 0.7658, f1: 0.7355
loss: 0.4223, acc: 0.8661, test_acc: 0.7421, f1: 0.7060
loss: 0.6754, acc: 0.8516, test_acc: 0.7342, f1: 0.6927
loss: 0.6741, acc: 0.8403, test_acc: 0.7310, f1: 0.6837
loss: 0.6911, acc: 0.8250, test_acc: 0.7342, f1: 0.6889
loss: 0.6423, acc: 0.8239, test_acc: 0.7389, f1: 0.6905
loss: 0.2565, acc: 0.8333, test_acc: 0.7547, f1: 0.7144
loss: 0.2617, acc: 0.8413, test_acc: 0.7500, f1: 0.7147
loss: 0.1095, acc: 0.8527, test_acc: 0.7437, f1: 0.7040
loss: 0.3113, acc: 0.8500, test_acc: 0.7421, f1: 0.6970
loss: 0.3107, acc: 0.8477, test_acc: 0.7278, f1: 0.6797
loss: 0.1829, acc: 0.8529, test_acc: 0.7278, f1: 0.6814
loss: 0.3885, acc: 0.8542, test_acc: 0.7516, f1: 0.7131
loss: 0.6848, acc: 0.8520, test_acc: 0.7532, f1: 0.7163
loss: 0.4231, acc: 0.8469, test_acc: 0.7579, f1: 0.7265
loss: 0.3103, acc: 0.8482, test_acc: 0.7547, f1: 0.7204
loss: 0.5010, acc: 0.8409, test_acc: 0.7595, f1: 0.7229
loss: 0.1021, acc: 0.8478, test_acc: 0.7389, f1: 0.7051
loss: 0.7137, acc: 0.8464, test_acc: 0.7437, f1: 0.7064
loss: 0.4185, acc: 0.8425, test_acc: 0.7437, f1: 0.6972
loss: 0.5782, acc: 0.8365, test_acc: 0.7453, f1: 0.7011
loss: 0.7684, acc: 0.8310, test_acc: 0.7500, f1: 0.7103
loss: 0.2131, acc: 0.8348, test_acc: 0.7421, f1: 0.6979
loss: 0.1442, acc: 0.8384, test_acc: 0.7516, f1: 0.7126
>>>>>>>>>>>>>>>>>>>>>>>>>>>>>>>>>>>>>>>>>>>>>>>>>>>>>>>>>>>>
epoch: 28
loss: 0.1902, acc: 0.9375, test_acc: 0.7516, f1: 0.7140
loss: 0.3027, acc: 0.9062, test_acc: 0.7547, f1: 0.7198
loss: 0.2656, acc: 0.9167, test_acc: 0.7611, f1: 0.7276
loss: 0.2280, acc: 0.9219, test_acc: 0.7579, f1: 0.7271
loss: 0.1941, acc: 0.9250, test_acc: 0.7421, f1: 0.6974
loss: 0.3734, acc: 0.9167, test_acc: 0.7310, f1: 0.6810
loss: 0.3112, acc: 0.9107, test_acc: 0.7389, f1: 0.6896
loss: 0.1079, acc: 0.9219, test_acc: 0.7389, f1: 0.6936
loss: 0.3467, acc: 0.9097, test_acc: 0.7516, f1: 0.7123
loss: 0.1940, acc: 0.9125, test_acc: 0.7437, f1: 0.6963
loss: 0.2788, acc: 0.9034, test_acc: 0.7389, f1: 0.6935
loss: 0.5954, acc: 0.8906, test_acc: 0.7547, f1: 0.7180
loss: 0.3180, acc: 0.8894, test_acc: 0.7405, f1: 0.6991
loss: 0.4551, acc: 0.8884, test_acc: 0.7468, f1: 0.7087
loss: 0.3521, acc: 0.8875, test_acc: 0.7294, f1: 0.6809
loss: 0.2337, acc: 0.8867, test_acc: 0.7247, f1: 0.6717
loss: 0.2040, acc: 0.8897, test_acc: 0.7247, f1: 0.6750
loss: 0.5139, acc: 0.8819, test_acc: 0.7468, f1: 0.7092
loss: 0.3597, acc: 0.8750, test_acc: 0.7437, f1: 0.7081
loss: 0.3554, acc: 0.8688, test_acc: 0.7437, f1: 0.7053
loss: 0.5370, acc: 0.8690, test_acc: 0.7389, f1: 0.6947
loss: 0.3875, acc: 0.8636, test_acc: 0.7326, f1: 0.6834
loss: 0.5694, acc: 0.8587, test_acc: 0.7358, f1: 0.6878
loss: 0.4608, acc: 0.8568, test_acc: 0.7342, f1: 0.6864
loss: 0.3331, acc: 0.8550, test_acc: 0.7294, f1: 0.6857
loss: 0.3559, acc: 0.8558, test_acc: 0.7326, f1: 0.6936
loss: 0.2615, acc: 0.8588, test_acc: 0.7421, f1: 0.7065
loss: 0.1896, acc: 0.8616, test_acc: 0.7310, f1: 0.6884
>>>>>>>>>>>>>>>>>>>>>>>>>>>>>>>>>>>>>>>>>>>>>>>>>>>>>>>>>>>>
epoch: 29
loss: 0.2716, acc: 0.9375, test_acc: 0.7263, f1: 0.6712
loss: 0.4167, acc: 0.8750, test_acc: 0.7168, f1: 0.6562
loss: 0.2623, acc: 0.8542, test_acc: 0.7247, f1: 0.6691
loss: 0.1030, acc: 0.8906, test_acc: 0.7373, f1: 0.6899
loss: 0.4867, acc: 0.8750, test_acc: 0.7484, f1: 0.7111
loss: 0.5230, acc: 0.8646, test_acc: 0.7532, f1: 0.7187
loss: 0.2791, acc: 0.8661, test_acc: 0.7516, f1: 0.7161
loss: 0.2854, acc: 0.8594, test_acc: 0.7500, f1: 0.7161
loss: 0.2609, acc: 0.8611, test_acc: 0.7532, f1: 0.7164
loss: 0.2811, acc: 0.8562, test_acc: 0.7405, f1: 0.6947
loss: 0.1720, acc: 0.8636, test_acc: 0.7405, f1: 0.6953
loss: 0.3018, acc: 0.8646, test_acc: 0.7563, f1: 0.7182
loss: 0.3489, acc: 0.8654, test_acc: 0.7437, f1: 0.7026
loss: 0.3517, acc: 0.8661, test_acc: 0.7389, f1: 0.6950
loss: 0.0322, acc: 0.8750, test_acc: 0.7500, f1: 0.7125
loss: 0.1552, acc: 0.8789, test_acc: 0.7421, f1: 0.6983
loss: 0.2873, acc: 0.8787, test_acc: 0.7405, f1: 0.6926
loss: 0.6757, acc: 0.8681, test_acc: 0.7231, f1: 0.6580
loss: 0.3420, acc: 0.8651, test_acc: 0.7215, f1: 0.6594
loss: 0.1833, acc: 0.8688, test_acc: 0.7278, f1: 0.6762
loss: 0.3659, acc: 0.8661, test_acc: 0.7405, f1: 0.7014
loss: 0.1659, acc: 0.8693, test_acc: 0.7453, f1: 0.7104
loss: 0.1670, acc: 0.8723, test_acc: 0.7563, f1: 0.7248
loss: 0.3164, acc: 0.8724, test_acc: 0.7468, f1: 0.7053
loss: 0.3825, acc: 0.8725, test_acc: 0.7278, f1: 0.6753
loss: 0.2345, acc: 0.8702, test_acc: 0.7405, f1: 0.6913
loss: 0.5535, acc: 0.8634, test_acc: 0.7437, f1: 0.6947
loss: 0.2843, acc: 0.8638, test_acc: 0.7453, f1: 0.6999
loss: 0.1873, acc: 0.8664, test_acc: 0.7405, f1: 0.6917
>>>>>>>>>>>>>>>>>>>>>>>>>>>>>>>>>>>>>>>>>>>>>>>>>>>>>>>>>>>>
epoch: 30
loss: 0.0742, acc: 1.0000, test_acc: 0.7278, f1: 0.6833
loss: 0.1992, acc: 0.9688, test_acc: 0.7342, f1: 0.6932
loss: 0.2343, acc: 0.9583, test_acc: 0.7468, f1: 0.7125
loss: 0.2356, acc: 0.9375, test_acc: 0.7516, f1: 0.7131
loss: 0.2572, acc: 0.9125, test_acc: 0.7342, f1: 0.6868
loss: 0.2957, acc: 0.9062, test_acc: 0.7358, f1: 0.6860
loss: 0.2670, acc: 0.9107, test_acc: 0.7389, f1: 0.6948
loss: 0.4910, acc: 0.8984, test_acc: 0.7516, f1: 0.7153
loss: 0.2212, acc: 0.9028, test_acc: 0.7547, f1: 0.7206
loss: 0.3489, acc: 0.9000, test_acc: 0.7437, f1: 0.7043
loss: 0.2477, acc: 0.8977, test_acc: 0.7247, f1: 0.6715
loss: 0.6147, acc: 0.8854, test_acc: 0.7199, f1: 0.6604
loss: 0.3083, acc: 0.8846, test_acc: 0.7342, f1: 0.6849
loss: 0.2998, acc: 0.8839, test_acc: 0.7453, f1: 0.7049
loss: 0.4357, acc: 0.8833, test_acc: 0.7547, f1: 0.7256
loss: 0.3205, acc: 0.8789, test_acc: 0.7516, f1: 0.7239
loss: 0.5476, acc: 0.8713, test_acc: 0.7484, f1: 0.7121
loss: 0.1757, acc: 0.8750, test_acc: 0.7373, f1: 0.6807
loss: 0.2736, acc: 0.8783, test_acc: 0.7421, f1: 0.6756
loss: 0.8859, acc: 0.8688, test_acc: 0.7231, f1: 0.6570
loss: 0.1720, acc: 0.8720, test_acc: 0.7136, f1: 0.6618
loss: 0.4800, acc: 0.8693, test_acc: 0.7231, f1: 0.6803
loss: 0.1076, acc: 0.8723, test_acc: 0.7437, f1: 0.7091
loss: 0.3979, acc: 0.8698, test_acc: 0.7658, f1: 0.7320
loss: 0.1973, acc: 0.8725, test_acc: 0.7595, f1: 0.7237
loss: 0.3912, acc: 0.8702, test_acc: 0.7421, f1: 0.7046
loss: 0.1778, acc: 0.8727, test_acc: 0.7358, f1: 0.6939
loss: 0.2685, acc: 0.8750, test_acc: 0.7484, f1: 0.7101
loss: 0.2734, acc: 0.8755, test_acc: 0.7563, f1: 0.7198
>>>>>>>>>>>>>>>>>>>>>>>>>>>>>>>>>>>>>>>>>>>>>>>>>>>>>>>>>>>>
epoch: 31
loss: 0.1514, acc: 0.9375, test_acc: 0.7484, f1: 0.7108
loss: 0.2226, acc: 0.9688, test_acc: 0.7611, f1: 0.7237
loss: 0.3816, acc: 0.8958, test_acc: 0.7611, f1: 0.7282
loss: 0.2950, acc: 0.8906, test_acc: 0.7468, f1: 0.7053
loss: 0.1917, acc: 0.9000, test_acc: 0.7468, f1: 0.7028
loss: 0.1836, acc: 0.9062, test_acc: 0.7421, f1: 0.7004
loss: 0.2110, acc: 0.9107, test_acc: 0.7453, f1: 0.7062
loss: 0.2095, acc: 0.9062, test_acc: 0.7532, f1: 0.7182
loss: 0.5872, acc: 0.9028, test_acc: 0.7547, f1: 0.7234
loss: 0.4660, acc: 0.8875, test_acc: 0.7532, f1: 0.7226
loss: 0.1078, acc: 0.8920, test_acc: 0.7532, f1: 0.7143
loss: 0.3623, acc: 0.8906, test_acc: 0.7373, f1: 0.6825
loss: 0.1769, acc: 0.8942, test_acc: 0.7437, f1: 0.7016
loss: 0.5134, acc: 0.8839, test_acc: 0.7453, f1: 0.7060
loss: 0.3047, acc: 0.8875, test_acc: 0.7468, f1: 0.7084
loss: 0.2866, acc: 0.8828, test_acc: 0.7453, f1: 0.7124
loss: 0.4324, acc: 0.8860, test_acc: 0.7405, f1: 0.7038
loss: 0.4853, acc: 0.8854, test_acc: 0.7421, f1: 0.6979
loss: 0.2066, acc: 0.8849, test_acc: 0.7358, f1: 0.6889
loss: 0.3475, acc: 0.8812, test_acc: 0.7468, f1: 0.7058
loss: 0.2563, acc: 0.8839, test_acc: 0.7611, f1: 0.7241
loss: 0.1942, acc: 0.8864, test_acc: 0.7516, f1: 0.7148
loss: 0.6847, acc: 0.8777, test_acc: 0.7453, f1: 0.7058
loss: 0.1748, acc: 0.8776, test_acc: 0.7453, f1: 0.6998
loss: 0.2524, acc: 0.8750, test_acc: 0.7358, f1: 0.6888
loss: 0.2969, acc: 0.8750, test_acc: 0.7547, f1: 0.7177
loss: 0.2711, acc: 0.8773, test_acc: 0.7516, f1: 0.7151
loss: 0.2400, acc: 0.8795, test_acc: 0.7595, f1: 0.7247
>>>>>>>>>>>>>>>>>>>>>>>>>>>>>>>>>>>>>>>>>>>>>>>>>>>>>>>>>>>>
epoch: 32
loss: 0.4046, acc: 0.7500, test_acc: 0.7500, f1: 0.7124
loss: 0.7202, acc: 0.7500, test_acc: 0.7389, f1: 0.6947
loss: 0.4210, acc: 0.7708, test_acc: 0.7421, f1: 0.6975
loss: 0.1326, acc: 0.8125, test_acc: 0.7532, f1: 0.7150
loss: 0.1736, acc: 0.8375, test_acc: 0.7563, f1: 0.7210
loss: 0.2218, acc: 0.8438, test_acc: 0.7516, f1: 0.7127
loss: 0.5951, acc: 0.8214, test_acc: 0.7294, f1: 0.6810
loss: 0.0438, acc: 0.8438, test_acc: 0.7342, f1: 0.6830
loss: 0.3031, acc: 0.8542, test_acc: 0.7468, f1: 0.7017
loss: 0.2375, acc: 0.8625, test_acc: 0.7516, f1: 0.7166
loss: 0.2465, acc: 0.8636, test_acc: 0.7468, f1: 0.7146
loss: 0.4292, acc: 0.8594, test_acc: 0.7532, f1: 0.7214
loss: 0.3110, acc: 0.8654, test_acc: 0.7547, f1: 0.7183
loss: 0.2578, acc: 0.8661, test_acc: 0.7484, f1: 0.7092
loss: 0.1294, acc: 0.8750, test_acc: 0.7421, f1: 0.6930
loss: 0.2120, acc: 0.8789, test_acc: 0.7310, f1: 0.6695
loss: 0.0786, acc: 0.8860, test_acc: 0.7373, f1: 0.6859
loss: 0.1719, acc: 0.8854, test_acc: 0.7484, f1: 0.7081
loss: 0.1570, acc: 0.8914, test_acc: 0.7516, f1: 0.7105
loss: 0.1637, acc: 0.8938, test_acc: 0.7453, f1: 0.7033
loss: 0.3772, acc: 0.8899, test_acc: 0.7500, f1: 0.7123
loss: 0.1936, acc: 0.8892, test_acc: 0.7437, f1: 0.7042
loss: 0.4204, acc: 0.8886, test_acc: 0.7421, f1: 0.6954
loss: 0.3280, acc: 0.8880, test_acc: 0.7421, f1: 0.6968
loss: 0.3608, acc: 0.8825, test_acc: 0.7516, f1: 0.7111
loss: 0.4266, acc: 0.8750, test_acc: 0.7500, f1: 0.7080
loss: 0.4213, acc: 0.8727, test_acc: 0.7437, f1: 0.6964
loss: 0.1949, acc: 0.8750, test_acc: 0.7468, f1: 0.7023
loss: 0.3032, acc: 0.8750, test_acc: 0.7468, f1: 0.6984
>>>>>>>>>>>>>>>>>>>>>>>>>>>>>>>>>>>>>>>>>>>>>>>>>>>>>>>>>>>>
epoch: 33
loss: 0.1172, acc: 1.0000, test_acc: 0.7437, f1: 0.6946
loss: 0.3547, acc: 0.9375, test_acc: 0.7405, f1: 0.6905
loss: 0.2575, acc: 0.9375, test_acc: 0.7405, f1: 0.6963
loss: 0.1814, acc: 0.9375, test_acc: 0.7547, f1: 0.7151
loss: 0.2933, acc: 0.9375, test_acc: 0.7532, f1: 0.7134
loss: 0.2110, acc: 0.9375, test_acc: 0.7468, f1: 0.7124
loss: 0.5865, acc: 0.9107, test_acc: 0.7405, f1: 0.6999
loss: 0.2546, acc: 0.9141, test_acc: 0.7468, f1: 0.7043
loss: 0.5404, acc: 0.9028, test_acc: 0.7516, f1: 0.7080
loss: 0.1616, acc: 0.9000, test_acc: 0.7532, f1: 0.7144
loss: 0.2004, acc: 0.9034, test_acc: 0.7516, f1: 0.7155
loss: 0.2497, acc: 0.9010, test_acc: 0.7547, f1: 0.7208
loss: 0.2860, acc: 0.8894, test_acc: 0.7468, f1: 0.7085
loss: 0.7040, acc: 0.8839, test_acc: 0.7405, f1: 0.6927
loss: 0.2933, acc: 0.8875, test_acc: 0.7389, f1: 0.6908
loss: 0.2666, acc: 0.8906, test_acc: 0.7342, f1: 0.6873
loss: 0.3515, acc: 0.8824, test_acc: 0.7342, f1: 0.6916
loss: 0.2067, acc: 0.8819, test_acc: 0.7294, f1: 0.6843
loss: 0.2447, acc: 0.8816, test_acc: 0.7278, f1: 0.6807
loss: 0.5855, acc: 0.8781, test_acc: 0.7310, f1: 0.6859
loss: 0.1230, acc: 0.8810, test_acc: 0.7389, f1: 0.6986
loss: 0.4147, acc: 0.8807, test_acc: 0.7389, f1: 0.7031
loss: 0.6700, acc: 0.8750, test_acc: 0.7342, f1: 0.6959
loss: 0.2829, acc: 0.8776, test_acc: 0.7215, f1: 0.6747
loss: 0.2495, acc: 0.8775, test_acc: 0.7294, f1: 0.6849
loss: 0.2626, acc: 0.8798, test_acc: 0.7405, f1: 0.6995
loss: 0.3610, acc: 0.8773, test_acc: 0.7358, f1: 0.6918
loss: 0.1793, acc: 0.8795, test_acc: 0.7310, f1: 0.6904
>>>>>>>>>>>>>>>>>>>>>>>>>>>>>>>>>>>>>>>>>>>>>>>>>>>>>>>>>>>>
epoch: 34
loss: 0.2954, acc: 0.8750, test_acc: 0.7215, f1: 0.6732
loss: 0.4064, acc: 0.8438, test_acc: 0.7263, f1: 0.6796
loss: 0.6162, acc: 0.8125, test_acc: 0.7278, f1: 0.6842
loss: 0.1742, acc: 0.8594, test_acc: 0.7231, f1: 0.6698
loss: 0.4372, acc: 0.8375, test_acc: 0.7310, f1: 0.6729
loss: 0.3964, acc: 0.8333, test_acc: 0.7294, f1: 0.6773
loss: 0.1119, acc: 0.8482, test_acc: 0.7342, f1: 0.6963
loss: 0.2674, acc: 0.8594, test_acc: 0.7453, f1: 0.7118
loss: 0.3182, acc: 0.8611, test_acc: 0.7389, f1: 0.7024
loss: 0.6854, acc: 0.8625, test_acc: 0.7310, f1: 0.6778
loss: 0.7550, acc: 0.8580, test_acc: 0.7231, f1: 0.6582
loss: 0.1536, acc: 0.8698, test_acc: 0.7263, f1: 0.6719
loss: 0.3807, acc: 0.8654, test_acc: 0.7373, f1: 0.6966
loss: 0.2694, acc: 0.8616, test_acc: 0.7437, f1: 0.7055
loss: 0.4059, acc: 0.8625, test_acc: 0.7326, f1: 0.6919
loss: 0.0927, acc: 0.8711, test_acc: 0.7263, f1: 0.6720
loss: 0.1357, acc: 0.8787, test_acc: 0.7184, f1: 0.6573
loss: 0.2597, acc: 0.8785, test_acc: 0.7358, f1: 0.6874
loss: 0.3250, acc: 0.8783, test_acc: 0.7310, f1: 0.6858
loss: 0.0696, acc: 0.8844, test_acc: 0.7247, f1: 0.6812
loss: 0.4013, acc: 0.8810, test_acc: 0.7247, f1: 0.6807
loss: 0.2116, acc: 0.8835, test_acc: 0.7231, f1: 0.6719
loss: 0.5420, acc: 0.8777, test_acc: 0.7421, f1: 0.7043
loss: 0.1961, acc: 0.8776, test_acc: 0.7421, f1: 0.7067
loss: 0.4560, acc: 0.8775, test_acc: 0.7421, f1: 0.7056
loss: 0.2617, acc: 0.8774, test_acc: 0.7215, f1: 0.6712
loss: 0.2684, acc: 0.8773, test_acc: 0.7231, f1: 0.6730
loss: 0.2571, acc: 0.8772, test_acc: 0.7326, f1: 0.6869
loss: 0.1082, acc: 0.8815, test_acc: 0.7437, f1: 0.7006
>>>>>>>>>>>>>>>>>>>>>>>>>>>>>>>>>>>>>>>>>>>>>>>>>>>>>>>>>>>>
epoch: 35
loss: 0.2387, acc: 0.9375, test_acc: 0.7373, f1: 0.7012
loss: 0.4186, acc: 0.8750, test_acc: 0.7373, f1: 0.7047
loss: 0.1633, acc: 0.8750, test_acc: 0.7595, f1: 0.7308
loss: 0.1599, acc: 0.9062, test_acc: 0.7468, f1: 0.7090
loss: 0.0710, acc: 0.9250, test_acc: 0.7263, f1: 0.6771
loss: 0.3681, acc: 0.9271, test_acc: 0.7310, f1: 0.6808
loss: 0.1028, acc: 0.9375, test_acc: 0.7373, f1: 0.6891
loss: 0.2461, acc: 0.9297, test_acc: 0.7373, f1: 0.6947
loss: 0.1048, acc: 0.9375, test_acc: 0.7421, f1: 0.7019
loss: 0.3015, acc: 0.9313, test_acc: 0.7389, f1: 0.6975
loss: 0.1725, acc: 0.9375, test_acc: 0.7421, f1: 0.7024
loss: 0.4190, acc: 0.9323, test_acc: 0.7547, f1: 0.7183
loss: 0.6477, acc: 0.9231, test_acc: 0.7484, f1: 0.7152
loss: 0.5290, acc: 0.9152, test_acc: 0.7358, f1: 0.6979
loss: 0.1945, acc: 0.9125, test_acc: 0.7247, f1: 0.6711
loss: 0.3112, acc: 0.9102, test_acc: 0.7247, f1: 0.6715
loss: 0.4818, acc: 0.9007, test_acc: 0.7278, f1: 0.6781
loss: 0.3234, acc: 0.8958, test_acc: 0.7532, f1: 0.7163
loss: 0.2283, acc: 0.8980, test_acc: 0.7453, f1: 0.7057
loss: 0.4576, acc: 0.8938, test_acc: 0.7421, f1: 0.7057
loss: 0.1057, acc: 0.8988, test_acc: 0.7373, f1: 0.7026
loss: 0.1147, acc: 0.9034, test_acc: 0.7547, f1: 0.7168
loss: 0.3915, acc: 0.8995, test_acc: 0.7484, f1: 0.7086
loss: 0.1130, acc: 0.9036, test_acc: 0.7437, f1: 0.7019
loss: 0.1252, acc: 0.9050, test_acc: 0.7532, f1: 0.7162
loss: 0.2317, acc: 0.9038, test_acc: 0.7437, f1: 0.7032
loss: 0.3283, acc: 0.9028, test_acc: 0.7421, f1: 0.7023
loss: 0.2009, acc: 0.9040, test_acc: 0.7500, f1: 0.7103
loss: 0.2684, acc: 0.9039, test_acc: 0.7532, f1: 0.7135
>>>>>>>>>>>>>>>>>>>>>>>>>>>>>>>>>>>>>>>>>>>>>>>>>>>>>>>>>>>>
epoch: 36
loss: 0.1434, acc: 1.0000, test_acc: 0.7547, f1: 0.7150
loss: 0.2563, acc: 0.9688, test_acc: 0.7579, f1: 0.7178
loss: 0.4120, acc: 0.8958, test_acc: 0.7516, f1: 0.7123
loss: 0.1534, acc: 0.9062, test_acc: 0.7484, f1: 0.7043
loss: 0.1141, acc: 0.9250, test_acc: 0.7484, f1: 0.7005
loss: 0.4826, acc: 0.8958, test_acc: 0.7453, f1: 0.6993
loss: 0.3063, acc: 0.8929, test_acc: 0.7500, f1: 0.7112
loss: 0.4242, acc: 0.8672, test_acc: 0.7563, f1: 0.7233
loss: 0.4308, acc: 0.8542, test_acc: 0.7563, f1: 0.7204
loss: 0.1305, acc: 0.8688, test_acc: 0.7532, f1: 0.7127
loss: 0.2355, acc: 0.8693, test_acc: 0.7342, f1: 0.6854
loss: 0.4558, acc: 0.8594, test_acc: 0.7342, f1: 0.6839
loss: 0.4456, acc: 0.8558, test_acc: 0.7421, f1: 0.6989
loss: 0.0831, acc: 0.8661, test_acc: 0.7437, f1: 0.7008
loss: 0.2408, acc: 0.8667, test_acc: 0.7326, f1: 0.6936
loss: 0.2107, acc: 0.8672, test_acc: 0.7421, f1: 0.7062
loss: 0.4054, acc: 0.8713, test_acc: 0.7516, f1: 0.7172
loss: 0.1658, acc: 0.8715, test_acc: 0.7389, f1: 0.6989
loss: 0.5494, acc: 0.8684, test_acc: 0.7326, f1: 0.6787
loss: 0.3787, acc: 0.8625, test_acc: 0.7294, f1: 0.6660
loss: 0.4158, acc: 0.8631, test_acc: 0.7453, f1: 0.6906
loss: 0.3982, acc: 0.8636, test_acc: 0.7500, f1: 0.7068
loss: 0.1084, acc: 0.8668, test_acc: 0.7706, f1: 0.7371
loss: 0.3000, acc: 0.8672, test_acc: 0.7579, f1: 0.7218
loss: 0.3266, acc: 0.8675, test_acc: 0.7453, f1: 0.7031
loss: 0.1228, acc: 0.8702, test_acc: 0.7453, f1: 0.7014
loss: 0.1411, acc: 0.8727, test_acc: 0.7595, f1: 0.7225
loss: 0.3331, acc: 0.8750, test_acc: 0.7595, f1: 0.7263
>>>>>>>>>>>>>>>>>>>>>>>>>>>>>>>>>>>>>>>>>>>>>>>>>>>>>>>>>>>>
epoch: 37
loss: 0.2175, acc: 0.9375, test_acc: 0.7563, f1: 0.7224
loss: 0.5350, acc: 0.8750, test_acc: 0.7484, f1: 0.7089
loss: 0.0779, acc: 0.9167, test_acc: 0.7500, f1: 0.7101
loss: 0.1560, acc: 0.9219, test_acc: 0.7532, f1: 0.7171
loss: 0.3926, acc: 0.9125, test_acc: 0.7627, f1: 0.7296
loss: 0.1146, acc: 0.9271, test_acc: 0.7453, f1: 0.7053
loss: 0.3387, acc: 0.9196, test_acc: 0.7421, f1: 0.6952
loss: 0.2945, acc: 0.9141, test_acc: 0.7294, f1: 0.6724
loss: 0.2659, acc: 0.9167, test_acc: 0.7421, f1: 0.6971
loss: 0.4737, acc: 0.8938, test_acc: 0.7611, f1: 0.7257
loss: 0.4877, acc: 0.8807, test_acc: 0.7563, f1: 0.7187
loss: 0.0881, acc: 0.8906, test_acc: 0.7405, f1: 0.6957
loss: 0.2658, acc: 0.8894, test_acc: 0.7500, f1: 0.7075
loss: 0.4860, acc: 0.8884, test_acc: 0.7642, f1: 0.7283
loss: 0.3378, acc: 0.8833, test_acc: 0.7722, f1: 0.7392
loss: 0.3889, acc: 0.8789, test_acc: 0.7627, f1: 0.7296
loss: 0.3023, acc: 0.8713, test_acc: 0.7516, f1: 0.7209
loss: 0.6039, acc: 0.8681, test_acc: 0.7547, f1: 0.7229
loss: 0.2874, acc: 0.8651, test_acc: 0.7627, f1: 0.7246
loss: 0.6064, acc: 0.8594, test_acc: 0.7500, f1: 0.7042
loss: 0.2657, acc: 0.8631, test_acc: 0.7468, f1: 0.7045
loss: 0.2150, acc: 0.8665, test_acc: 0.7516, f1: 0.7111
loss: 0.1938, acc: 0.8696, test_acc: 0.7547, f1: 0.7152
loss: 0.1022, acc: 0.8750, test_acc: 0.7358, f1: 0.6916
loss: 0.1352, acc: 0.8775, test_acc: 0.7437, f1: 0.6976
loss: 0.4184, acc: 0.8750, test_acc: 0.7500, f1: 0.7129
loss: 0.2749, acc: 0.8727, test_acc: 0.7579, f1: 0.7259
loss: 0.1964, acc: 0.8750, test_acc: 0.7547, f1: 0.7100
loss: 0.0815, acc: 0.8793, test_acc: 0.7453, f1: 0.6973
>>>>>>>>>>>>>>>>>>>>>>>>>>>>>>>>>>>>>>>>>>>>>>>>>>>>>>>>>>>>
epoch: 38
loss: 0.3070, acc: 0.9375, test_acc: 0.7611, f1: 0.7156
loss: 0.3144, acc: 0.9062, test_acc: 0.7516, f1: 0.7109
loss: 0.1407, acc: 0.9375, test_acc: 0.7484, f1: 0.7082
loss: 0.0960, acc: 0.9531, test_acc: 0.7579, f1: 0.7202
loss: 0.0804, acc: 0.9625, test_acc: 0.7611, f1: 0.7231
loss: 0.1682, acc: 0.9688, test_acc: 0.7611, f1: 0.7224
loss: 0.4835, acc: 0.9554, test_acc: 0.7706, f1: 0.7355
loss: 0.3276, acc: 0.9375, test_acc: 0.7595, f1: 0.7226
loss: 0.1619, acc: 0.9375, test_acc: 0.7611, f1: 0.7277
loss: 0.2023, acc: 0.9375, test_acc: 0.7674, f1: 0.7373
loss: 0.3668, acc: 0.9375, test_acc: 0.7785, f1: 0.7477
loss: 0.2457, acc: 0.9271, test_acc: 0.7753, f1: 0.7371
loss: 0.3477, acc: 0.9183, test_acc: 0.7611, f1: 0.7149
loss: 0.3340, acc: 0.9196, test_acc: 0.7674, f1: 0.7256
loss: 0.2281, acc: 0.9167, test_acc: 0.7563, f1: 0.7217
loss: 0.2827, acc: 0.9141, test_acc: 0.7658, f1: 0.7322
loss: 0.4119, acc: 0.9044, test_acc: 0.7595, f1: 0.7218
loss: 0.4107, acc: 0.9028, test_acc: 0.7421, f1: 0.6981
loss: 0.1158, acc: 0.9079, test_acc: 0.7516, f1: 0.7161
loss: 0.0801, acc: 0.9125, test_acc: 0.7595, f1: 0.7259
loss: 0.1565, acc: 0.9137, test_acc: 0.7595, f1: 0.7246
loss: 0.4182, acc: 0.9119, test_acc: 0.7516, f1: 0.7119
loss: 0.5083, acc: 0.9049, test_acc: 0.7437, f1: 0.6972
loss: 0.1346, acc: 0.9062, test_acc: 0.7358, f1: 0.6778
loss: 0.5468, acc: 0.9000, test_acc: 0.7373, f1: 0.6829
loss: 0.0783, acc: 0.9014, test_acc: 0.7421, f1: 0.6915
loss: 0.3337, acc: 0.9005, test_acc: 0.7658, f1: 0.7252
loss: 0.0726, acc: 0.9040, test_acc: 0.7658, f1: 0.7290
>>>>>>>>>>>>>>>>>>>>>>>>>>>>>>>>>>>>>>>>>>>>>>>>>>>>>>>>>>>>
epoch: 39
loss: 0.4758, acc: 0.8125, test_acc: 0.7658, f1: 0.7282
loss: 0.4178, acc: 0.8438, test_acc: 0.7658, f1: 0.7295
loss: 0.1617, acc: 0.8958, test_acc: 0.7706, f1: 0.7336
loss: 0.2039, acc: 0.9062, test_acc: 0.7484, f1: 0.7038
loss: 0.2708, acc: 0.9000, test_acc: 0.7516, f1: 0.7050
loss: 0.2465, acc: 0.8958, test_acc: 0.7532, f1: 0.7090
loss: 0.2703, acc: 0.8929, test_acc: 0.7595, f1: 0.7251
loss: 0.2739, acc: 0.8906, test_acc: 0.7547, f1: 0.7236
loss: 0.0914, acc: 0.9028, test_acc: 0.7737, f1: 0.7416
loss: 0.1553, acc: 0.9062, test_acc: 0.7595, f1: 0.7233
loss: 0.5796, acc: 0.8920, test_acc: 0.7516, f1: 0.7099
loss: 0.6340, acc: 0.8854, test_acc: 0.7500, f1: 0.7017
loss: 0.3703, acc: 0.8894, test_acc: 0.7547, f1: 0.7128
loss: 0.2555, acc: 0.8884, test_acc: 0.7516, f1: 0.7170
loss: 0.3727, acc: 0.8833, test_acc: 0.7516, f1: 0.7157
loss: 0.3236, acc: 0.8789, test_acc: 0.7516, f1: 0.7133
loss: 0.4601, acc: 0.8750, test_acc: 0.7563, f1: 0.7185
loss: 0.1045, acc: 0.8819, test_acc: 0.7627, f1: 0.7254
loss: 0.0782, acc: 0.8849, test_acc: 0.7516, f1: 0.7066
loss: 0.1101, acc: 0.8875, test_acc: 0.7437, f1: 0.6927
loss: 0.0676, acc: 0.8929, test_acc: 0.7516, f1: 0.7064
loss: 0.2347, acc: 0.8949, test_acc: 0.7563, f1: 0.7159
loss: 0.2684, acc: 0.8940, test_acc: 0.7500, f1: 0.7137
loss: 0.1120, acc: 0.8958, test_acc: 0.7532, f1: 0.7160
loss: 0.1543, acc: 0.8975, test_acc: 0.7563, f1: 0.7148
loss: 0.2138, acc: 0.8966, test_acc: 0.7484, f1: 0.6992
loss: 0.2701, acc: 0.8981, test_acc: 0.7437, f1: 0.6975
loss: 0.1677, acc: 0.8996, test_acc: 0.7516, f1: 0.7038
loss: 0.1770, acc: 0.9009, test_acc: 0.7500, f1: 0.7063
>>>>>>>>>>>>>>>>>>>>>>>>>>>>>>>>>>>>>>>>>>>>>>>>>>>>>>>>>>>>
epoch: 40
loss: 0.3334, acc: 0.9375, test_acc: 0.7611, f1: 0.7206
loss: 0.3114, acc: 0.8750, test_acc: 0.7563, f1: 0.7165
loss: 0.1363, acc: 0.9167, test_acc: 0.7595, f1: 0.7182
loss: 0.2719, acc: 0.8906, test_acc: 0.7532, f1: 0.7078
loss: 0.2384, acc: 0.9000, test_acc: 0.7595, f1: 0.7200
loss: 0.3274, acc: 0.9062, test_acc: 0.7706, f1: 0.7341
loss: 0.1120, acc: 0.9107, test_acc: 0.7595, f1: 0.7177
loss: 0.4929, acc: 0.8984, test_acc: 0.7373, f1: 0.6861
loss: 0.1804, acc: 0.9028, test_acc: 0.7389, f1: 0.6962
loss: 0.3999, acc: 0.8938, test_acc: 0.7516, f1: 0.7129
loss: 0.1212, acc: 0.9034, test_acc: 0.7532, f1: 0.7147
loss: 0.1670, acc: 0.9062, test_acc: 0.7579, f1: 0.7197
loss: 0.1224, acc: 0.9135, test_acc: 0.7516, f1: 0.7131
loss: 0.5472, acc: 0.9062, test_acc: 0.7468, f1: 0.7089
loss: 0.1101, acc: 0.9125, test_acc: 0.7547, f1: 0.7151
loss: 0.1907, acc: 0.9102, test_acc: 0.7532, f1: 0.7125
loss: 0.1593, acc: 0.9118, test_acc: 0.7563, f1: 0.7218
loss: 0.4921, acc: 0.9097, test_acc: 0.7563, f1: 0.7254
loss: 0.1985, acc: 0.9079, test_acc: 0.7579, f1: 0.7260
loss: 0.4595, acc: 0.9000, test_acc: 0.7405, f1: 0.7033
loss: 0.1324, acc: 0.9048, test_acc: 0.7294, f1: 0.6876
loss: 0.1168, acc: 0.9091, test_acc: 0.7373, f1: 0.6855
loss: 0.3058, acc: 0.9076, test_acc: 0.7231, f1: 0.6745
loss: 0.1074, acc: 0.9115, test_acc: 0.7358, f1: 0.6956
loss: 0.4310, acc: 0.9100, test_acc: 0.7563, f1: 0.7229
loss: 0.2609, acc: 0.9087, test_acc: 0.7453, f1: 0.7056
loss: 0.2576, acc: 0.9074, test_acc: 0.7342, f1: 0.6939
loss: 0.4592, acc: 0.9040, test_acc: 0.7421, f1: 0.6999
loss: 0.4423, acc: 0.9017, test_acc: 0.7453, f1: 0.7038
>>>>>>>>>>>>>>>>>>>>>>>>>>>>>>>>>>>>>>>>>>>>>>>>>>>>>>>>>>>>
epoch: 41
loss: 0.2236, acc: 0.8750, test_acc: 0.7468, f1: 0.7057
loss: 0.4678, acc: 0.8438, test_acc: 0.7453, f1: 0.7004
loss: 0.2416, acc: 0.8750, test_acc: 0.7468, f1: 0.7086
loss: 0.0466, acc: 0.9062, test_acc: 0.7468, f1: 0.7109
loss: 0.4309, acc: 0.9000, test_acc: 0.7468, f1: 0.7118
loss: 0.2329, acc: 0.8958, test_acc: 0.7405, f1: 0.7067
loss: 0.1529, acc: 0.9018, test_acc: 0.7405, f1: 0.7067
loss: 0.2168, acc: 0.9062, test_acc: 0.7373, f1: 0.6973
loss: 0.2637, acc: 0.9028, test_acc: 0.7310, f1: 0.6865
loss: 0.3284, acc: 0.9062, test_acc: 0.7278, f1: 0.6833
loss: 0.3640, acc: 0.8977, test_acc: 0.7231, f1: 0.6723
loss: 0.2974, acc: 0.9010, test_acc: 0.7373, f1: 0.6973
loss: 0.5033, acc: 0.8990, test_acc: 0.7358, f1: 0.6992
loss: 0.0372, acc: 0.9062, test_acc: 0.7421, f1: 0.7058
loss: 0.6639, acc: 0.8917, test_acc: 0.7453, f1: 0.7077
loss: 0.1463, acc: 0.8945, test_acc: 0.7500, f1: 0.7097
loss: 0.1037, acc: 0.9007, test_acc: 0.7532, f1: 0.7104
loss: 0.2517, acc: 0.9028, test_acc: 0.7484, f1: 0.7024
loss: 0.2295, acc: 0.9046, test_acc: 0.7437, f1: 0.7014
loss: 0.4458, acc: 0.9000, test_acc: 0.7373, f1: 0.6951
loss: 0.3456, acc: 0.8988, test_acc: 0.7516, f1: 0.7130
loss: 0.4446, acc: 0.8949, test_acc: 0.7516, f1: 0.7078
loss: 0.4145, acc: 0.8913, test_acc: 0.7437, f1: 0.6989
loss: 0.1717, acc: 0.8906, test_acc: 0.7468, f1: 0.7051
loss: 0.2468, acc: 0.8925, test_acc: 0.7484, f1: 0.7074
loss: 0.1858, acc: 0.8918, test_acc: 0.7500, f1: 0.7074
loss: 0.0938, acc: 0.8958, test_acc: 0.7547, f1: 0.7118
loss: 0.4692, acc: 0.8951, test_acc: 0.7500, f1: 0.7094
>>>>>>>>>>>>>>>>>>>>>>>>>>>>>>>>>>>>>>>>>>>>>>>>>>>>>>>>>>>>
epoch: 42
loss: 0.2501, acc: 0.9375, test_acc: 0.7373, f1: 0.6926
loss: 0.3353, acc: 0.9375, test_acc: 0.7421, f1: 0.6996
loss: 0.3356, acc: 0.8958, test_acc: 0.7484, f1: 0.7104
loss: 0.4998, acc: 0.8594, test_acc: 0.7468, f1: 0.7124
loss: 0.2244, acc: 0.8625, test_acc: 0.7263, f1: 0.6966
loss: 0.0959, acc: 0.8854, test_acc: 0.7168, f1: 0.6880
loss: 0.0686, acc: 0.9018, test_acc: 0.7421, f1: 0.7127
loss: 0.3283, acc: 0.8984, test_acc: 0.7532, f1: 0.7148
loss: 0.1594, acc: 0.9028, test_acc: 0.7484, f1: 0.7017
loss: 0.1246, acc: 0.9125, test_acc: 0.7405, f1: 0.6907
loss: 0.5444, acc: 0.9091, test_acc: 0.7579, f1: 0.7184
loss: 0.2500, acc: 0.9115, test_acc: 0.7500, f1: 0.7173
loss: 0.2081, acc: 0.9135, test_acc: 0.7358, f1: 0.7023
loss: 0.5701, acc: 0.8973, test_acc: 0.7453, f1: 0.7117
loss: 0.2515, acc: 0.8958, test_acc: 0.7500, f1: 0.7075
loss: 0.1701, acc: 0.8984, test_acc: 0.7389, f1: 0.6902
loss: 0.1159, acc: 0.9007, test_acc: 0.7263, f1: 0.6680
loss: 0.5132, acc: 0.8924, test_acc: 0.7263, f1: 0.6670
loss: 0.3872, acc: 0.8882, test_acc: 0.7405, f1: 0.6910
loss: 0.2796, acc: 0.8875, test_acc: 0.7437, f1: 0.6999
loss: 0.1064, acc: 0.8899, test_acc: 0.7532, f1: 0.7109
loss: 0.0795, acc: 0.8949, test_acc: 0.7547, f1: 0.7099
loss: 0.2205, acc: 0.8967, test_acc: 0.7373, f1: 0.6862
loss: 0.1105, acc: 0.8984, test_acc: 0.7326, f1: 0.6811
loss: 0.2435, acc: 0.8975, test_acc: 0.7468, f1: 0.7033
loss: 0.2740, acc: 0.8942, test_acc: 0.7579, f1: 0.7196
loss: 0.0335, acc: 0.8981, test_acc: 0.7532, f1: 0.7149
loss: 0.2873, acc: 0.8951, test_acc: 0.7516, f1: 0.7134
loss: 0.2008, acc: 0.8966, test_acc: 0.7516, f1: 0.7104
>>>>>>>>>>>>>>>>>>>>>>>>>>>>>>>>>>>>>>>>>>>>>>>>>>>>>>>>>>>>
epoch: 43
loss: 0.0640, acc: 1.0000, test_acc: 0.7342, f1: 0.6822
loss: 0.3299, acc: 0.9062, test_acc: 0.7342, f1: 0.6847
loss: 0.0791, acc: 0.9375, test_acc: 0.7342, f1: 0.6851
loss: 0.1851, acc: 0.9375, test_acc: 0.7389, f1: 0.6932
loss: 0.1208, acc: 0.9500, test_acc: 0.7389, f1: 0.6951
loss: 0.1781, acc: 0.9479, test_acc: 0.7421, f1: 0.6975
loss: 0.0699, acc: 0.9554, test_acc: 0.7358, f1: 0.6894
loss: 0.1451, acc: 0.9531, test_acc: 0.7405, f1: 0.7014
loss: 0.1717, acc: 0.9444, test_acc: 0.7389, f1: 0.7074
loss: 0.3529, acc: 0.9313, test_acc: 0.7421, f1: 0.7098
loss: 0.1970, acc: 0.9318, test_acc: 0.7389, f1: 0.6904
loss: 0.3454, acc: 0.9167, test_acc: 0.7326, f1: 0.6727
loss: 0.1666, acc: 0.9183, test_acc: 0.7453, f1: 0.6926
loss: 0.3046, acc: 0.9152, test_acc: 0.7405, f1: 0.6987
loss: 0.2655, acc: 0.9125, test_acc: 0.7294, f1: 0.6938
loss: 0.2407, acc: 0.9141, test_acc: 0.7247, f1: 0.6890
loss: 0.1044, acc: 0.9191, test_acc: 0.7373, f1: 0.6976
loss: 0.3492, acc: 0.9132, test_acc: 0.7373, f1: 0.6985
loss: 0.1525, acc: 0.9145, test_acc: 0.7326, f1: 0.6934
loss: 0.2765, acc: 0.9125, test_acc: 0.7373, f1: 0.6963
loss: 0.2776, acc: 0.9107, test_acc: 0.7405, f1: 0.6938
loss: 0.5375, acc: 0.9034, test_acc: 0.7453, f1: 0.7020
loss: 0.2839, acc: 0.9022, test_acc: 0.7373, f1: 0.6957
loss: 0.1119, acc: 0.9062, test_acc: 0.7405, f1: 0.7013
loss: 0.2366, acc: 0.9050, test_acc: 0.7373, f1: 0.6986
loss: 0.1659, acc: 0.9087, test_acc: 0.7310, f1: 0.6888
loss: 0.6361, acc: 0.9005, test_acc: 0.7389, f1: 0.7027
loss: 0.2798, acc: 0.8996, test_acc: 0.7437, f1: 0.7088
>>>>>>>>>>>>>>>>>>>>>>>>>>>>>>>>>>>>>>>>>>>>>>>>>>>>>>>>>>>>
epoch: 44
loss: 0.2814, acc: 0.8750, test_acc: 0.7373, f1: 0.6951
loss: 0.1698, acc: 0.8750, test_acc: 0.7500, f1: 0.7031
loss: 0.3097, acc: 0.8958, test_acc: 0.7500, f1: 0.7073
loss: 0.2089, acc: 0.8750, test_acc: 0.7516, f1: 0.7175
loss: 0.1950, acc: 0.8875, test_acc: 0.7516, f1: 0.7190
loss: 0.2698, acc: 0.8854, test_acc: 0.7500, f1: 0.7152
loss: 0.2603, acc: 0.8839, test_acc: 0.7468, f1: 0.7103
loss: 0.1814, acc: 0.8906, test_acc: 0.7484, f1: 0.7117
loss: 0.5294, acc: 0.8889, test_acc: 0.7468, f1: 0.7014
loss: 0.2159, acc: 0.8938, test_acc: 0.7421, f1: 0.6889
loss: 0.3626, acc: 0.8864, test_acc: 0.7500, f1: 0.7033
loss: 0.1213, acc: 0.8958, test_acc: 0.7500, f1: 0.7111
loss: 0.3382, acc: 0.8942, test_acc: 0.7468, f1: 0.7087
loss: 0.2006, acc: 0.8973, test_acc: 0.7500, f1: 0.7101
loss: 0.2258, acc: 0.9000, test_acc: 0.7532, f1: 0.7091
loss: 0.1597, acc: 0.9023, test_acc: 0.7421, f1: 0.6932
loss: 0.2259, acc: 0.9044, test_acc: 0.7358, f1: 0.6907
loss: 0.3147, acc: 0.9028, test_acc: 0.7437, f1: 0.7049
loss: 0.2539, acc: 0.8980, test_acc: 0.7468, f1: 0.7067
loss: 0.2185, acc: 0.9000, test_acc: 0.7421, f1: 0.6939
loss: 0.1019, acc: 0.9048, test_acc: 0.7326, f1: 0.6793
loss: 0.3386, acc: 0.9062, test_acc: 0.7310, f1: 0.6754
loss: 0.2683, acc: 0.9049, test_acc: 0.7500, f1: 0.7112
loss: 0.1105, acc: 0.9089, test_acc: 0.7453, f1: 0.7219
loss: 0.6833, acc: 0.9025, test_acc: 0.7389, f1: 0.7147
loss: 0.3385, acc: 0.8990, test_acc: 0.7468, f1: 0.7175
loss: 0.1511, acc: 0.9005, test_acc: 0.7516, f1: 0.7116
loss: 0.3353, acc: 0.8996, test_acc: 0.7263, f1: 0.6652
loss: 0.1300, acc: 0.9009, test_acc: 0.7310, f1: 0.6781
>>>>>>>>>>>>>>>>>>>>>>>>>>>>>>>>>>>>>>>>>>>>>>>>>>>>>>>>>>>>
epoch: 45
loss: 0.2216, acc: 0.9375, test_acc: 0.7500, f1: 0.7103
loss: 0.2967, acc: 0.8750, test_acc: 0.7547, f1: 0.7174
loss: 0.2655, acc: 0.8750, test_acc: 0.7437, f1: 0.7025
loss: 0.2337, acc: 0.8750, test_acc: 0.7437, f1: 0.7014
loss: 0.0664, acc: 0.9000, test_acc: 0.7373, f1: 0.6929
loss: 0.0635, acc: 0.9062, test_acc: 0.7500, f1: 0.7124
loss: 0.4616, acc: 0.9018, test_acc: 0.7453, f1: 0.7084
loss: 0.3567, acc: 0.8984, test_acc: 0.7516, f1: 0.7164
loss: 0.1787, acc: 0.8958, test_acc: 0.7516, f1: 0.7157
loss: 0.3398, acc: 0.8938, test_acc: 0.7468, f1: 0.7106
loss: 0.1409, acc: 0.8977, test_acc: 0.7547, f1: 0.7141
loss: 0.1348, acc: 0.9010, test_acc: 0.7468, f1: 0.6971
loss: 0.0946, acc: 0.9087, test_acc: 0.7437, f1: 0.6989
loss: 0.2762, acc: 0.9107, test_acc: 0.7405, f1: 0.6963
loss: 0.3941, acc: 0.9042, test_acc: 0.7358, f1: 0.6902
loss: 0.1431, acc: 0.9102, test_acc: 0.7342, f1: 0.6912
loss: 0.1596, acc: 0.9154, test_acc: 0.7405, f1: 0.6988
loss: 0.5886, acc: 0.9028, test_acc: 0.7437, f1: 0.7069
loss: 0.0792, acc: 0.9079, test_acc: 0.7500, f1: 0.7152
loss: 0.1338, acc: 0.9094, test_acc: 0.7358, f1: 0.6970
loss: 0.0270, acc: 0.9137, test_acc: 0.7247, f1: 0.6784
loss: 0.1159, acc: 0.9148, test_acc: 0.7089, f1: 0.6533
loss: 0.0946, acc: 0.9158, test_acc: 0.7215, f1: 0.6769
loss: 0.1448, acc: 0.9167, test_acc: 0.7326, f1: 0.6936
loss: 0.3869, acc: 0.9150, test_acc: 0.7278, f1: 0.6867
loss: 0.0654, acc: 0.9183, test_acc: 0.7326, f1: 0.6916
loss: 0.1149, acc: 0.9213, test_acc: 0.7247, f1: 0.6765
loss: 0.0932, acc: 0.9241, test_acc: 0.7310, f1: 0.6792
loss: 0.5534, acc: 0.9236, test_acc: 0.7342, f1: 0.6840
>>>>>>>>>>>>>>>>>>>>>>>>>>>>>>>>>>>>>>>>>>>>>>>>>>>>>>>>>>>>
epoch: 46
loss: 0.1306, acc: 0.9375, test_acc: 0.7437, f1: 0.7055
loss: 0.1141, acc: 0.9688, test_acc: 0.7453, f1: 0.7135
loss: 0.3568, acc: 0.9375, test_acc: 0.7405, f1: 0.7065
loss: 0.0616, acc: 0.9531, test_acc: 0.7437, f1: 0.7031
loss: 0.0377, acc: 0.9625, test_acc: 0.7342, f1: 0.6856
loss: 0.0982, acc: 0.9688, test_acc: 0.7310, f1: 0.6771
loss: 0.2879, acc: 0.9643, test_acc: 0.7263, f1: 0.6700
loss: 0.1704, acc: 0.9609, test_acc: 0.7389, f1: 0.6907
loss: 0.3494, acc: 0.9444, test_acc: 0.7358, f1: 0.6904
loss: 0.0800, acc: 0.9500, test_acc: 0.7405, f1: 0.6990
loss: 0.1952, acc: 0.9489, test_acc: 0.7468, f1: 0.7090
loss: 0.1733, acc: 0.9479, test_acc: 0.7421, f1: 0.7031
loss: 0.2555, acc: 0.9423, test_acc: 0.7389, f1: 0.6963
loss: 0.1757, acc: 0.9420, test_acc: 0.7358, f1: 0.6841
loss: 0.2157, acc: 0.9417, test_acc: 0.7310, f1: 0.6729
loss: 0.2568, acc: 0.9414, test_acc: 0.7278, f1: 0.6687
loss: 0.0821, acc: 0.9412, test_acc: 0.7247, f1: 0.6663
loss: 0.0403, acc: 0.9444, test_acc: 0.7247, f1: 0.6688
loss: 0.2147, acc: 0.9375, test_acc: 0.7358, f1: 0.6879
loss: 0.3359, acc: 0.9313, test_acc: 0.7547, f1: 0.7166
loss: 0.2371, acc: 0.9286, test_acc: 0.7627, f1: 0.7306
loss: 0.2815, acc: 0.9290, test_acc: 0.7484, f1: 0.7086
loss: 0.5980, acc: 0.9212, test_acc: 0.7389, f1: 0.6977
loss: 0.2569, acc: 0.9193, test_acc: 0.7326, f1: 0.6869
loss: 0.2856, acc: 0.9175, test_acc: 0.7278, f1: 0.6788
loss: 0.0756, acc: 0.9207, test_acc: 0.7358, f1: 0.6897
loss: 0.5980, acc: 0.9167, test_acc: 0.7468, f1: 0.7064
loss: 0.5045, acc: 0.9129, test_acc: 0.7373, f1: 0.6995
>>>>>>>>>>>>>>>>>>>>>>>>>>>>>>>>>>>>>>>>>>>>>>>>>>>>>>>>>>>>
epoch: 47
loss: 0.0811, acc: 1.0000, test_acc: 0.7453, f1: 0.7061
loss: 0.0390, acc: 1.0000, test_acc: 0.7532, f1: 0.7160
loss: 0.0916, acc: 1.0000, test_acc: 0.7468, f1: 0.7086
loss: 0.3180, acc: 0.9531, test_acc: 0.7358, f1: 0.6892
loss: 0.1863, acc: 0.9500, test_acc: 0.7373, f1: 0.6734
loss: 0.5302, acc: 0.9271, test_acc: 0.7278, f1: 0.6710
loss: 0.1680, acc: 0.9286, test_acc: 0.7358, f1: 0.6998
loss: 0.2509, acc: 0.9297, test_acc: 0.7516, f1: 0.7215
loss: 0.3085, acc: 0.9097, test_acc: 0.7421, f1: 0.7122
loss: 0.1611, acc: 0.9125, test_acc: 0.7373, f1: 0.7052
loss: 0.3423, acc: 0.9034, test_acc: 0.7278, f1: 0.6926
loss: 0.4633, acc: 0.9010, test_acc: 0.7358, f1: 0.6975
loss: 0.2750, acc: 0.8990, test_acc: 0.7358, f1: 0.6970
loss: 0.1696, acc: 0.8973, test_acc: 0.7294, f1: 0.6843
loss: 0.2265, acc: 0.9000, test_acc: 0.7231, f1: 0.6713
loss: 0.2613, acc: 0.8984, test_acc: 0.7215, f1: 0.6696
loss: 0.3216, acc: 0.9007, test_acc: 0.7342, f1: 0.6885
loss: 0.1645, acc: 0.9028, test_acc: 0.7389, f1: 0.6931
loss: 0.1504, acc: 0.9079, test_acc: 0.7453, f1: 0.7083
loss: 0.1821, acc: 0.9094, test_acc: 0.7453, f1: 0.7081
loss: 0.4233, acc: 0.9048, test_acc: 0.7405, f1: 0.6985
loss: 0.3425, acc: 0.9006, test_acc: 0.7405, f1: 0.6975
loss: 0.2431, acc: 0.9022, test_acc: 0.7358, f1: 0.6958
loss: 0.7304, acc: 0.8958, test_acc: 0.7326, f1: 0.6930
loss: 0.1112, acc: 0.8975, test_acc: 0.7389, f1: 0.7021
loss: 0.2246, acc: 0.8966, test_acc: 0.7326, f1: 0.6934
loss: 0.0661, acc: 0.9005, test_acc: 0.7199, f1: 0.6686
loss: 0.1754, acc: 0.8996, test_acc: 0.7199, f1: 0.6676
loss: 0.1051, acc: 0.9009, test_acc: 0.7184, f1: 0.6682
>>>>>>>>>>>>>>>>>>>>>>>>>>>>>>>>>>>>>>>>>>>>>>>>>>>>>>>>>>>>
epoch: 48
loss: 0.2881, acc: 0.9375, test_acc: 0.7310, f1: 0.6913
loss: 0.2709, acc: 0.9062, test_acc: 0.7405, f1: 0.7049
loss: 0.1617, acc: 0.9167, test_acc: 0.7437, f1: 0.7075
loss: 0.1129, acc: 0.9375, test_acc: 0.7373, f1: 0.6985
loss: 0.0752, acc: 0.9375, test_acc: 0.7342, f1: 0.6901
loss: 0.3111, acc: 0.9167, test_acc: 0.7358, f1: 0.6901
loss: 0.0658, acc: 0.9286, test_acc: 0.7326, f1: 0.6905
loss: 0.1309, acc: 0.9375, test_acc: 0.7389, f1: 0.7015
loss: 0.9769, acc: 0.9236, test_acc: 0.7326, f1: 0.6960
loss: 0.0987, acc: 0.9250, test_acc: 0.7358, f1: 0.6966
loss: 0.1276, acc: 0.9261, test_acc: 0.7358, f1: 0.6958
loss: 0.5193, acc: 0.9167, test_acc: 0.7342, f1: 0.6926
loss: 0.1607, acc: 0.9135, test_acc: 0.7326, f1: 0.6938
loss: 0.2614, acc: 0.9107, test_acc: 0.7278, f1: 0.6867
loss: 0.3322, acc: 0.9083, test_acc: 0.7310, f1: 0.6900
loss: 0.2383, acc: 0.9062, test_acc: 0.7294, f1: 0.6858
loss: 0.2968, acc: 0.9081, test_acc: 0.7215, f1: 0.6722
loss: 0.0396, acc: 0.9132, test_acc: 0.7358, f1: 0.6939
loss: 0.0989, acc: 0.9178, test_acc: 0.7358, f1: 0.6997
loss: 0.2146, acc: 0.9187, test_acc: 0.7342, f1: 0.7004
loss: 0.1723, acc: 0.9226, test_acc: 0.7342, f1: 0.6983
loss: 0.1422, acc: 0.9233, test_acc: 0.7294, f1: 0.6878
loss: 0.0924, acc: 0.9239, test_acc: 0.7326, f1: 0.6844
loss: 0.0748, acc: 0.9245, test_acc: 0.7231, f1: 0.6666
loss: 0.4034, acc: 0.9200, test_acc: 0.7310, f1: 0.6814
loss: 0.0615, acc: 0.9231, test_acc: 0.7358, f1: 0.6947
loss: 0.2825, acc: 0.9190, test_acc: 0.7389, f1: 0.6991
loss: 0.0724, acc: 0.9219, test_acc: 0.7453, f1: 0.7053
>>>>>>>>>>>>>>>>>>>>>>>>>>>>>>>>>>>>>>>>>>>>>>>>>>>>>>>>>>>>
epoch: 49
loss: 0.0829, acc: 0.9375, test_acc: 0.7326, f1: 0.6920
loss: 0.1073, acc: 0.9375, test_acc: 0.7500, f1: 0.7175
loss: 0.3923, acc: 0.8750, test_acc: 0.7468, f1: 0.7157
loss: 0.2755, acc: 0.8750, test_acc: 0.7453, f1: 0.7128
loss: 0.3205, acc: 0.8750, test_acc: 0.7484, f1: 0.7130
loss: 0.3105, acc: 0.8750, test_acc: 0.7468, f1: 0.7114
loss: 0.0695, acc: 0.8929, test_acc: 0.7437, f1: 0.7077
loss: 0.1699, acc: 0.8984, test_acc: 0.7405, f1: 0.7018
loss: 0.1470, acc: 0.9028, test_acc: 0.7373, f1: 0.6958
loss: 0.2335, acc: 0.9000, test_acc: 0.7389, f1: 0.6991
loss: 0.2045, acc: 0.9034, test_acc: 0.7484, f1: 0.7117
loss: 0.0917, acc: 0.9115, test_acc: 0.7358, f1: 0.6928
loss: 0.1863, acc: 0.9135, test_acc: 0.7437, f1: 0.7036
loss: 0.2414, acc: 0.9107, test_acc: 0.7437, f1: 0.7030
loss: 0.0707, acc: 0.9167, test_acc: 0.7437, f1: 0.7045
loss: 0.1313, acc: 0.9180, test_acc: 0.7421, f1: 0.7019
loss: 0.0718, acc: 0.9191, test_acc: 0.7373, f1: 0.6935
loss: 0.6579, acc: 0.9097, test_acc: 0.7342, f1: 0.6899
loss: 0.0381, acc: 0.9145, test_acc: 0.7326, f1: 0.6832
loss: 0.0338, acc: 0.9187, test_acc: 0.7278, f1: 0.6756
loss: 0.1652, acc: 0.9196, test_acc: 0.7358, f1: 0.6865
loss: 0.1609, acc: 0.9205, test_acc: 0.7358, f1: 0.6869
loss: 0.3606, acc: 0.9212, test_acc: 0.7373, f1: 0.6985
loss: 0.2448, acc: 0.9193, test_acc: 0.7421, f1: 0.7072
loss: 0.1266, acc: 0.9225, test_acc: 0.7373, f1: 0.6999
loss: 0.2347, acc: 0.9207, test_acc: 0.7405, f1: 0.6930
loss: 0.2664, acc: 0.9213, test_acc: 0.7278, f1: 0.6646
loss: 0.2824, acc: 0.9174, test_acc: 0.7421, f1: 0.6928
loss: 0.1178, acc: 0.9181, test_acc: 0.7358, f1: 0.6948
>>>>>>>>>>>>>>>>>>>>>>>>>>>>>>>>>>>>>>>>>>>>>>>>>>>>>>>>>>>>
epoch: 50
loss: 0.2689, acc: 0.8750, test_acc: 0.7437, f1: 0.7091
loss: 0.1399, acc: 0.9062, test_acc: 0.7358, f1: 0.7025
loss: 0.0656, acc: 0.9375, test_acc: 0.7468, f1: 0.7129
loss: 0.0855, acc: 0.9531, test_acc: 0.7453, f1: 0.7089
loss: 0.4353, acc: 0.9250, test_acc: 0.7358, f1: 0.6953
loss: 0.1610, acc: 0.9271, test_acc: 0.7437, f1: 0.7078
loss: 0.4124, acc: 0.9107, test_acc: 0.7437, f1: 0.7097
loss: 0.2975, acc: 0.9062, test_acc: 0.7373, f1: 0.6998
loss: 0.3260, acc: 0.9028, test_acc: 0.7326, f1: 0.6918
loss: 0.3649, acc: 0.9062, test_acc: 0.7389, f1: 0.6996
loss: 0.0626, acc: 0.9148, test_acc: 0.7342, f1: 0.6947
loss: 0.1094, acc: 0.9167, test_acc: 0.7437, f1: 0.7037
loss: 0.1315, acc: 0.9183, test_acc: 0.7437, f1: 0.7007
loss: 0.0959, acc: 0.9241, test_acc: 0.7421, f1: 0.6988
loss: 0.2533, acc: 0.9208, test_acc: 0.7421, f1: 0.7008
loss: 0.8057, acc: 0.9062, test_acc: 0.7373, f1: 0.6986
loss: 0.2405, acc: 0.9007, test_acc: 0.7468, f1: 0.7136
loss: 0.1722, acc: 0.9062, test_acc: 0.7516, f1: 0.7197
loss: 0.2413, acc: 0.9013, test_acc: 0.7468, f1: 0.7152
loss: 0.6139, acc: 0.8969, test_acc: 0.7437, f1: 0.7088
loss: 0.3193, acc: 0.8958, test_acc: 0.7547, f1: 0.7236
loss: 0.2994, acc: 0.8920, test_acc: 0.7484, f1: 0.7153
loss: 0.2710, acc: 0.8940, test_acc: 0.7453, f1: 0.7094
loss: 0.3135, acc: 0.8932, test_acc: 0.7453, f1: 0.7027
loss: 0.1980, acc: 0.8925, test_acc: 0.7453, f1: 0.6937
loss: 0.4505, acc: 0.8918, test_acc: 0.7326, f1: 0.6758
loss: 0.2632, acc: 0.8866, test_acc: 0.7563, f1: 0.7147
loss: 0.3756, acc: 0.8839, test_acc: 0.7579, f1: 0.7228
loss: 0.1260, acc: 0.8843, test_acc: 0.7611, f1: 0.7275
max_test_acc: 0.7848101265822784, max_f1: 0.7531863465621428
>> saved: ./log/state_dict/gcn_laptop_acc_0.7848_f1_0.7532
############################################################
max_train_acc_overall:0.7848101265822784
max_f1_overall:0.7531863465621428
Precision, Recall and F1-Score...
              precision    recall  f1-score   support

           0     0.9042    0.8398    0.8708       337
           1     0.6279    0.8438    0.7200       128
           2     0.7143    0.6287    0.6688       167

    accuracy                         0.7848       632
   macro avg     0.7488    0.7708    0.7532       632
weighted avg     0.7980    0.7848    0.7869       632

Confusion Matrix...
[[283  23  31]
 [  9 108  11]
 [ 21  41 105]]
